==============================================================
Vivado(TM) HLS - High-Level Synthesis from C, C++ and SystemC v2020.1 (64-bit)
Copyright 1986-2020 Xilinx, Inc. All Rights Reserved.
==============================================================
INFO: [SYN 201-201] Setting up clock 'clk' with a period of 16ns.
INFO: [SYN 201-201] Setting up clock 'clk' with an uncertainty of 0.1ns.
INFO: [SCHED 204-61] Option 'relax_ii_for_timing' is enabled, will increase II to preserve clock frequency constraints.
INFO: [HLS 200-10] Analyzing design file './source/lab2_1.c' ... 
INFO: [HLS 200-111] Finished Linking Time (s): cpu = 00:03:43 ; elapsed = 00:04:07 . Memory (MB): peak = 1504.332 ; gain = 1099.754 ; free physical = 1055 ; free virtual = 7077
INFO: [HLS 200-111] Finished Checking Pragmas Time (s): cpu = 00:03:43 ; elapsed = 00:04:07 . Memory (MB): peak = 1504.332 ; gain = 1099.754 ; free physical = 1055 ; free virtual = 7077
INFO: [HLS 200-10] Starting code transformations ...
INFO: [HLS 200-111] Finished Standard Transforms Time (s): cpu = 00:03:44 ; elapsed = 00:04:08 . Memory (MB): peak = 1504.332 ; gain = 1099.754 ; free physical = 1052 ; free virtual = 7075
INFO: [HLS 200-10] Checking synthesizability ...
INFO: [HLS 200-111] Finished Checking Synthesizability Time (s): cpu = 00:03:44 ; elapsed = 00:04:08 . Memory (MB): peak = 1504.332 ; gain = 1099.754 ; free physical = 1052 ; free virtual = 7075
INFO: [HLS 200-111] Finished Pre-synthesis Time (s): cpu = 00:03:44 ; elapsed = 00:04:08 . Memory (MB): peak = 1504.332 ; gain = 1099.754 ; free physical = 1052 ; free virtual = 7075
INFO: [HLS 200-111] Finished Architecture Synthesis Time (s): cpu = 00:03:44 ; elapsed = 00:04:09 . Memory (MB): peak = 1504.332 ; gain = 1099.754 ; free physical = 1051 ; free virtual = 7075
INFO: [HLS 200-10] Starting hardware synthesis ...
INFO: [HLS 200-10] Synthesizing 'find_max' ...
INFO: [HLS 200-10] ----------------------------------------------------------------
INFO: [HLS 200-42] -- Implementing module 'find_max' 
INFO: [HLS 200-10] ----------------------------------------------------------------
INFO: [SCHED 204-11] Starting scheduling ...
INFO: [SCHED 204-11] Finished scheduling.
INFO: [HLS 200-111]  Elapsed time: 56.05 seconds; current allocated memory: 104.839 MB.
INFO: [BIND 205-100] Starting micro-architecture generation ...
INFO: [BIND 205-101] Performing variable lifetime analysis.
INFO: [BIND 205-101] Exploring resource sharing.
INFO: [BIND 205-101] Binding ...
INFO: [BIND 205-100] Finished micro-architecture generation.
INFO: [HLS 200-111]  Elapsed time: 0.04 seconds; current allocated memory: 104.924 MB.
INFO: [HLS 200-10] ----------------------------------------------------------------
INFO: [HLS 200-10] -- Generating RTL for module 'find_max' 
INFO: [HLS 200-10] ----------------------------------------------------------------
INFO: [RTGEN 206-500] Setting interface mode on port 'find_max/a_in' to 'ap_memory'.
INFO: [RTGEN 206-500] Setting interface mode on function 'find_max' to 'ap_ctrl_hs'.
INFO: [RTGEN 206-100] Finished creating RTL model for 'find_max'.
INFO: [HLS 200-111]  Elapsed time: 0.02 seconds; current allocated memory: 105.096 MB.
INFO: [HLS 200-790] **** Loop Constraint Status: All loop constraints were satisfied.
INFO: [HLS 200-789] **** Estimated Fmax: 214.22 MHz
INFO: [HLS 200-111] Finished generating all RTL models Time (s): cpu = 00:03:45 ; elapsed = 00:04:09 . Memory (MB): peak = 1504.332 ; gain = 1099.754 ; free physical = 1052 ; free virtual = 7077
INFO: [VHDL 208-304] Generating VHDL RTL for find_max.
INFO: [VLOG 209-307] Generating Verilog RTL for find_max.
INFO: [COSIM 212-47] Using XSIM for RTL simulation.
INFO: [COSIM 212-14] Instrumenting C test bench ...
INFO: [COSIM 212-302] Starting C TB testing ... 
INFO: [COSIM 212-333] Generating C post check test bench ...
INFO: [COSIM 212-12] Generating RTL test bench ...
INFO: [COSIM 212-1] *** C/RTL co-simulation file generation completed. ***
INFO: [COSIM 212-323] Starting verilog simulation. 
INFO: [COSIM 212-15] Starting XSIM ...
INFO: [COSIM 212-316] Starting C post checking ...
INFO: [COSIM 212-1000] *** C/RTL co-simulation finished: PASS ***
INFO: [HLS 200-10] Creating and opening solution '/home/sokrat/project/learn/Hybridsystem/homework/hw2/lab2_z1/lab2_1_prj/ex_sol6'.
INFO: [HLS 200-10] Cleaning up the solution database.
==============================================================
Vivado(TM) HLS - High-Level Synthesis from C, C++ and SystemC v2020.1 (64-bit)
Copyright 1986-2020 Xilinx, Inc. All Rights Reserved.
==============================================================
INFO: [SYN 201-201] Setting up clock 'clk' with a period of 16ns.
INFO: [SYN 201-201] Setting up clock 'clk' with an uncertainty of 0.1ns.
INFO: [SCHED 204-61] Option 'relax_ii_for_timing' is enabled, will increase II to preserve clock frequency constraints.
INFO: [HLS 200-10] Analyzing design file './source/lab2_1.c' ... 
INFO: [HLS 200-111] Finished Linking Time (s): cpu = 00:03:36 ; elapsed = 00:03:57 . Memory (MB): peak = 1504.332 ; gain = 1099.754 ; free physical = 1936 ; free virtual = 7481
INFO: [HLS 200-111] Finished Checking Pragmas Time (s): cpu = 00:03:36 ; elapsed = 00:03:57 . Memory (MB): peak = 1504.332 ; gain = 1099.754 ; free physical = 1936 ; free virtual = 7481
INFO: [HLS 200-10] Starting code transformations ...
INFO: [HLS 200-111] Finished Standard Transforms Time (s): cpu = 00:03:37 ; elapsed = 00:03:58 . Memory (MB): peak = 1504.332 ; gain = 1099.754 ; free physical = 1934 ; free virtual = 7480
INFO: [HLS 200-10] Checking synthesizability ...
INFO: [HLS 200-111] Finished Checking Synthesizability Time (s): cpu = 00:03:37 ; elapsed = 00:03:58 . Memory (MB): peak = 1504.332 ; gain = 1099.754 ; free physical = 1934 ; free virtual = 7480
INFO: [HLS 200-111] Finished Pre-synthesis Time (s): cpu = 00:03:37 ; elapsed = 00:03:58 . Memory (MB): peak = 1504.332 ; gain = 1099.754 ; free physical = 1934 ; free virtual = 7481
INFO: [HLS 200-111] Finished Architecture Synthesis Time (s): cpu = 00:03:37 ; elapsed = 00:03:58 . Memory (MB): peak = 1504.332 ; gain = 1099.754 ; free physical = 1933 ; free virtual = 7481
INFO: [HLS 200-10] Starting hardware synthesis ...
INFO: [HLS 200-10] Synthesizing 'find_max' ...
INFO: [HLS 200-10] ----------------------------------------------------------------
INFO: [HLS 200-42] -- Implementing module 'find_max' 
INFO: [HLS 200-10] ----------------------------------------------------------------
INFO: [SCHED 204-11] Starting scheduling ...
INFO: [SCHED 204-11] Finished scheduling.
INFO: [HLS 200-111]  Elapsed time: 52.09 seconds; current allocated memory: 105.031 MB.
INFO: [BIND 205-100] Starting micro-architecture generation ...
INFO: [BIND 205-101] Performing variable lifetime analysis.
INFO: [BIND 205-101] Exploring resource sharing.
INFO: [BIND 205-101] Binding ...
INFO: [BIND 205-100] Finished micro-architecture generation.
INFO: [HLS 200-111]  Elapsed time: 0.02 seconds; current allocated memory: 105.116 MB.
INFO: [HLS 200-10] ----------------------------------------------------------------
INFO: [HLS 200-10] -- Generating RTL for module 'find_max' 
INFO: [HLS 200-10] ----------------------------------------------------------------
INFO: [RTGEN 206-500] Setting interface mode on port 'find_max/a_in' to 'ap_memory'.
INFO: [RTGEN 206-500] Setting interface mode on function 'find_max' to 'ap_ctrl_hs'.
INFO: [RTGEN 206-100] Finished creating RTL model for 'find_max'.
INFO: [HLS 200-111]  Elapsed time: 0.02 seconds; current allocated memory: 105.287 MB.
INFO: [HLS 200-790] **** Loop Constraint Status: All loop constraints were satisfied.
INFO: [HLS 200-789] **** Estimated Fmax: 154.06 MHz
INFO: [HLS 200-111] Finished generating all RTL models Time (s): cpu = 00:03:38 ; elapsed = 00:03:59 . Memory (MB): peak = 1504.332 ; gain = 1099.754 ; free physical = 1933 ; free virtual = 7481
INFO: [VHDL 208-304] Generating VHDL RTL for find_max.
INFO: [VLOG 209-307] Generating Verilog RTL for find_max.
INFO: [COSIM 212-47] Using XSIM for RTL simulation.
INFO: [COSIM 212-14] Instrumenting C test bench ...
INFO: [COSIM 212-302] Starting C TB testing ... 
INFO: [COSIM 212-333] Generating C post check test bench ...
INFO: [COSIM 212-12] Generating RTL test bench ...
INFO: [COSIM 212-1] *** C/RTL co-simulation file generation completed. ***
INFO: [COSIM 212-323] Starting verilog simulation. 
INFO: [COSIM 212-15] Starting XSIM ...
INFO: [COSIM 212-316] Starting C post checking ...
INFO: [COSIM 212-1000] *** C/RTL co-simulation finished: PASS ***
INFO: [HLS 200-10] Opening and resetting solution '/home/sokrat/project/learn/Hybridsystem/homework/hw2/lab2_z1/lab2_1_prj/ex_sol6'.
INFO: [HLS 200-10] Cleaning up the solution database.
==============================================================
Vivado(TM) HLS - High-Level Synthesis from C, C++ and SystemC v2020.1 (64-bit)
Copyright 1986-2020 Xilinx, Inc. All Rights Reserved.
==============================================================
INFO: [SYN 201-201] Setting up clock 'clk' with a period of 16ns.
INFO: [SYN 201-201] Setting up clock 'clk' with an uncertainty of 0.1ns.
INFO: [SCHED 204-61] Option 'relax_ii_for_timing' is enabled, will increase II to preserve clock frequency constraints.
INFO: [HLS 200-10] Analyzing design file './source/lab2_1.c' ... 
INFO: [HLS 200-111] Finished Linking Time (s): cpu = 00:03:36 ; elapsed = 00:04:00 . Memory (MB): peak = 1504.332 ; gain = 1099.754 ; free physical = 1889 ; free virtual = 7480
INFO: [HLS 200-111] Finished Checking Pragmas Time (s): cpu = 00:03:36 ; elapsed = 00:04:00 . Memory (MB): peak = 1504.332 ; gain = 1099.754 ; free physical = 1889 ; free virtual = 7480
INFO: [HLS 200-10] Starting code transformations ...
INFO: [HLS 200-111] Finished Standard Transforms Time (s): cpu = 00:03:37 ; elapsed = 00:04:01 . Memory (MB): peak = 1504.332 ; gain = 1099.754 ; free physical = 1887 ; free virtual = 7480
INFO: [HLS 200-10] Checking synthesizability ...
INFO: [HLS 200-111] Finished Checking Synthesizability Time (s): cpu = 00:03:37 ; elapsed = 00:04:01 . Memory (MB): peak = 1504.332 ; gain = 1099.754 ; free physical = 1887 ; free virtual = 7480
INFO: [HLS 200-111] Finished Pre-synthesis Time (s): cpu = 00:03:37 ; elapsed = 00:04:01 . Memory (MB): peak = 1504.332 ; gain = 1099.754 ; free physical = 1887 ; free virtual = 7480
INFO: [HLS 200-111] Finished Architecture Synthesis Time (s): cpu = 00:03:37 ; elapsed = 00:04:01 . Memory (MB): peak = 1504.332 ; gain = 1099.754 ; free physical = 1886 ; free virtual = 7479
INFO: [HLS 200-10] Starting hardware synthesis ...
INFO: [HLS 200-10] Synthesizing 'find_max' ...
INFO: [HLS 200-10] ----------------------------------------------------------------
INFO: [HLS 200-42] -- Implementing module 'find_max' 
INFO: [HLS 200-10] ----------------------------------------------------------------
INFO: [SCHED 204-11] Starting scheduling ...
INFO: [SCHED 204-11] Finished scheduling.
INFO: [HLS 200-111]  Elapsed time: 55.35 seconds; current allocated memory: 105.035 MB.
INFO: [BIND 205-100] Starting micro-architecture generation ...
INFO: [BIND 205-101] Performing variable lifetime analysis.
INFO: [BIND 205-101] Exploring resource sharing.
INFO: [BIND 205-101] Binding ...
INFO: [BIND 205-100] Finished micro-architecture generation.
INFO: [HLS 200-111]  Elapsed time: 0.01 seconds; current allocated memory: 105.120 MB.
INFO: [HLS 200-10] ----------------------------------------------------------------
INFO: [HLS 200-10] -- Generating RTL for module 'find_max' 
INFO: [HLS 200-10] ----------------------------------------------------------------
INFO: [RTGEN 206-500] Setting interface mode on port 'find_max/a_in' to 'ap_memory'.
INFO: [RTGEN 206-500] Setting interface mode on function 'find_max' to 'ap_ctrl_hs'.
INFO: [RTGEN 206-100] Finished creating RTL model for 'find_max'.
INFO: [HLS 200-111]  Elapsed time: 0.02 seconds; current allocated memory: 105.292 MB.
INFO: [HLS 200-790] **** Loop Constraint Status: All loop constraints were satisfied.
INFO: [HLS 200-789] **** Estimated Fmax: 141.20 MHz
INFO: [HLS 200-111] Finished generating all RTL models Time (s): cpu = 00:03:38 ; elapsed = 00:04:02 . Memory (MB): peak = 1504.332 ; gain = 1099.754 ; free physical = 1886 ; free virtual = 7480
INFO: [VHDL 208-304] Generating VHDL RTL for find_max.
INFO: [VLOG 209-307] Generating Verilog RTL for find_max.
INFO: [COSIM 212-47] Using XSIM for RTL simulation.
INFO: [COSIM 212-14] Instrumenting C test bench ...
INFO: [COSIM 212-302] Starting C TB testing ... 
INFO: [COSIM 212-333] Generating C post check test bench ...
INFO: [COSIM 212-12] Generating RTL test bench ...
INFO: [COSIM 212-1] *** C/RTL co-simulation file generation completed. ***
INFO: [COSIM 212-323] Starting verilog simulation. 
INFO: [COSIM 212-15] Starting XSIM ...
INFO: [COSIM 212-316] Starting C post checking ...
INFO: [COSIM 212-1000] *** C/RTL co-simulation finished: PASS ***
INFO: [HLS 200-10] Opening and resetting solution '/home/sokrat/project/learn/Hybridsystem/homework/hw2/lab2_z1/lab2_1_prj/ex_sol6'.
INFO: [HLS 200-10] Cleaning up the solution database.
==============================================================
Vivado(TM) HLS - High-Level Synthesis from C, C++ and SystemC v2020.1 (64-bit)
Copyright 1986-2020 Xilinx, Inc. All Rights Reserved.
==============================================================
INFO: [SYN 201-201] Setting up clock 'clk' with a period of 16ns.
INFO: [SYN 201-201] Setting up clock 'clk' with an uncertainty of 0.1ns.
INFO: [SCHED 204-61] Option 'relax_ii_for_timing' is enabled, will increase II to preserve clock frequency constraints.
INFO: [HLS 200-10] Analyzing design file './source/lab2_1.c' ... 
INFO: [HLS 200-111] Finished Linking Time (s): cpu = 00:03:37 ; elapsed = 00:03:59 . Memory (MB): peak = 1504.332 ; gain = 1099.754 ; free physical = 1429 ; free virtual = 7534
INFO: [HLS 200-111] Finished Checking Pragmas Time (s): cpu = 00:03:37 ; elapsed = 00:03:59 . Memory (MB): peak = 1504.332 ; gain = 1099.754 ; free physical = 1429 ; free virtual = 7534
INFO: [HLS 200-10] Starting code transformations ...
INFO: [HLS 200-111] Finished Standard Transforms Time (s): cpu = 00:03:38 ; elapsed = 00:04:00 . Memory (MB): peak = 1504.332 ; gain = 1099.754 ; free physical = 1427 ; free virtual = 7534
INFO: [HLS 200-10] Checking synthesizability ...
INFO: [HLS 200-111] Finished Checking Synthesizability Time (s): cpu = 00:03:38 ; elapsed = 00:04:00 . Memory (MB): peak = 1504.332 ; gain = 1099.754 ; free physical = 1427 ; free virtual = 7534
INFO: [HLS 200-111] Finished Pre-synthesis Time (s): cpu = 00:03:38 ; elapsed = 00:04:00 . Memory (MB): peak = 1504.332 ; gain = 1099.754 ; free physical = 1428 ; free virtual = 7534
INFO: [HLS 200-111] Finished Architecture Synthesis Time (s): cpu = 00:03:38 ; elapsed = 00:04:00 . Memory (MB): peak = 1504.332 ; gain = 1099.754 ; free physical = 1426 ; free virtual = 7534
INFO: [HLS 200-10] Starting hardware synthesis ...
INFO: [HLS 200-10] Synthesizing 'find_max' ...
INFO: [HLS 200-10] ----------------------------------------------------------------
INFO: [HLS 200-42] -- Implementing module 'find_max' 
INFO: [HLS 200-10] ----------------------------------------------------------------
INFO: [SCHED 204-11] Starting scheduling ...
INFO: [SCHED 204-11] Finished scheduling.
INFO: [HLS 200-111]  Elapsed time: 53.16 seconds; current allocated memory: 104.955 MB.
INFO: [BIND 205-100] Starting micro-architecture generation ...
INFO: [BIND 205-101] Performing variable lifetime analysis.
INFO: [BIND 205-101] Exploring resource sharing.
INFO: [BIND 205-101] Binding ...
INFO: [BIND 205-100] Finished micro-architecture generation.
INFO: [HLS 200-111]  Elapsed time: 0.02 seconds; current allocated memory: 105.039 MB.
INFO: [HLS 200-10] ----------------------------------------------------------------
INFO: [HLS 200-10] -- Generating RTL for module 'find_max' 
INFO: [HLS 200-10] ----------------------------------------------------------------
INFO: [RTGEN 206-500] Setting interface mode on port 'find_max/a_in' to 'ap_memory'.
INFO: [RTGEN 206-500] Setting interface mode on function 'find_max' to 'ap_ctrl_hs'.
INFO: [RTGEN 206-100] Finished creating RTL model for 'find_max'.
INFO: [HLS 200-111]  Elapsed time: 0.02 seconds; current allocated memory: 105.179 MB.
INFO: [HLS 200-790] **** Loop Constraint Status: All loop constraints were satisfied.
INFO: [HLS 200-789] **** Estimated Fmax: 141.20 MHz
INFO: [HLS 200-111] Finished generating all RTL models Time (s): cpu = 00:03:39 ; elapsed = 00:04:01 . Memory (MB): peak = 1504.332 ; gain = 1099.754 ; free physical = 1426 ; free virtual = 7535
INFO: [VHDL 208-304] Generating VHDL RTL for find_max.
INFO: [VLOG 209-307] Generating Verilog RTL for find_max.
INFO: [COSIM 212-47] Using XSIM for RTL simulation.
INFO: [COSIM 212-14] Instrumenting C test bench ...
INFO: [COSIM 212-302] Starting C TB testing ... 
INFO: [COSIM 212-333] Generating C post check test bench ...
INFO: [COSIM 212-12] Generating RTL test bench ...
INFO: [COSIM 212-1] *** C/RTL co-simulation file generation completed. ***
INFO: [COSIM 212-323] Starting verilog simulation. 
INFO: [COSIM 212-15] Starting XSIM ...
INFO: [COSIM 212-316] Starting C post checking ...
INFO: [COSIM 212-1000] *** C/RTL co-simulation finished: PASS ***
INFO: [HLS 200-10] Opening and resetting solution '/home/sokrat/project/learn/Hybridsystem/homework/hw2/lab2_z1/lab2_1_prj/ex_sol6'.
INFO: [HLS 200-10] Cleaning up the solution database.
==============================================================
Vivado(TM) HLS - High-Level Synthesis from C, C++ and SystemC v2020.1 (64-bit)
Copyright 1986-2020 Xilinx, Inc. All Rights Reserved.
==============================================================
INFO: [SYN 201-201] Setting up clock 'clk' with a period of 16ns.
INFO: [SYN 201-201] Setting up clock 'clk' with an uncertainty of 0.1ns.
INFO: [SCHED 204-61] Option 'relax_ii_for_timing' is enabled, will increase II to preserve clock frequency constraints.
INFO: [HLS 200-10] Analyzing design file './source/lab2_1.c' ... 
INFO: [HLS 200-111] Finished Linking Time (s): cpu = 00:04:23 ; elapsed = 00:04:49 . Memory (MB): peak = 1504.332 ; gain = 1099.754 ; free physical = 1622 ; free virtual = 7150
INFO: [HLS 200-111] Finished Checking Pragmas Time (s): cpu = 00:04:23 ; elapsed = 00:04:49 . Memory (MB): peak = 1504.332 ; gain = 1099.754 ; free physical = 1622 ; free virtual = 7150
INFO: [HLS 200-10] Starting code transformations ...
INFO: [HLS 200-111] Finished Standard Transforms Time (s): cpu = 00:04:24 ; elapsed = 00:04:50 . Memory (MB): peak = 1504.332 ; gain = 1099.754 ; free physical = 1621 ; free virtual = 7150
INFO: [HLS 200-10] Checking synthesizability ...
INFO: [HLS 200-111] Finished Checking Synthesizability Time (s): cpu = 00:04:24 ; elapsed = 00:04:50 . Memory (MB): peak = 1504.332 ; gain = 1099.754 ; free physical = 1621 ; free virtual = 7150
INFO: [HLS 200-111] Finished Pre-synthesis Time (s): cpu = 00:04:24 ; elapsed = 00:04:50 . Memory (MB): peak = 1504.332 ; gain = 1099.754 ; free physical = 1621 ; free virtual = 7150
INFO: [HLS 200-111] Finished Architecture Synthesis Time (s): cpu = 00:04:24 ; elapsed = 00:04:50 . Memory (MB): peak = 1504.332 ; gain = 1099.754 ; free physical = 1619 ; free virtual = 7150
INFO: [HLS 200-10] Starting hardware synthesis ...
INFO: [HLS 200-10] Synthesizing 'find_max' ...
INFO: [HLS 200-10] ----------------------------------------------------------------
INFO: [HLS 200-42] -- Implementing module 'find_max' 
INFO: [HLS 200-10] ----------------------------------------------------------------
INFO: [SCHED 204-11] Starting scheduling ...
INFO: [SCHED 204-11] Finished scheduling.
INFO: [HLS 200-111]  Elapsed time: 52.53 seconds; current allocated memory: 105.929 MB.
INFO: [BIND 205-100] Starting micro-architecture generation ...
INFO: [BIND 205-101] Performing variable lifetime analysis.
INFO: [BIND 205-101] Exploring resource sharing.
INFO: [BIND 205-101] Binding ...
INFO: [BIND 205-100] Finished micro-architecture generation.
INFO: [HLS 200-111]  Elapsed time: 0.02 seconds; current allocated memory: 106.013 MB.
INFO: [HLS 200-10] ----------------------------------------------------------------
INFO: [HLS 200-10] -- Generating RTL for module 'find_max' 
INFO: [HLS 200-10] ----------------------------------------------------------------
INFO: [RTGEN 206-500] Setting interface mode on port 'find_max/a_in' to 'ap_memory'.
INFO: [RTGEN 206-500] Setting interface mode on function 'find_max' to 'ap_ctrl_hs'.
INFO: [RTGEN 206-100] Finished creating RTL model for 'find_max'.
INFO: [HLS 200-111]  Elapsed time: 0.03 seconds; current allocated memory: 106.155 MB.
INFO: [HLS 200-790] **** Loop Constraint Status: All loop constraints were satisfied.
INFO: [HLS 200-789] **** Estimated Fmax: 154.06 MHz
INFO: [HLS 200-111] Finished generating all RTL models Time (s): cpu = 00:04:25 ; elapsed = 00:04:50 . Memory (MB): peak = 1504.332 ; gain = 1099.754 ; free physical = 1619 ; free virtual = 7151
INFO: [VHDL 208-304] Generating VHDL RTL for find_max.
INFO: [VLOG 209-307] Generating Verilog RTL for find_max.
INFO: [COSIM 212-47] Using XSIM for RTL simulation.
INFO: [COSIM 212-14] Instrumenting C test bench ...
INFO: [COSIM 212-302] Starting C TB testing ... 
INFO: [COSIM 212-333] Generating C post check test bench ...
INFO: [COSIM 212-12] Generating RTL test bench ...
INFO: [COSIM 212-1] *** C/RTL co-simulation file generation completed. ***
INFO: [COSIM 212-323] Starting verilog simulation. 
INFO: [COSIM 212-15] Starting XSIM ...
INFO: [COSIM 212-316] Starting C post checking ...
INFO: [COSIM 212-1000] *** C/RTL co-simulation finished: PASS ***
INFO: [HLS 200-10] Opening and resetting solution '/home/sokrat/project/learn/Hybridsystem/homework/hw2/lab2_z1/lab2_1_prj/ex_sol6'.
INFO: [HLS 200-10] Cleaning up the solution database.
