==============================================================
Vivado(TM) HLS - High-Level Synthesis from C, C++ and SystemC v2020.1 (64-bit)
Copyright 1986-2020 Xilinx, Inc. All Rights Reserved.
==============================================================
INFO: [SYN 201-201] Setting up clock 'clk' with a period of 12ns.
INFO: [SYN 201-201] Setting up clock 'clk' with an uncertainty of 0.1ns.
INFO: [SCHED 204-61] Option 'relax_ii_for_timing' is enabled, will increase II to preserve clock frequency constraints.
INFO: [HLS 200-10] Analyzing design file './source/lab2_1.c' ... 
INFO: [HLS 200-111] Finished Linking Time (s): cpu = 00:02:03 ; elapsed = 00:02:16 . Memory (MB): peak = 1504.332 ; gain = 1099.754 ; free physical = 1140 ; free virtual = 7142
INFO: [HLS 200-111] Finished Checking Pragmas Time (s): cpu = 00:02:03 ; elapsed = 00:02:16 . Memory (MB): peak = 1504.332 ; gain = 1099.754 ; free physical = 1140 ; free virtual = 7142
INFO: [HLS 200-10] Starting code transformations ...
INFO: [HLS 200-111] Finished Standard Transforms Time (s): cpu = 00:02:04 ; elapsed = 00:02:17 . Memory (MB): peak = 1504.332 ; gain = 1099.754 ; free physical = 1111 ; free virtual = 7142
INFO: [HLS 200-10] Checking synthesizability ...
INFO: [HLS 200-111] Finished Checking Synthesizability Time (s): cpu = 00:02:04 ; elapsed = 00:02:17 . Memory (MB): peak = 1504.332 ; gain = 1099.754 ; free physical = 1111 ; free virtual = 7142
INFO: [HLS 200-111] Finished Pre-synthesis Time (s): cpu = 00:02:04 ; elapsed = 00:02:17 . Memory (MB): peak = 1504.332 ; gain = 1099.754 ; free physical = 1111 ; free virtual = 7142
INFO: [HLS 200-111] Finished Architecture Synthesis Time (s): cpu = 00:02:04 ; elapsed = 00:02:17 . Memory (MB): peak = 1504.332 ; gain = 1099.754 ; free physical = 1111 ; free virtual = 7142
INFO: [HLS 200-10] Starting hardware synthesis ...
INFO: [HLS 200-10] Synthesizing 'find_max' ...
INFO: [HLS 200-10] ----------------------------------------------------------------
INFO: [HLS 200-42] -- Implementing module 'find_max' 
INFO: [HLS 200-10] ----------------------------------------------------------------
INFO: [SCHED 204-11] Starting scheduling ...
INFO: [SCHED 204-11] Finished scheduling.
INFO: [HLS 200-111]  Elapsed time: 54.6 seconds; current allocated memory: 102.923 MB.
INFO: [BIND 205-100] Starting micro-architecture generation ...
INFO: [BIND 205-101] Performing variable lifetime analysis.
INFO: [BIND 205-101] Exploring resource sharing.
INFO: [BIND 205-101] Binding ...
INFO: [BIND 205-100] Finished micro-architecture generation.
INFO: [HLS 200-111]  Elapsed time: 0.02 seconds; current allocated memory: 103.007 MB.
INFO: [HLS 200-10] ----------------------------------------------------------------
INFO: [HLS 200-10] -- Generating RTL for module 'find_max' 
INFO: [HLS 200-10] ----------------------------------------------------------------
INFO: [RTGEN 206-500] Setting interface mode on port 'find_max/a_in' to 'ap_memory'.
INFO: [RTGEN 206-500] Setting interface mode on function 'find_max' to 'ap_ctrl_hs'.
INFO: [RTGEN 206-100] Finished creating RTL model for 'find_max'.
INFO: [HLS 200-111]  Elapsed time: 0.02 seconds; current allocated memory: 103.149 MB.
INFO: [HLS 200-790] **** Loop Constraint Status: All loop constraints were satisfied.
INFO: [HLS 200-789] **** Estimated Fmax: 214.22 MHz
INFO: [HLS 200-111] Finished generating all RTL models Time (s): cpu = 00:02:05 ; elapsed = 00:02:18 . Memory (MB): peak = 1504.332 ; gain = 1099.754 ; free physical = 1112 ; free virtual = 7144
INFO: [VHDL 208-304] Generating VHDL RTL for find_max.
INFO: [VLOG 209-307] Generating Verilog RTL for find_max.
INFO: [COSIM 212-47] Using XSIM for RTL simulation.
INFO: [COSIM 212-14] Instrumenting C test bench ...
INFO: [COSIM 212-302] Starting C TB testing ... 
INFO: [COSIM 212-333] Generating C post check test bench ...
INFO: [COSIM 212-12] Generating RTL test bench ...
INFO: [COSIM 212-1] *** C/RTL co-simulation file generation completed. ***
INFO: [COSIM 212-323] Starting verilog simulation. 
INFO: [COSIM 212-15] Starting XSIM ...
INFO: [COSIM 212-316] Starting C post checking ...
INFO: [COSIM 212-1000] *** C/RTL co-simulation finished: PASS ***
INFO: [HLS 200-10] Creating and opening solution '/home/sokrat/project/learn/Hybridsystem/homework/hw2/lab2_z1/lab2_1_prj/ex_sol4'.
INFO: [HLS 200-10] Cleaning up the solution database.
==============================================================
Vivado(TM) HLS - High-Level Synthesis from C, C++ and SystemC v2020.1 (64-bit)
Copyright 1986-2020 Xilinx, Inc. All Rights Reserved.
==============================================================
INFO: [SYN 201-201] Setting up clock 'clk' with a period of 12ns.
INFO: [SYN 201-201] Setting up clock 'clk' with an uncertainty of 0.1ns.
INFO: [SCHED 204-61] Option 'relax_ii_for_timing' is enabled, will increase II to preserve clock frequency constraints.
INFO: [HLS 200-10] Analyzing design file './source/lab2_1.c' ... 
INFO: [HLS 200-111] Finished Linking Time (s): cpu = 00:02:02 ; elapsed = 00:02:13 . Memory (MB): peak = 1504.332 ; gain = 1099.754 ; free physical = 1936 ; free virtual = 7479
INFO: [HLS 200-111] Finished Checking Pragmas Time (s): cpu = 00:02:02 ; elapsed = 00:02:13 . Memory (MB): peak = 1504.332 ; gain = 1099.754 ; free physical = 1936 ; free virtual = 7479
INFO: [HLS 200-10] Starting code transformations ...
INFO: [HLS 200-111] Finished Standard Transforms Time (s): cpu = 00:02:03 ; elapsed = 00:02:14 . Memory (MB): peak = 1504.332 ; gain = 1099.754 ; free physical = 1934 ; free virtual = 7479
INFO: [HLS 200-10] Checking synthesizability ...
INFO: [HLS 200-111] Finished Checking Synthesizability Time (s): cpu = 00:02:03 ; elapsed = 00:02:14 . Memory (MB): peak = 1504.332 ; gain = 1099.754 ; free physical = 1934 ; free virtual = 7479
INFO: [HLS 200-111] Finished Pre-synthesis Time (s): cpu = 00:02:03 ; elapsed = 00:02:14 . Memory (MB): peak = 1504.332 ; gain = 1099.754 ; free physical = 1934 ; free virtual = 7479
INFO: [HLS 200-111] Finished Architecture Synthesis Time (s): cpu = 00:02:03 ; elapsed = 00:02:14 . Memory (MB): peak = 1504.332 ; gain = 1099.754 ; free physical = 1933 ; free virtual = 7479
INFO: [HLS 200-10] Starting hardware synthesis ...
INFO: [HLS 200-10] Synthesizing 'find_max' ...
INFO: [HLS 200-10] ----------------------------------------------------------------
INFO: [HLS 200-42] -- Implementing module 'find_max' 
INFO: [HLS 200-10] ----------------------------------------------------------------
INFO: [SCHED 204-11] Starting scheduling ...
INFO: [SCHED 204-11] Finished scheduling.
INFO: [HLS 200-111]  Elapsed time: 52.43 seconds; current allocated memory: 103.040 MB.
INFO: [BIND 205-100] Starting micro-architecture generation ...
INFO: [BIND 205-101] Performing variable lifetime analysis.
INFO: [BIND 205-101] Exploring resource sharing.
INFO: [BIND 205-101] Binding ...
INFO: [BIND 205-100] Finished micro-architecture generation.
INFO: [HLS 200-111]  Elapsed time: 0.01 seconds; current allocated memory: 103.124 MB.
INFO: [HLS 200-10] ----------------------------------------------------------------
INFO: [HLS 200-10] -- Generating RTL for module 'find_max' 
INFO: [HLS 200-10] ----------------------------------------------------------------
INFO: [RTGEN 206-500] Setting interface mode on port 'find_max/a_in' to 'ap_memory'.
INFO: [RTGEN 206-500] Setting interface mode on function 'find_max' to 'ap_ctrl_hs'.
INFO: [RTGEN 206-100] Finished creating RTL model for 'find_max'.
INFO: [HLS 200-111]  Elapsed time: 0.03 seconds; current allocated memory: 103.266 MB.
INFO: [HLS 200-790] **** Loop Constraint Status: All loop constraints were satisfied.
INFO: [HLS 200-789] **** Estimated Fmax: 154.06 MHz
INFO: [HLS 200-111] Finished generating all RTL models Time (s): cpu = 00:02:03 ; elapsed = 00:02:14 . Memory (MB): peak = 1504.332 ; gain = 1099.754 ; free physical = 1932 ; free virtual = 7479
INFO: [VHDL 208-304] Generating VHDL RTL for find_max.
INFO: [VLOG 209-307] Generating Verilog RTL for find_max.
INFO: [COSIM 212-47] Using XSIM for RTL simulation.
INFO: [COSIM 212-14] Instrumenting C test bench ...
INFO: [COSIM 212-302] Starting C TB testing ... 
INFO: [COSIM 212-333] Generating C post check test bench ...
INFO: [COSIM 212-12] Generating RTL test bench ...
INFO: [COSIM 212-1] *** C/RTL co-simulation file generation completed. ***
INFO: [COSIM 212-323] Starting verilog simulation. 
INFO: [COSIM 212-15] Starting XSIM ...
INFO: [COSIM 212-316] Starting C post checking ...
INFO: [COSIM 212-1000] *** C/RTL co-simulation finished: PASS ***
INFO: [HLS 200-10] Opening and resetting solution '/home/sokrat/project/learn/Hybridsystem/homework/hw2/lab2_z1/lab2_1_prj/ex_sol4'.
INFO: [HLS 200-10] Cleaning up the solution database.
==============================================================
Vivado(TM) HLS - High-Level Synthesis from C, C++ and SystemC v2020.1 (64-bit)
Copyright 1986-2020 Xilinx, Inc. All Rights Reserved.
==============================================================
INFO: [SYN 201-201] Setting up clock 'clk' with a period of 12ns.
INFO: [SYN 201-201] Setting up clock 'clk' with an uncertainty of 0.1ns.
INFO: [SCHED 204-61] Option 'relax_ii_for_timing' is enabled, will increase II to preserve clock frequency constraints.
INFO: [HLS 200-10] Analyzing design file './source/lab2_1.c' ... 
INFO: [HLS 200-111] Finished Linking Time (s): cpu = 00:02:02 ; elapsed = 00:02:11 . Memory (MB): peak = 1504.332 ; gain = 1099.754 ; free physical = 1890 ; free virtual = 7480
INFO: [HLS 200-111] Finished Checking Pragmas Time (s): cpu = 00:02:02 ; elapsed = 00:02:11 . Memory (MB): peak = 1504.332 ; gain = 1099.754 ; free physical = 1890 ; free virtual = 7480
INFO: [HLS 200-10] Starting code transformations ...
INFO: [HLS 200-111] Finished Standard Transforms Time (s): cpu = 00:02:02 ; elapsed = 00:02:12 . Memory (MB): peak = 1504.332 ; gain = 1099.754 ; free physical = 1889 ; free virtual = 7480
INFO: [HLS 200-10] Checking synthesizability ...
INFO: [HLS 200-111] Finished Checking Synthesizability Time (s): cpu = 00:02:02 ; elapsed = 00:02:12 . Memory (MB): peak = 1504.332 ; gain = 1099.754 ; free physical = 1889 ; free virtual = 7480
INFO: [HLS 200-111] Finished Pre-synthesis Time (s): cpu = 00:02:03 ; elapsed = 00:02:12 . Memory (MB): peak = 1504.332 ; gain = 1099.754 ; free physical = 1889 ; free virtual = 7480
INFO: [HLS 200-111] Finished Architecture Synthesis Time (s): cpu = 00:02:03 ; elapsed = 00:02:12 . Memory (MB): peak = 1504.332 ; gain = 1099.754 ; free physical = 1887 ; free virtual = 7480
INFO: [HLS 200-10] Starting hardware synthesis ...
INFO: [HLS 200-10] Synthesizing 'find_max' ...
INFO: [HLS 200-10] ----------------------------------------------------------------
INFO: [HLS 200-42] -- Implementing module 'find_max' 
INFO: [HLS 200-10] ----------------------------------------------------------------
INFO: [SCHED 204-11] Starting scheduling ...
INFO: [SCHED 204-11] Finished scheduling.
INFO: [HLS 200-111]  Elapsed time: 52.19 seconds; current allocated memory: 103.040 MB.
INFO: [BIND 205-100] Starting micro-architecture generation ...
INFO: [BIND 205-101] Performing variable lifetime analysis.
INFO: [BIND 205-101] Exploring resource sharing.
INFO: [BIND 205-101] Binding ...
INFO: [BIND 205-100] Finished micro-architecture generation.
INFO: [HLS 200-111]  Elapsed time: 0.01 seconds; current allocated memory: 103.124 MB.
INFO: [HLS 200-10] ----------------------------------------------------------------
INFO: [HLS 200-10] -- Generating RTL for module 'find_max' 
INFO: [HLS 200-10] ----------------------------------------------------------------
INFO: [RTGEN 206-500] Setting interface mode on port 'find_max/a_in' to 'ap_memory'.
INFO: [RTGEN 206-500] Setting interface mode on function 'find_max' to 'ap_ctrl_hs'.
INFO: [RTGEN 206-100] Finished creating RTL model for 'find_max'.
INFO: [HLS 200-111]  Elapsed time: 0.03 seconds; current allocated memory: 103.266 MB.
INFO: [HLS 200-790] **** Loop Constraint Status: All loop constraints were satisfied.
INFO: [HLS 200-789] **** Estimated Fmax: 141.20 MHz
INFO: [HLS 200-111] Finished generating all RTL models Time (s): cpu = 00:02:03 ; elapsed = 00:02:12 . Memory (MB): peak = 1504.332 ; gain = 1099.754 ; free physical = 1887 ; free virtual = 7480
INFO: [VHDL 208-304] Generating VHDL RTL for find_max.
INFO: [VLOG 209-307] Generating Verilog RTL for find_max.
INFO: [COSIM 212-47] Using XSIM for RTL simulation.
INFO: [COSIM 212-14] Instrumenting C test bench ...
INFO: [COSIM 212-302] Starting C TB testing ... 
INFO: [COSIM 212-333] Generating C post check test bench ...
INFO: [COSIM 212-12] Generating RTL test bench ...
INFO: [COSIM 212-1] *** C/RTL co-simulation file generation completed. ***
INFO: [COSIM 212-323] Starting verilog simulation. 
INFO: [COSIM 212-15] Starting XSIM ...
INFO: [COSIM 212-316] Starting C post checking ...
INFO: [COSIM 212-1000] *** C/RTL co-simulation finished: PASS ***
INFO: [HLS 200-10] Opening and resetting solution '/home/sokrat/project/learn/Hybridsystem/homework/hw2/lab2_z1/lab2_1_prj/ex_sol4'.
INFO: [HLS 200-10] Cleaning up the solution database.
==============================================================
Vivado(TM) HLS - High-Level Synthesis from C, C++ and SystemC v2020.1 (64-bit)
Copyright 1986-2020 Xilinx, Inc. All Rights Reserved.
==============================================================
INFO: [SYN 201-201] Setting up clock 'clk' with a period of 12ns.
INFO: [SYN 201-201] Setting up clock 'clk' with an uncertainty of 0.1ns.
INFO: [SCHED 204-61] Option 'relax_ii_for_timing' is enabled, will increase II to preserve clock frequency constraints.
INFO: [HLS 200-10] Analyzing design file './source/lab2_1.c' ... 
INFO: [HLS 200-111] Finished Linking Time (s): cpu = 00:02:02 ; elapsed = 00:02:13 . Memory (MB): peak = 1504.332 ; gain = 1099.754 ; free physical = 1429 ; free virtual = 7534
INFO: [HLS 200-111] Finished Checking Pragmas Time (s): cpu = 00:02:02 ; elapsed = 00:02:13 . Memory (MB): peak = 1504.332 ; gain = 1099.754 ; free physical = 1429 ; free virtual = 7534
INFO: [HLS 200-10] Starting code transformations ...
INFO: [HLS 200-111] Finished Standard Transforms Time (s): cpu = 00:02:03 ; elapsed = 00:02:14 . Memory (MB): peak = 1504.332 ; gain = 1099.754 ; free physical = 1428 ; free virtual = 7534
INFO: [HLS 200-10] Checking synthesizability ...
INFO: [HLS 200-111] Finished Checking Synthesizability Time (s): cpu = 00:02:03 ; elapsed = 00:02:14 . Memory (MB): peak = 1504.332 ; gain = 1099.754 ; free physical = 1428 ; free virtual = 7534
INFO: [HLS 200-111] Finished Pre-synthesis Time (s): cpu = 00:02:03 ; elapsed = 00:02:15 . Memory (MB): peak = 1504.332 ; gain = 1099.754 ; free physical = 1428 ; free virtual = 7534
INFO: [HLS 200-111] Finished Architecture Synthesis Time (s): cpu = 00:02:03 ; elapsed = 00:02:15 . Memory (MB): peak = 1504.332 ; gain = 1099.754 ; free physical = 1428 ; free virtual = 7534
INFO: [HLS 200-10] Starting hardware synthesis ...
INFO: [HLS 200-10] Synthesizing 'find_max' ...
INFO: [HLS 200-10] ----------------------------------------------------------------
INFO: [HLS 200-42] -- Implementing module 'find_max' 
INFO: [HLS 200-10] ----------------------------------------------------------------
INFO: [SCHED 204-11] Starting scheduling ...
INFO: [SCHED 204-11] Finished scheduling.
INFO: [HLS 200-111]  Elapsed time: 53.46 seconds; current allocated memory: 102.998 MB.
INFO: [BIND 205-100] Starting micro-architecture generation ...
INFO: [BIND 205-101] Performing variable lifetime analysis.
INFO: [BIND 205-101] Exploring resource sharing.
INFO: [BIND 205-101] Binding ...
INFO: [BIND 205-100] Finished micro-architecture generation.
INFO: [HLS 200-111]  Elapsed time: 0.02 seconds; current allocated memory: 103.082 MB.
INFO: [HLS 200-10] ----------------------------------------------------------------
INFO: [HLS 200-10] -- Generating RTL for module 'find_max' 
INFO: [HLS 200-10] ----------------------------------------------------------------
INFO: [RTGEN 206-500] Setting interface mode on port 'find_max/a_in' to 'ap_memory'.
INFO: [RTGEN 206-500] Setting interface mode on function 'find_max' to 'ap_ctrl_hs'.
INFO: [RTGEN 206-100] Finished creating RTL model for 'find_max'.
INFO: [HLS 200-111]  Elapsed time: 0.02 seconds; current allocated memory: 103.225 MB.
INFO: [HLS 200-790] **** Loop Constraint Status: All loop constraints were satisfied.
INFO: [HLS 200-789] **** Estimated Fmax: 141.20 MHz
INFO: [HLS 200-111] Finished generating all RTL models Time (s): cpu = 00:02:04 ; elapsed = 00:02:15 . Memory (MB): peak = 1504.332 ; gain = 1099.754 ; free physical = 1426 ; free virtual = 7535
INFO: [VHDL 208-304] Generating VHDL RTL for find_max.
INFO: [VLOG 209-307] Generating Verilog RTL for find_max.
INFO: [COSIM 212-47] Using XSIM for RTL simulation.
INFO: [COSIM 212-14] Instrumenting C test bench ...
INFO: [COSIM 212-302] Starting C TB testing ... 
INFO: [COSIM 212-333] Generating C post check test bench ...
INFO: [COSIM 212-12] Generating RTL test bench ...
INFO: [COSIM 212-1] *** C/RTL co-simulation file generation completed. ***
INFO: [COSIM 212-323] Starting verilog simulation. 
INFO: [COSIM 212-15] Starting XSIM ...
INFO: [COSIM 212-316] Starting C post checking ...
INFO: [COSIM 212-1000] *** C/RTL co-simulation finished: PASS ***
INFO: [HLS 200-10] Opening and resetting solution '/home/sokrat/project/learn/Hybridsystem/homework/hw2/lab2_z1/lab2_1_prj/ex_sol4'.
INFO: [HLS 200-10] Cleaning up the solution database.
==============================================================
Vivado(TM) HLS - High-Level Synthesis from C, C++ and SystemC v2020.1 (64-bit)
Copyright 1986-2020 Xilinx, Inc. All Rights Reserved.
==============================================================
INFO: [SYN 201-201] Setting up clock 'clk' with a period of 12ns.
INFO: [SYN 201-201] Setting up clock 'clk' with an uncertainty of 0.1ns.
INFO: [SCHED 204-61] Option 'relax_ii_for_timing' is enabled, will increase II to preserve clock frequency constraints.
INFO: [HLS 200-10] Analyzing design file './source/lab2_1.c' ... 
INFO: [HLS 200-111] Finished Linking Time (s): cpu = 00:02:49 ; elapsed = 00:03:04 . Memory (MB): peak = 1504.332 ; gain = 1099.754 ; free physical = 1635 ; free virtual = 7151
INFO: [HLS 200-111] Finished Checking Pragmas Time (s): cpu = 00:02:49 ; elapsed = 00:03:04 . Memory (MB): peak = 1504.332 ; gain = 1099.754 ; free physical = 1635 ; free virtual = 7151
INFO: [HLS 200-10] Starting code transformations ...
INFO: [HLS 200-111] Finished Standard Transforms Time (s): cpu = 00:02:50 ; elapsed = 00:03:05 . Memory (MB): peak = 1504.332 ; gain = 1099.754 ; free physical = 1633 ; free virtual = 7150
INFO: [HLS 200-10] Checking synthesizability ...
INFO: [HLS 200-111] Finished Checking Synthesizability Time (s): cpu = 00:02:50 ; elapsed = 00:03:05 . Memory (MB): peak = 1504.332 ; gain = 1099.754 ; free physical = 1633 ; free virtual = 7150
INFO: [HLS 200-111] Finished Pre-synthesis Time (s): cpu = 00:02:50 ; elapsed = 00:03:05 . Memory (MB): peak = 1504.332 ; gain = 1099.754 ; free physical = 1633 ; free virtual = 7150
INFO: [HLS 200-111] Finished Architecture Synthesis Time (s): cpu = 00:02:50 ; elapsed = 00:03:05 . Memory (MB): peak = 1504.332 ; gain = 1099.754 ; free physical = 1632 ; free virtual = 7150
INFO: [HLS 200-10] Starting hardware synthesis ...
INFO: [HLS 200-10] Synthesizing 'find_max' ...
INFO: [HLS 200-10] ----------------------------------------------------------------
INFO: [HLS 200-42] -- Implementing module 'find_max' 
INFO: [HLS 200-10] ----------------------------------------------------------------
INFO: [SCHED 204-11] Starting scheduling ...
INFO: [SCHED 204-11] Finished scheduling.
INFO: [HLS 200-111]  Elapsed time: 52.33 seconds; current allocated memory: 103.951 MB.
INFO: [BIND 205-100] Starting micro-architecture generation ...
INFO: [BIND 205-101] Performing variable lifetime analysis.
INFO: [BIND 205-101] Exploring resource sharing.
INFO: [BIND 205-101] Binding ...
INFO: [BIND 205-100] Finished micro-architecture generation.
INFO: [HLS 200-111]  Elapsed time: 0.01 seconds; current allocated memory: 104.035 MB.
INFO: [HLS 200-10] ----------------------------------------------------------------
INFO: [HLS 200-10] -- Generating RTL for module 'find_max' 
INFO: [HLS 200-10] ----------------------------------------------------------------
INFO: [RTGEN 206-500] Setting interface mode on port 'find_max/a_in' to 'ap_memory'.
INFO: [RTGEN 206-500] Setting interface mode on function 'find_max' to 'ap_ctrl_hs'.
INFO: [RTGEN 206-100] Finished creating RTL model for 'find_max'.
INFO: [HLS 200-111]  Elapsed time: 0.03 seconds; current allocated memory: 104.205 MB.
INFO: [HLS 200-790] **** Loop Constraint Status: All loop constraints were satisfied.
INFO: [HLS 200-789] **** Estimated Fmax: 154.06 MHz
INFO: [HLS 200-111] Finished generating all RTL models Time (s): cpu = 00:02:50 ; elapsed = 00:03:05 . Memory (MB): peak = 1504.332 ; gain = 1099.754 ; free physical = 1631 ; free virtual = 7150
INFO: [VHDL 208-304] Generating VHDL RTL for find_max.
INFO: [VLOG 209-307] Generating Verilog RTL for find_max.
INFO: [COSIM 212-47] Using XSIM for RTL simulation.
INFO: [COSIM 212-14] Instrumenting C test bench ...
INFO: [COSIM 212-302] Starting C TB testing ... 
INFO: [COSIM 212-333] Generating C post check test bench ...
INFO: [COSIM 212-12] Generating RTL test bench ...
INFO: [COSIM 212-1] *** C/RTL co-simulation file generation completed. ***
INFO: [COSIM 212-323] Starting verilog simulation. 
INFO: [COSIM 212-15] Starting XSIM ...
INFO: [COSIM 212-316] Starting C post checking ...
INFO: [COSIM 212-1000] *** C/RTL co-simulation finished: PASS ***
INFO: [HLS 200-10] Opening and resetting solution '/home/sokrat/project/learn/Hybridsystem/homework/hw2/lab2_z1/lab2_1_prj/ex_sol4'.
INFO: [HLS 200-10] Cleaning up the solution database.
