   Build using "/home/sokrat/tools/Xilinx/Vivado/2020.1/tps/lnx64/gcc-6.2.0/bin/g++"
   Compiling apatb_find_max.cpp
   Compiling (apcc) lab2_1.c_pre.c.tb.c
INFO: [HLS 200-10] Running '/home/sokrat/tools/Xilinx/Vivado/2020.1/bin/unwrapped/lnx64.o/apcc'
INFO: [HLS 200-10] For user 'sokrat' on host 'Lenovo-V110' (Linux_x86_64 version 5.4.0-59-generic) on Wed Sep 29 10:54:33 MSK 2021
INFO: [HLS 200-10] On os Ubuntu 20.04.1 LTS
INFO: [HLS 200-10] In directory '/home/sokrat/project/learn/Hybridsystem/homework/hw2/lab2_z1/lab2_1_prj/ex_sol5/sim/wrapc'
clang: warning: argument unused during compilation: '-fno-builtin-isinf'
clang: warning: argument unused during compilation: '-fno-builtin-isnan'
INFO: [APCC 202-3] Tmp directory is /tmp/apcc_db_sokrat/5058741632902073516838
INFO: [APCC 202-1] APCC is done.
   Compiling (apcc) lab2_1_test.c_pre.c.tb.c
INFO: [HLS 200-10] Running '/home/sokrat/tools/Xilinx/Vivado/2020.1/bin/unwrapped/lnx64.o/apcc'
INFO: [HLS 200-10] For user 'sokrat' on host 'Lenovo-V110' (Linux_x86_64 version 5.4.0-59-generic) on Wed Sep 29 10:54:40 MSK 2021
INFO: [HLS 200-10] On os Ubuntu 20.04.1 LTS
INFO: [HLS 200-10] In directory '/home/sokrat/project/learn/Hybridsystem/homework/hw2/lab2_z1/lab2_1_prj/ex_sol5/sim/wrapc'
clang: warning: argument unused during compilation: '-fno-builtin-isinf'
clang: warning: argument unused during compilation: '-fno-builtin-isnan'
INFO: [APCC 202-3] Tmp directory is /tmp/apcc_db_sokrat/5059291632902080253276
INFO: [APCC 202-1] APCC is done.
   Generating cosim.tv.exe
