INFO: [COSIM-47] Using XSIM for RTL simulation.
INFO: [COSIM-14] Instrumenting C test bench ...
   Build using "/home/sokrat/tools/Xilinx/Vivado/2020.1/tps/lnx64/gcc-6.2.0/bin/g++"
   Compiling apatb_find_max.cpp
   Compiling (apcc) lab2_1.c_pre.c.tb.c
INFO: [HLS 200-10] Running '/home/sokrat/tools/Xilinx/Vivado/2020.1/bin/unwrapped/lnx64.o/apcc'
INFO: [HLS 200-10] For user 'sokrat' on host 'Lenovo-V110' (Linux_x86_64 version 5.4.0-59-generic) on Wed Sep 29 10:56:18 MSK 2021
INFO: [HLS 200-10] On os Ubuntu 20.04.1 LTS
INFO: [HLS 200-10] In directory '/home/sokrat/project/learn/Hybridsystem/homework/hw2/lab2_z1/lab2_1_prj/ex_sol7/sim/wrapc'
clang: warning: argument unused during compilation: '-fno-builtin-isinf'
clang: warning: argument unused during compilation: '-fno-builtin-isnan'
INFO: [APCC 202-3] Tmp directory is /tmp/apcc_db_sokrat/5066831632902178473377
INFO: [APCC 202-1] APCC is done.
   Compiling (apcc) lab2_1_test.c_pre.c.tb.c
INFO: [HLS 200-10] Running '/home/sokrat/tools/Xilinx/Vivado/2020.1/bin/unwrapped/lnx64.o/apcc'
INFO: [HLS 200-10] For user 'sokrat' on host 'Lenovo-V110' (Linux_x86_64 version 5.4.0-59-generic) on Wed Sep 29 10:56:25 MSK 2021
INFO: [HLS 200-10] On os Ubuntu 20.04.1 LTS
INFO: [HLS 200-10] In directory '/home/sokrat/project/learn/Hybridsystem/homework/hw2/lab2_z1/lab2_1_prj/ex_sol7/sim/wrapc'
clang: warning: argument unused during compilation: '-fno-builtin-isinf'
clang: warning: argument unused during compilation: '-fno-builtin-isnan'
INFO: [APCC 202-3] Tmp directory is /tmp/apcc_db_sokrat/5067601632902185212476
INFO: [APCC 202-1] APCC is done.
   Generating cosim.tv.exe
INFO: [COSIM-302] Starting C TB testing ... 
INFO: [COSIM-333] Generating C post check test bench ...
INFO: [COSIM-12] Generating RTL test bench ...
INFO: [COSIM-1] *** C/RTL co-simulation file generation completed. ***
INFO: [COSIM-323] Starting verilog simulation. 
INFO: [COSIM-15] Starting XSIM ...
INFO: [COSIM-316] Starting C post checking ...
  expected 126 == got 126 PASS 
  expected 126 == got 126 PASS 
----------Pass!------------
INFO: [XSIM 43-3496] Using init file passed via -initfile option "/home/sokrat/tools/Xilinx/Vivado/2020.1/data/xsim/ip/xsim_ip.ini".
Vivado Simulator 2020.1
Copyright 1986-1999, 2001-2020 Xilinx, Inc. All Rights Reserved.
Running: /home/sokrat/tools/Xilinx/Vivado/2020.1/bin/unwrapped/lnx64.o/xelab xil_defaultlib.apatb_find_max_top glbl -prj find_max.prj -L smartconnect_v1_0 -L axi_protocol_checker_v1_1_12 -L axi_protocol_checker_v1_1_13 -L axis_protocol_checker_v1_1_11 -L axis_protocol_checker_v1_1_12 -L xil_defaultlib -L unisims_ver -L xpm --initfile /home/sokrat/tools/Xilinx/Vivado/2020.1/data/xsim/ip/xsim_ip.ini --lib ieee_proposed=./ieee_proposed -s find_max -debug wave 
Multi-threading is on. Using 2 slave threads.
WARNING: [XSIM 43-3431] One or more environment variables have been detected which affect the operation of the C compiler. These are typically not set in standard installations and are not tested by Xilinx, however they may be appropriate for your system, so the flow will attempt to continue.  If errors occur, try running xelab with the "-mt off -v 1" switches to see more information from the C compiler. The following environment variables have been detected:
    LIBRARY_PATH
INFO: [VRFC 10-2263] Analyzing SystemVerilog file "/home/sokrat/project/learn/Hybridsystem/homework/hw2/lab2_z1/lab2_1_prj/ex_sol7/sim/verilog/glbl.v" into library work
INFO: [VRFC 10-311] analyzing module glbl
INFO: [VRFC 10-2263] Analyzing SystemVerilog file "/home/sokrat/project/learn/Hybridsystem/homework/hw2/lab2_z1/lab2_1_prj/ex_sol7/sim/verilog/find_max.autotb.v" into library xil_defaultlib
INFO: [VRFC 10-311] analyzing module apatb_find_max_top
INFO: [VRFC 10-2263] Analyzing SystemVerilog file "/home/sokrat/project/learn/Hybridsystem/homework/hw2/lab2_z1/lab2_1_prj/ex_sol7/sim/verilog/find_max.v" into library xil_defaultlib
INFO: [VRFC 10-311] analyzing module find_max
INFO: [VRFC 10-2263] Analyzing SystemVerilog file "/home/sokrat/project/learn/Hybridsystem/homework/hw2/lab2_z1/lab2_1_prj/ex_sol7/sim/verilog/AESL_automem_a_in.v" into library xil_defaultlib
INFO: [VRFC 10-311] analyzing module AESL_automem_a_in
Starting static elaboration
Pass Through NonSizing Optimizer
Completed static elaboration
Starting simulation data flow analysis
Completed simulation data flow analysis
Time Resolution for simulation is 1ps
Compiling module xil_defaultlib.find_max
Compiling module xil_defaultlib.AESL_automem_a_in
Compiling module xil_defaultlib.apatb_find_max_top
Compiling module work.glbl
Built simulation snapshot find_max

****** Webtalk v2020.1 (64-bit)
  **** SW Build 2902540 on Wed May 27 19:54:35 MDT 2020
  **** IP Build 2902112 on Wed May 27 22:43:36 MDT 2020
    ** Copyright 1986-2020 Xilinx, Inc. All Rights Reserved.

source /home/sokrat/project/learn/Hybridsystem/homework/hw2/lab2_z1/lab2_1_prj/ex_sol7/sim/verilog/xsim.dir/find_max/webtalk/xsim_webtalk.tcl -notrace
INFO: [Common 17-186] '/home/sokrat/project/learn/Hybridsystem/homework/hw2/lab2_z1/lab2_1_prj/ex_sol7/sim/verilog/xsim.dir/find_max/webtalk/usage_statistics_ext_xsim.xml' has been successfully sent to Xilinx on Wed Sep 29 10:56:38 2021. For additional details about this file, please refer to the WebTalk help file at /home/sokrat/tools/Xilinx/Vivado/2020.1/doc/webtalk_introduction.html.
INFO: [Common 17-206] Exiting Webtalk at Wed Sep 29 10:56:38 2021...

****** xsim v2020.1 (64-bit)
  **** SW Build 2902540 on Wed May 27 19:54:35 MDT 2020
  **** IP Build 2902112 on Wed May 27 22:43:36 MDT 2020
    ** Copyright 1986-2020 Xilinx, Inc. All Rights Reserved.

source xsim.dir/find_max/xsim_script.tcl
# xsim {find_max} -autoloadwcfg -tclbatch {find_max.tcl}
Vivado Simulator 2020.1
Time resolution is 1 ps
source find_max.tcl
## log_wave -r /
WARNING: [Simtcl 6-197] One or more HDL objects could not be logged because of object type or size limitations.  To see details please rerun the command with -verbose (-v).
## set designtopgroup [add_wave_group "Design Top Signals"]
## set coutputgroup [add_wave_group "C Outputs" -into $designtopgroup]
## set return_group [add_wave_group return(wire) -into $coutputgroup]
## add_wave /apatb_find_max_top/AESL_inst_find_max/ap_return -into $return_group -radix hex
## set cinputgroup [add_wave_group "C Inputs" -into $designtopgroup]
## set a_in_group [add_wave_group a_in(memory) -into $cinputgroup]
## add_wave /apatb_find_max_top/AESL_inst_find_max/a_in_q0 -into $a_in_group -radix hex
## add_wave /apatb_find_max_top/AESL_inst_find_max/a_in_ce0 -into $a_in_group -color #ffff00 -radix hex
## add_wave /apatb_find_max_top/AESL_inst_find_max/a_in_address0 -into $a_in_group -radix hex
## set blocksiggroup [add_wave_group "Block-level IO Handshake" -into $designtopgroup]
## add_wave /apatb_find_max_top/AESL_inst_find_max/ap_start -into $blocksiggroup
## add_wave /apatb_find_max_top/AESL_inst_find_max/ap_done -into $blocksiggroup
## add_wave /apatb_find_max_top/AESL_inst_find_max/ap_idle -into $blocksiggroup
## add_wave /apatb_find_max_top/AESL_inst_find_max/ap_ready -into $blocksiggroup
## set resetgroup [add_wave_group "Reset" -into $designtopgroup]
## add_wave /apatb_find_max_top/AESL_inst_find_max/ap_rst -into $resetgroup
## set clockgroup [add_wave_group "Clock" -into $designtopgroup]
## add_wave /apatb_find_max_top/AESL_inst_find_max/ap_clk -into $clockgroup
## set testbenchgroup [add_wave_group "Test Bench Signals"]
## set tbinternalsiggroup [add_wave_group "Internal Signals" -into $testbenchgroup]
## set tb_simstatus_group [add_wave_group "Simulation Status" -into $tbinternalsiggroup]
## set tb_portdepth_group [add_wave_group "Port Depth" -into $tbinternalsiggroup]
## add_wave /apatb_find_max_top/AUTOTB_TRANSACTION_NUM -into $tb_simstatus_group -radix hex
## add_wave /apatb_find_max_top/ready_cnt -into $tb_simstatus_group -radix hex
## add_wave /apatb_find_max_top/done_cnt -into $tb_simstatus_group -radix hex
## add_wave /apatb_find_max_top/LENGTH_a_in -into $tb_portdepth_group -radix hex
## add_wave /apatb_find_max_top/LENGTH_ap_return -into $tb_portdepth_group -radix hex
## set tbcoutputgroup [add_wave_group "C Outputs" -into $testbenchgroup]
## set tb_return_group [add_wave_group return(wire) -into $tbcoutputgroup]
## add_wave /apatb_find_max_top/ap_return -into $tb_return_group -radix hex
## set tbcinputgroup [add_wave_group "C Inputs" -into $testbenchgroup]
## set tb_a_in_group [add_wave_group a_in(memory) -into $tbcinputgroup]
## add_wave /apatb_find_max_top/a_in_q0 -into $tb_a_in_group -radix hex
## add_wave /apatb_find_max_top/a_in_ce0 -into $tb_a_in_group -color #ffff00 -radix hex
## add_wave /apatb_find_max_top/a_in_address0 -into $tb_a_in_group -radix hex
## save_wave_config find_max.wcfg
## run all
////////////////////////////////////////////////////////////////////////////////////
// Inter-Transaction Progress: Completed Transaction / Total Transaction
// Intra-Transaction Progress: Measured Latency / Latency Estimation * 100%
//
// RTL Simulation : "Inter-Transaction Progress" ["Intra-Transaction Progress"] @ "Simulation Time"
////////////////////////////////////////////////////////////////////////////////////
// RTL Simulation : 0 / 2 [0.00%] @ "150000"
// RTL Simulation : 1 / 2 [100.00%] @ "5350000"
// RTL Simulation : 2 / 2 [100.00%] @ "10530000"
////////////////////////////////////////////////////////////////////////////////////
$finish called at time : 10610 ns : File "/home/sokrat/project/learn/Hybridsystem/homework/hw2/lab2_z1/lab2_1_prj/ex_sol7/sim/verilog/find_max.autotb.v" Line 251
## quit
INFO: [Common 17-206] Exiting xsim at Wed Sep 29 10:56:53 2021...
  expected 126 == got 126 PASS 
  expected 126 == got 126 PASS 
----------Pass!------------
INFO: [COSIM-1000] *** C/RTL co-simulation finished: PASS ***
