

================================================================
== Vivado HLS Report for 'find_max'
================================================================
* Date:           Wed Sep 29 10:50:02 2021

* Version:        2020.1 (Build 2897737 on Wed May 27 20:21:37 MDT 2020)
* Project:        lab2_1_prj
* Solution:       base
* Product family: artix7
* Target device:  xa7a12t-csg325-1Q


================================================================
== Performance Estimates
================================================================
+ Timing: 
    * Summary: 
    +------+---------+----------+------------+
    | Clock|  Target | Estimated| Uncertainty|
    +------+---------+----------+------------+
    |clk   | 6.00 ns | 3.257 ns |   0.10 ns  |
    +------+---------+----------+------------+

+ Latency: 
    * Summary: 
    +---------+---------+----------+----------+-----+-----+---------+
    |  Latency (cycles) |  Latency (absolute) |  Interval | Pipeline|
    |   min   |   max   |    min   |    max   | min | max |   Type  |
    +---------+---------+----------+----------+-----+-----+---------+
    |      386|      386| 2.316 us | 2.316 us |  386|  386|   none  |
    +---------+---------+----------+----------+-----+-----+---------+

    + Detail: 
        * Instance: 
        N/A

        * Loop: 
        +----------+---------+---------+----------+-----------+-----------+------+----------+
        |          |  Latency (cycles) | Iteration|  Initiation Interval  | Trip |          |
        | Loop Name|   min   |   max   |  Latency |  achieved |   target  | Count| Pipelined|
        +----------+---------+---------+----------+-----------+-----------+------+----------+
        |- Loop 1  |      384|      384|         3|          -|          -|   128|    no    |
        +----------+---------+---------+----------+-----------+-----------+------+----------+

============================================================
+ Verbose Summary: Synthesis Manager
============================================================
InlineROM: 1
ExposeGlobal: 0
============================================================
+ Verbose Summary: CDFG Model
============================================================
IsTopModel: 1
ResetActiveHigh: 1
IsCombinational: 0
IsDatapathOnly: 0
HasWiredReturn: 1
HasMFsm: 0
HasVarLatency: 1
IsPipeline: 0
IsRtlPipelined: 0
IsInstanceOverlapped: 0
IsDontTouch: 0
HasImplIP: 0
IsGatedGlobalClock: 0


============================================================
+ Verbose Summary: Schedule
============================================================
* Number of FSM states : 5
* Pipeline : 0
* Dataflow Pipeline: 0

* FSM state transitions: 
1 --> 2 
2 --> 3 
3 --> 4 
4 --> 5 
5 --> 3 

* FSM state operations: 

State 1 <SV = 0> <Delay = 3.25>
ST_1 : Operation 6 [1/1] (0.00ns)   --->   "%a_in_addr = getelementptr [128 x i32]* %a_in, i64 0, i64 0" [./source/lab2_1.c:3]   --->   Operation 6 'getelementptr' 'a_in_addr' <Predicate = true> <Delay = 0.00>
ST_1 : Operation 7 [2/2] (3.25ns)   --->   "%max = load i32* %a_in_addr, align 4" [./source/lab2_1.c:5]   --->   Operation 7 'load' 'max' <Predicate = true> <Delay = 3.25> <Core = "RAM">   --->   Core 37 'RAM' <Latency = 1> <II = 1> <Delay = 3.25> <Storage> <Opcode : 'load' 'store'> <Ports = 2> <Width = 32> <Depth = 128> <RAM>

State 2 <SV = 1> <Delay = 3.25>
ST_2 : Operation 8 [1/1] (0.00ns)   --->   "call void (...)* @_ssdm_op_SpecBitsMap([128 x i32]* %a_in) nounwind, !map !7"   --->   Operation 8 'specbitsmap' <Predicate = true> <Delay = 0.00>
ST_2 : Operation 9 [1/1] (0.00ns)   --->   "call void (...)* @_ssdm_op_SpecBitsMap(i32 0) nounwind, !map !13"   --->   Operation 9 'specbitsmap' <Predicate = true> <Delay = 0.00>
ST_2 : Operation 10 [1/1] (0.00ns)   --->   "call void (...)* @_ssdm_op_SpecTopModule([9 x i8]* @find_max_str) nounwind"   --->   Operation 10 'spectopmodule' <Predicate = true> <Delay = 0.00>
ST_2 : Operation 11 [1/2] (3.25ns)   --->   "%max = load i32* %a_in_addr, align 4" [./source/lab2_1.c:5]   --->   Operation 11 'load' 'max' <Predicate = true> <Delay = 3.25> <Core = "RAM">   --->   Core 37 'RAM' <Latency = 1> <II = 1> <Delay = 3.25> <Storage> <Opcode : 'load' 'store'> <Ports = 2> <Width = 32> <Depth = 128> <RAM>
ST_2 : Operation 12 [1/1] (1.66ns)   --->   "br label %1" [./source/lab2_1.c:6]   --->   Operation 12 'br' <Predicate = true> <Delay = 1.66>

State 3 <SV = 2> <Delay = 3.25>
ST_3 : Operation 13 [1/1] (0.00ns)   --->   "%max_0 = phi i32 [ %max, %0 ], [ %select_ln7, %._crit_edge ]"   --->   Operation 13 'phi' 'max_0' <Predicate = true> <Delay = 0.00>
ST_3 : Operation 14 [1/1] (0.00ns)   --->   "%i_0 = phi i8 [ 0, %0 ], [ %i, %._crit_edge ]"   --->   Operation 14 'phi' 'i_0' <Predicate = true> <Delay = 0.00>
ST_3 : Operation 15 [1/1] (1.47ns)   --->   "%icmp_ln6 = icmp eq i8 %i_0, -128" [./source/lab2_1.c:6]   --->   Operation 15 'icmp' 'icmp_ln6' <Predicate = true> <Delay = 1.47> <Core = "Cmp">   --->   Core 25 'Cmp' <Latency = 0> <II = 1> <Delay = 2.43> <FuncUnit> <Opcode : 'icmp'> <InPorts = 2> <OutPorts = 1>
ST_3 : Operation 16 [1/1] (0.00ns)   --->   "%empty = call i32 (...)* @_ssdm_op_SpecLoopTripCount(i64 128, i64 128, i64 128) nounwind"   --->   Operation 16 'speclooptripcount' 'empty' <Predicate = true> <Delay = 0.00>
ST_3 : Operation 17 [1/1] (2.11ns)   --->   "%i = add i8 %i_0, 1" [./source/lab2_1.c:6]   --->   Operation 17 'add' 'i' <Predicate = true> <Delay = 2.11> <Core = "AddSub">   --->   Core 14 'AddSub' <Latency = 0> <II = 1> <Delay = 2.11> <FuncUnit> <Opcode : 'add' 'sub'> <InPorts = 2> <OutPorts = 1>
ST_3 : Operation 18 [1/1] (0.00ns)   --->   "br i1 %icmp_ln6, label %2, label %._crit_edge" [./source/lab2_1.c:6]   --->   Operation 18 'br' <Predicate = true> <Delay = 0.00>
ST_3 : Operation 19 [1/1] (0.00ns)   --->   "%zext_ln7 = zext i8 %i_0 to i64" [./source/lab2_1.c:7]   --->   Operation 19 'zext' 'zext_ln7' <Predicate = (!icmp_ln6)> <Delay = 0.00>
ST_3 : Operation 20 [1/1] (0.00ns)   --->   "%a_in_addr_1 = getelementptr [128 x i32]* %a_in, i64 0, i64 %zext_ln7" [./source/lab2_1.c:7]   --->   Operation 20 'getelementptr' 'a_in_addr_1' <Predicate = (!icmp_ln6)> <Delay = 0.00>
ST_3 : Operation 21 [2/2] (3.25ns)   --->   "%max_1 = load i32* %a_in_addr_1, align 4" [./source/lab2_1.c:7]   --->   Operation 21 'load' 'max_1' <Predicate = (!icmp_ln6)> <Delay = 3.25> <Core = "RAM">   --->   Core 37 'RAM' <Latency = 1> <II = 1> <Delay = 3.25> <Storage> <Opcode : 'load' 'store'> <Ports = 2> <Width = 32> <Depth = 128> <RAM>
ST_3 : Operation 22 [1/1] (0.00ns)   --->   "ret i32 %max_0" [./source/lab2_1.c:10]   --->   Operation 22 'ret' <Predicate = (icmp_ln6)> <Delay = 0.00>

State 4 <SV = 3> <Delay = 3.25>
ST_4 : Operation 23 [1/2] (3.25ns)   --->   "%max_1 = load i32* %a_in_addr_1, align 4" [./source/lab2_1.c:7]   --->   Operation 23 'load' 'max_1' <Predicate = true> <Delay = 3.25> <Core = "RAM">   --->   Core 37 'RAM' <Latency = 1> <II = 1> <Delay = 3.25> <Storage> <Opcode : 'load' 'store'> <Ports = 2> <Width = 32> <Depth = 128> <RAM>

State 5 <SV = 4> <Delay = 3.23>
ST_5 : Operation 24 [1/1] (2.43ns)   --->   "%icmp_ln7 = icmp slt i32 %max_0, %max_1" [./source/lab2_1.c:7]   --->   Operation 24 'icmp' 'icmp_ln7' <Predicate = true> <Delay = 2.43> <Core = "Cmp">   --->   Core 25 'Cmp' <Latency = 0> <II = 1> <Delay = 2.43> <FuncUnit> <Opcode : 'icmp'> <InPorts = 2> <OutPorts = 1>
ST_5 : Operation 25 [1/1] (0.79ns)   --->   "%select_ln7 = select i1 %icmp_ln7, i32 %max_1, i32 %max_0" [./source/lab2_1.c:7]   --->   Operation 25 'select' 'select_ln7' <Predicate = true> <Delay = 0.79> <Core = "Sel">   --->   Core 26 'Sel' <Latency = 0> <II = 1> <Delay = 0.79> <FuncUnit> <Opcode : 'select'> <InPorts = 3> <OutPorts = 1>
ST_5 : Operation 26 [1/1] (0.00ns)   --->   "br label %1" [./source/lab2_1.c:6]   --->   Operation 26 'br' <Predicate = true> <Delay = 0.00>


============================================================
+ Verbose Summary: Binding
============================================================
STG Binding: 
---------------- STG Properties BEGIN ----------------
- Is combinational: 0
- Is one-state seq: 0
- Is datapath-only: 0
- Is pipelined: 0
- Is top level: 1
Port [ Return ] is wired: 1; IO mode=ap_ctrl_hs:ce=0
Port [ a_in]:  wired=1; compound=1; hidden=0; nouse=0; global=0; static=0; extern=0; dir=0; type=1; pingpong=0; private_global=0; MemPort=[13]; IO mode=ap_memory:ce=0
---------------- STG Properties END ------------------

---------------- Datapath Model BEGIN ----------------

<LifeTime>
<method=bitvector/>
a_in_addr         (getelementptr    ) [ 001000]
specbitsmap_ln0   (specbitsmap      ) [ 000000]
specbitsmap_ln0   (specbitsmap      ) [ 000000]
spectopmodule_ln0 (spectopmodule    ) [ 000000]
max               (load             ) [ 001111]
br_ln6            (br               ) [ 001111]
max_0             (phi              ) [ 000111]
i_0               (phi              ) [ 000100]
icmp_ln6          (icmp             ) [ 000111]
empty             (speclooptripcount) [ 000000]
i                 (add              ) [ 001111]
br_ln6            (br               ) [ 000000]
zext_ln7          (zext             ) [ 000000]
a_in_addr_1       (getelementptr    ) [ 000010]
ret_ln10          (ret              ) [ 000000]
max_1             (load             ) [ 000001]
icmp_ln7          (icmp             ) [ 000000]
select_ln7        (select           ) [ 001111]
br_ln6            (br               ) [ 001111]
</LifeTime>

<model>

<comp_list>
<comp id="0" class="1000" name="a_in">
<pin_list>
<pin id="1" dir="1" index="0" bw="1" slack="0"/>
</pin_list>
<bind>
<StgValue><ssdm name="a_in"/><MemPortTyVec>1 3 </MemPortTyVec>
</StgValue>
</bind>
</comp>

<comp id="2" class="1001" name="const_2">
<pin_list>
<pin id="3" dir="1" index="0" bw="1" slack="0"/>
</pin_list>
<bind>
<StgValue><ssdm name=""/></StgValue>
</bind>
</comp>

<comp id="4" class="1001" name="const_4">
<pin_list>
<pin id="5" dir="1" index="0" bw="1" slack="2147483647"/>
</pin_list>
<bind>
<StgValue><ssdm name="_ssdm_op_SpecBitsMap"/></StgValue>
</bind>
</comp>

<comp id="6" class="1001" name="const_6">
<pin_list>
<pin id="7" dir="1" index="0" bw="1" slack="2147483647"/>
</pin_list>
<bind>
<StgValue><ssdm name=""/></StgValue>
</bind>
</comp>

<comp id="8" class="1001" name="const_8">
<pin_list>
<pin id="9" dir="1" index="0" bw="1" slack="2147483647"/>
</pin_list>
<bind>
<StgValue><ssdm name="_ssdm_op_SpecTopModule"/></StgValue>
</bind>
</comp>

<comp id="10" class="1001" name="const_10">
<pin_list>
<pin id="11" dir="1" index="0" bw="1" slack="2147483647"/>
</pin_list>
<bind>
<StgValue><ssdm name="find_max_str"/></StgValue>
</bind>
</comp>

<comp id="12" class="1001" name="const_12">
<pin_list>
<pin id="13" dir="1" index="0" bw="1" slack="1"/>
</pin_list>
<bind>
<StgValue><ssdm name=""/></StgValue>
</bind>
</comp>

<comp id="14" class="1001" name="const_14">
<pin_list>
<pin id="15" dir="1" index="0" bw="1" slack="0"/>
</pin_list>
<bind>
<StgValue><ssdm name=""/></StgValue>
</bind>
</comp>

<comp id="16" class="1001" name="const_16">
<pin_list>
<pin id="17" dir="1" index="0" bw="1" slack="2147483647"/>
</pin_list>
<bind>
<StgValue><ssdm name="_ssdm_op_SpecLoopTripCount"/></StgValue>
</bind>
</comp>

<comp id="18" class="1001" name="const_18">
<pin_list>
<pin id="19" dir="1" index="0" bw="1" slack="2147483647"/>
</pin_list>
<bind>
<StgValue><ssdm name=""/></StgValue>
</bind>
</comp>

<comp id="20" class="1001" name="const_20">
<pin_list>
<pin id="21" dir="1" index="0" bw="1" slack="0"/>
</pin_list>
<bind>
<StgValue><ssdm name=""/></StgValue>
</bind>
</comp>

<comp id="22" class="1004" name="a_in_addr_gep_fu_22">
<pin_list>
<pin id="23" dir="0" index="0" bw="32" slack="0"/>
<pin id="24" dir="0" index="1" bw="1" slack="0"/>
<pin id="25" dir="0" index="2" bw="1" slack="0"/>
<pin id="26" dir="1" index="3" bw="7" slack="0"/>
</pin_list>
<bind>
<opcode="getelementptr(29) " fcode="getelementptr"/>
<opset="a_in_addr/1 "/>
</bind>
</comp>

<comp id="30" class="1004" name="grp_access_fu_30">
<pin_list>
<pin id="31" dir="0" index="0" bw="7" slack="0"/>
<pin id="32" dir="0" index="1" bw="32" slack="2147483647"/>
<pin id="33" dir="0" index="2" bw="0" slack="2147483647"/>
<pin id="34" dir="1" index="3" bw="32" slack="1"/>
</pin_list>
<bind>
<opcode="load(27) " fcode="load"/>
<opset="max/1 max_1/3 "/>
</bind>
</comp>

<comp id="36" class="1004" name="a_in_addr_1_gep_fu_36">
<pin_list>
<pin id="37" dir="0" index="0" bw="32" slack="0"/>
<pin id="38" dir="0" index="1" bw="1" slack="0"/>
<pin id="39" dir="0" index="2" bw="8" slack="0"/>
<pin id="40" dir="1" index="3" bw="7" slack="0"/>
</pin_list>
<bind>
<opcode="getelementptr(29) " fcode="getelementptr"/>
<opset="a_in_addr_1/3 "/>
</bind>
</comp>

<comp id="44" class="1005" name="max_0_reg_44">
<pin_list>
<pin id="45" dir="0" index="0" bw="32" slack="2"/>
<pin id="46" dir="1" index="1" bw="32" slack="2"/>
</pin_list>
<bind>
<opset="max_0 (phireg) "/>
</bind>
</comp>

<comp id="47" class="1004" name="max_0_phi_fu_47">
<pin_list>
<pin id="48" dir="0" index="0" bw="32" slack="1"/>
<pin id="49" dir="0" index="1" bw="0" slack="2147483647"/>
<pin id="50" dir="0" index="2" bw="32" slack="1"/>
<pin id="51" dir="0" index="3" bw="0" slack="2147483647"/>
<pin id="52" dir="1" index="4" bw="32" slack="2"/>
</pin_list>
<bind>
<opcode="phi(47) " fcode="phi"/>
<opset="max_0/3 "/>
</bind>
</comp>

<comp id="54" class="1005" name="i_0_reg_54">
<pin_list>
<pin id="55" dir="0" index="0" bw="8" slack="1"/>
<pin id="56" dir="1" index="1" bw="8" slack="1"/>
</pin_list>
<bind>
<opset="i_0 (phireg) "/>
</bind>
</comp>

<comp id="58" class="1004" name="i_0_phi_fu_58">
<pin_list>
<pin id="59" dir="0" index="0" bw="1" slack="1"/>
<pin id="60" dir="0" index="1" bw="0" slack="2147483647"/>
<pin id="61" dir="0" index="2" bw="8" slack="0"/>
<pin id="62" dir="0" index="3" bw="0" slack="2147483647"/>
<pin id="63" dir="1" index="4" bw="8" slack="0"/>
</pin_list>
<bind>
<opcode="phi(47) " fcode="phi"/>
<opset="i_0/3 "/>
</bind>
</comp>

<comp id="65" class="1004" name="icmp_ln6_fu_65">
<pin_list>
<pin id="66" dir="0" index="0" bw="8" slack="0"/>
<pin id="67" dir="0" index="1" bw="8" slack="0"/>
<pin id="68" dir="1" index="2" bw="1" slack="2147483647"/>
</pin_list>
<bind>
<opcode="icmp(45) " fcode="icmp"/>
<opset="icmp_ln6/3 "/>
</bind>
</comp>

<comp id="71" class="1004" name="i_fu_71">
<pin_list>
<pin id="72" dir="0" index="0" bw="8" slack="0"/>
<pin id="73" dir="0" index="1" bw="1" slack="0"/>
<pin id="74" dir="1" index="2" bw="8" slack="0"/>
</pin_list>
<bind>
<opcode="add(8) " fcode="add"/>
<opset="i/3 "/>
</bind>
</comp>

<comp id="77" class="1004" name="zext_ln7_fu_77">
<pin_list>
<pin id="78" dir="0" index="0" bw="8" slack="0"/>
<pin id="79" dir="1" index="1" bw="64" slack="0"/>
</pin_list>
<bind>
<opcode="zext(34) " fcode="zext"/>
<opset="zext_ln7/3 "/>
</bind>
</comp>

<comp id="82" class="1004" name="icmp_ln7_fu_82">
<pin_list>
<pin id="83" dir="0" index="0" bw="32" slack="2"/>
<pin id="84" dir="0" index="1" bw="32" slack="1"/>
<pin id="85" dir="1" index="2" bw="1" slack="0"/>
</pin_list>
<bind>
<opcode="icmp(45) " fcode="icmp"/>
<opset="icmp_ln7/5 "/>
</bind>
</comp>

<comp id="87" class="1004" name="select_ln7_fu_87">
<pin_list>
<pin id="88" dir="0" index="0" bw="1" slack="0"/>
<pin id="89" dir="0" index="1" bw="32" slack="1"/>
<pin id="90" dir="0" index="2" bw="32" slack="2"/>
<pin id="91" dir="1" index="3" bw="32" slack="1"/>
</pin_list>
<bind>
<opcode="select(49) " fcode="select"/>
<opset="select_ln7/5 "/>
</bind>
</comp>

<comp id="94" class="1005" name="a_in_addr_reg_94">
<pin_list>
<pin id="95" dir="0" index="0" bw="7" slack="1"/>
<pin id="96" dir="1" index="1" bw="7" slack="1"/>
</pin_list>
<bind>
<opset="a_in_addr "/>
</bind>
</comp>

<comp id="99" class="1005" name="max_reg_99">
<pin_list>
<pin id="100" dir="0" index="0" bw="32" slack="1"/>
<pin id="101" dir="1" index="1" bw="32" slack="1"/>
</pin_list>
<bind>
<opset="max "/>
</bind>
</comp>

<comp id="107" class="1005" name="i_reg_107">
<pin_list>
<pin id="108" dir="0" index="0" bw="8" slack="0"/>
<pin id="109" dir="1" index="1" bw="8" slack="0"/>
</pin_list>
<bind>
<opset="i "/>
</bind>
</comp>

<comp id="112" class="1005" name="a_in_addr_1_reg_112">
<pin_list>
<pin id="113" dir="0" index="0" bw="7" slack="1"/>
<pin id="114" dir="1" index="1" bw="7" slack="1"/>
</pin_list>
<bind>
<opset="a_in_addr_1 "/>
</bind>
</comp>

<comp id="117" class="1005" name="max_1_reg_117">
<pin_list>
<pin id="118" dir="0" index="0" bw="32" slack="1"/>
<pin id="119" dir="1" index="1" bw="32" slack="1"/>
</pin_list>
<bind>
<opset="max_1 "/>
</bind>
</comp>

<comp id="123" class="1005" name="select_ln7_reg_123">
<pin_list>
<pin id="124" dir="0" index="0" bw="32" slack="1"/>
<pin id="125" dir="1" index="1" bw="32" slack="1"/>
</pin_list>
<bind>
<opset="select_ln7 "/>
</bind>
</comp>

</comp_list>

<net_list>
<net id="27"><net_src comp="0" pin="0"/><net_sink comp="22" pin=0"/></net>

<net id="28"><net_src comp="2" pin="0"/><net_sink comp="22" pin=1"/></net>

<net id="29"><net_src comp="2" pin="0"/><net_sink comp="22" pin=2"/></net>

<net id="35"><net_src comp="22" pin="3"/><net_sink comp="30" pin=0"/></net>

<net id="41"><net_src comp="0" pin="0"/><net_sink comp="36" pin=0"/></net>

<net id="42"><net_src comp="2" pin="0"/><net_sink comp="36" pin=1"/></net>

<net id="43"><net_src comp="36" pin="3"/><net_sink comp="30" pin=0"/></net>

<net id="53"><net_src comp="47" pin="4"/><net_sink comp="44" pin=0"/></net>

<net id="57"><net_src comp="12" pin="0"/><net_sink comp="54" pin=0"/></net>

<net id="64"><net_src comp="54" pin="1"/><net_sink comp="58" pin=0"/></net>

<net id="69"><net_src comp="58" pin="4"/><net_sink comp="65" pin=0"/></net>

<net id="70"><net_src comp="14" pin="0"/><net_sink comp="65" pin=1"/></net>

<net id="75"><net_src comp="58" pin="4"/><net_sink comp="71" pin=0"/></net>

<net id="76"><net_src comp="20" pin="0"/><net_sink comp="71" pin=1"/></net>

<net id="80"><net_src comp="58" pin="4"/><net_sink comp="77" pin=0"/></net>

<net id="81"><net_src comp="77" pin="1"/><net_sink comp="36" pin=2"/></net>

<net id="86"><net_src comp="44" pin="1"/><net_sink comp="82" pin=0"/></net>

<net id="92"><net_src comp="82" pin="2"/><net_sink comp="87" pin=0"/></net>

<net id="93"><net_src comp="44" pin="1"/><net_sink comp="87" pin=2"/></net>

<net id="97"><net_src comp="22" pin="3"/><net_sink comp="94" pin=0"/></net>

<net id="98"><net_src comp="94" pin="1"/><net_sink comp="30" pin=0"/></net>

<net id="102"><net_src comp="30" pin="3"/><net_sink comp="99" pin=0"/></net>

<net id="103"><net_src comp="99" pin="1"/><net_sink comp="47" pin=0"/></net>

<net id="110"><net_src comp="71" pin="2"/><net_sink comp="107" pin=0"/></net>

<net id="111"><net_src comp="107" pin="1"/><net_sink comp="58" pin=2"/></net>

<net id="115"><net_src comp="36" pin="3"/><net_sink comp="112" pin=0"/></net>

<net id="116"><net_src comp="112" pin="1"/><net_sink comp="30" pin=0"/></net>

<net id="120"><net_src comp="30" pin="3"/><net_sink comp="117" pin=0"/></net>

<net id="121"><net_src comp="117" pin="1"/><net_sink comp="82" pin=1"/></net>

<net id="122"><net_src comp="117" pin="1"/><net_sink comp="87" pin=1"/></net>

<net id="126"><net_src comp="87" pin="3"/><net_sink comp="123" pin=0"/></net>

<net id="127"><net_src comp="123" pin="1"/><net_sink comp="47" pin=2"/></net>

</net_list>

</model> 
---------------- Datapath Model END ------------------

* FSMD analyzer results:
  - Output states:
 - Input state : 
	Port: find_max : a_in | {1 2 3 4 }
  - Chain level:
	State 1
		max : 1
	State 2
	State 3
		icmp_ln6 : 1
		i : 1
		br_ln6 : 2
		zext_ln7 : 1
		a_in_addr_1 : 2
		max_1 : 3
		ret_ln10 : 1
	State 4
	State 5
		select_ln7 : 1


============================================================
+ Verbose Summary: Datapath Resource usage 
============================================================

* Functional unit list:
|----------|------------------|---------|---------|
| Operation|  Functional Unit |    FF   |   LUT   |
|----------|------------------|---------|---------|
|  select  | select_ln7_fu_87 |    0    |    32   |
|----------|------------------|---------|---------|
|   icmp   |  icmp_ln6_fu_65  |    0    |    11   |
|          |  icmp_ln7_fu_82  |    0    |    18   |
|----------|------------------|---------|---------|
|    add   |      i_fu_71     |    0    |    15   |
|----------|------------------|---------|---------|
|   zext   |  zext_ln7_fu_77  |    0    |    0    |
|----------|------------------|---------|---------|
|   Total  |                  |    0    |    76   |
|----------|------------------|---------|---------|

Memories:
N/A

* Register list:
+-------------------+--------+
|                   |   FF   |
+-------------------+--------+
|a_in_addr_1_reg_112|    7   |
|  a_in_addr_reg_94 |    7   |
|     i_0_reg_54    |    8   |
|     i_reg_107     |    8   |
|    max_0_reg_44   |   32   |
|   max_1_reg_117   |   32   |
|     max_reg_99    |   32   |
| select_ln7_reg_123|   32   |
+-------------------+--------+
|       Total       |   158  |
+-------------------+--------+

* Multiplexer (MUX) list: 
|------------------|------|------|------|--------||---------||---------|
|       Comp       |  Pin | Size |  BW  | S x BW ||  Delay  ||   LUT   |
|------------------|------|------|------|--------||---------||---------|
| grp_access_fu_30 |  p0  |   4  |   7  |   28   ||    21   |
|------------------|------|------|------|--------||---------||---------|
|       Total      |      |      |      |   28   ||  1.7535 ||    21   |
|------------------|------|------|------|--------||---------||---------|



* Summary:
+-----------+--------+--------+--------+
|           |  Delay |   FF   |   LUT  |
+-----------+--------+--------+--------+
|  Function |    -   |    0   |   76   |
|   Memory  |    -   |    -   |    -   |
|Multiplexer|    1   |    -   |   21   |
|  Register |    -   |   158  |    -   |
+-----------+--------+--------+--------+
|   Total   |    1   |   158  |   97   |
+-----------+--------+--------+--------+
