

================================================================
== Vivado HLS Report for 'gauss_blur'
================================================================
* Date:           Tue Nov 30 11:49:08 2021

* Version:        2020.1 (Build 2897737 on Wed May 27 20:21:37 MDT 2020)
* Project:        course_prj
* Solution:       sol7
* Product family: artix7
* Target device:  xa7a12t-csg325-1Q


================================================================
== Performance Estimates
================================================================
+ Timing: 
    * Summary: 
    +------+---------+----------+------------+
    | Clock|  Target | Estimated| Uncertainty|
    +------+---------+----------+------------+
    |clk   | 6.00 ns | 4.685 ns |   0.10 ns  |
    +------+---------+----------+------------+

+ Latency: 
    * Summary: 
    +---------+---------+-----------+-----------+---------+---------+---------+
    |  Latency (cycles) |   Latency (absolute)  |      Interval     | Pipeline|
    |   min   |   max   |    min    |    max    |   min   |   max   |   Type  |
    +---------+---------+-----------+-----------+---------+---------+---------+
    |  2159564|  7092700| 12.957 ms | 42.556 ms |  2159564|  7092700|   none  |
    +---------+---------+-----------+-----------+---------+---------+---------+

    + Detail: 
        * Instance: 
        N/A

        * Loop: 
        +---------------+---------+---------+--------------+-----------+-----------+------+----------+
        |               |  Latency (cycles) |   Iteration  |  Initiation Interval  | Trip |          |
        |   Loop Name   |   min   |   max   |    Latency   |  achieved |   target  | Count| Pipelined|
        +---------------+---------+---------+--------------+-----------+-----------+------+----------+
        |- Loop 1       |       33|       33|            11|          -|          -|     3|    no    |
        | + Loop 1.1    |        9|        9|             3|          -|          -|     3|    no    |
        |- L2           |  2159529|  7092665| 3369 ~ 11065 |          -|          -|   641|    no    |
        | + L1          |     3367|    11063|    7 ~ 23    |          -|          -|   481|    no    |
        |  ++ L1.1      |        3|        3|             1|          -|          -|     3|    no    |
        |  ++ row_loop  |       15|       15|             5|          -|          -|     3|    no    |
        +---------------+---------+---------+--------------+-----------+-----------+------+----------+

============================================================
+ Verbose Summary: Synthesis Manager
============================================================
InlineROM: 1
ExposeGlobal: 0
============================================================
+ Verbose Summary: CDFG Model
============================================================
IsTopModel: 1
ResetActiveHigh: 1
IsCombinational: 0
IsDatapathOnly: 0
HasWiredReturn: 1
HasMFsm: 0
HasVarLatency: 1
IsPipeline: 0
IsRtlPipelined: 0
IsInstanceOverlapped: 0
IsDontTouch: 0
HasImplIP: 0
IsGatedGlobalClock: 0


============================================================
+ Verbose Summary: Schedule
============================================================
* Number of FSM states : 15
* Pipeline : 0
* Dataflow Pipeline: 0

* FSM state transitions: 
1 --> 2 
2 --> 3 6 
3 --> 4 2 
4 --> 5 
5 --> 3 
6 --> 7 
7 --> 8 6 
8 --> 8 9 10 
9 --> 10 
10 --> 11 
11 --> 12 7 
12 --> 13 
13 --> 14 
14 --> 15 
15 --> 11 

* FSM state operations: 

State 1 <SV = 0> <Delay = 1.66>
ST_1 : Operation 16 [1/1] (0.00ns)   --->   "%kernel_2_2 = alloca i8"   --->   Operation 16 'alloca' 'kernel_2_2' <Predicate = true> <Delay = 0.00>
ST_1 : Operation 17 [1/1] (0.00ns)   --->   "%kernel_2_2_1 = alloca i8"   --->   Operation 17 'alloca' 'kernel_2_2_1' <Predicate = true> <Delay = 0.00>
ST_1 : Operation 18 [1/1] (0.00ns)   --->   "%kernel_2_2_2 = alloca i8"   --->   Operation 18 'alloca' 'kernel_2_2_2' <Predicate = true> <Delay = 0.00>
ST_1 : Operation 19 [1/1] (0.00ns)   --->   "%kernel_2_2_3 = alloca i8"   --->   Operation 19 'alloca' 'kernel_2_2_3' <Predicate = true> <Delay = 0.00>
ST_1 : Operation 20 [1/1] (0.00ns)   --->   "%kernel_2_2_4 = alloca i8"   --->   Operation 20 'alloca' 'kernel_2_2_4' <Predicate = true> <Delay = 0.00>
ST_1 : Operation 21 [1/1] (0.00ns)   --->   "%kernel_2_2_5 = alloca i8"   --->   Operation 21 'alloca' 'kernel_2_2_5' <Predicate = true> <Delay = 0.00>
ST_1 : Operation 22 [1/1] (0.00ns)   --->   "%kernel_2_2_6 = alloca i8"   --->   Operation 22 'alloca' 'kernel_2_2_6' <Predicate = true> <Delay = 0.00>
ST_1 : Operation 23 [1/1] (0.00ns)   --->   "%kernel_2_2_7 = alloca i8"   --->   Operation 23 'alloca' 'kernel_2_2_7' <Predicate = true> <Delay = 0.00>
ST_1 : Operation 24 [1/1] (0.00ns)   --->   "%kernel_2_2_8 = alloca i8"   --->   Operation 24 'alloca' 'kernel_2_2_8' <Predicate = true> <Delay = 0.00>
ST_1 : Operation 25 [1/1] (0.00ns)   --->   "call void (...)* @_ssdm_op_SpecBitsMap(i8* %inImage) nounwind, !map !13"   --->   Operation 25 'specbitsmap' <Predicate = true> <Delay = 0.00>
ST_1 : Operation 26 [1/1] (0.00ns)   --->   "call void (...)* @_ssdm_op_SpecBitsMap([9 x i8]* %gauss_kernel) nounwind, !map !20"   --->   Operation 26 'specbitsmap' <Predicate = true> <Delay = 0.00>
ST_1 : Operation 27 [1/1] (0.00ns)   --->   "call void (...)* @_ssdm_op_SpecBitsMap(i8* %outImage) nounwind, !map !26"   --->   Operation 27 'specbitsmap' <Predicate = true> <Delay = 0.00>
ST_1 : Operation 28 [1/1] (0.00ns)   --->   "call void (...)* @_ssdm_op_SpecTopModule([11 x i8]* @gauss_blur_str) nounwind"   --->   Operation 28 'spectopmodule' <Predicate = true> <Delay = 0.00>
ST_1 : Operation 29 [1/1] (0.00ns)   --->   "%part_buffer_0 = alloca [480 x i8], align 16" [./source/course_prj.c:44]   --->   Operation 29 'alloca' 'part_buffer_0' <Predicate = true> <Delay = 0.00> <Core = "RAM">   --->   Core 37 'RAM' <Latency = 1> <II = 1> <Delay = 3.25> <Storage> <Opcode : 'load' 'store'> <Ports = 2> <Width = 8> <Depth = 480> <RAM>
ST_1 : Operation 30 [1/1] (0.00ns)   --->   "%part_buffer_1 = alloca [480 x i8], align 16" [./source/course_prj.c:44]   --->   Operation 30 'alloca' 'part_buffer_1' <Predicate = true> <Delay = 0.00> <Core = "RAM">   --->   Core 37 'RAM' <Latency = 1> <II = 1> <Delay = 3.25> <Storage> <Opcode : 'load' 'store'> <Ports = 2> <Width = 8> <Depth = 480> <RAM>
ST_1 : Operation 31 [1/1] (0.00ns)   --->   "call void (...)* @_ssdm_op_SpecInterface(i8* %inImage, [8 x i8]* @p_str3, i32 0, i32 0, [1 x i8]* @p_str2, i32 0, i32 0, [1 x i8]* @p_str2, [1 x i8]* @p_str2, [1 x i8]* @p_str2, i32 0, i32 0, i32 0, i32 0, [1 x i8]* @p_str2, [1 x i8]* @p_str2)" [./source/course_prj.c:33]   --->   Operation 31 'specinterface' <Predicate = true> <Delay = 0.00>
ST_1 : Operation 32 [1/1] (0.00ns)   --->   "call void (...)* @_ssdm_op_SpecInterface(i8* %outImage, [8 x i8]* @p_str3, i32 0, i32 0, [1 x i8]* @p_str2, i32 0, i32 0, [1 x i8]* @p_str2, [1 x i8]* @p_str2, [1 x i8]* @p_str2, i32 0, i32 0, i32 0, i32 0, [1 x i8]* @p_str2, [1 x i8]* @p_str2)" [./source/course_prj.c:33]   --->   Operation 32 'specinterface' <Predicate = true> <Delay = 0.00>
ST_1 : Operation 33 [1/1] (1.66ns)   --->   "br label %.loopexit" [./source/course_prj.c:38]   --->   Operation 33 'br' <Predicate = true> <Delay = 1.66>

State 2 <SV = 1> <Delay = 1.77>
ST_2 : Operation 34 [1/1] (0.00ns)   --->   "%i_0 = phi i2 [ 0, %0 ], [ %i, %.loopexit.loopexit ]"   --->   Operation 34 'phi' 'i_0' <Predicate = true> <Delay = 0.00>
ST_2 : Operation 35 [1/1] (0.93ns)   --->   "%icmp_ln38 = icmp eq i2 %i_0, -1" [./source/course_prj.c:38]   --->   Operation 35 'icmp' 'icmp_ln38' <Predicate = true> <Delay = 0.93> <Core = "Cmp">   --->   Core 25 'Cmp' <Latency = 0> <II = 1> <Delay = 0.93> <FuncUnit> <Opcode : 'icmp'> <InPorts = 2> <OutPorts = 1>
ST_2 : Operation 36 [1/1] (0.00ns)   --->   "%empty = call i32 (...)* @_ssdm_op_SpecLoopTripCount(i64 3, i64 3, i64 3) nounwind"   --->   Operation 36 'speclooptripcount' 'empty' <Predicate = true> <Delay = 0.00>
ST_2 : Operation 37 [1/1] (1.58ns)   --->   "%i = add i2 %i_0, 1" [./source/course_prj.c:38]   --->   Operation 37 'add' 'i' <Predicate = true> <Delay = 1.58> <Core = "AddSub">   --->   Core 14 'AddSub' <Latency = 0> <II = 1> <Delay = 2.28> <FuncUnit> <Opcode : 'add' 'sub'> <InPorts = 2> <OutPorts = 1>
ST_2 : Operation 38 [1/1] (0.00ns)   --->   "br i1 %icmp_ln38, label %.preheader.preheader, label %.preheader5.preheader" [./source/course_prj.c:38]   --->   Operation 38 'br' <Predicate = true> <Delay = 0.00>
ST_2 : Operation 39 [1/1] (0.00ns)   --->   "%zext_ln40 = zext i2 %i_0 to i5" [./source/course_prj.c:40]   --->   Operation 39 'zext' 'zext_ln40' <Predicate = (!icmp_ln38)> <Delay = 0.00>
ST_2 : Operation 40 [1/1] (0.00ns)   --->   "%tmp_8 = call i4 @_ssdm_op_BitConcatenate.i4.i2.i2(i2 %i_0, i2 0)" [./source/course_prj.c:40]   --->   Operation 40 'bitconcatenate' 'tmp_8' <Predicate = (!icmp_ln38)> <Delay = 0.00>
ST_2 : Operation 41 [1/1] (0.00ns)   --->   "%zext_ln40_1 = zext i4 %tmp_8 to i5" [./source/course_prj.c:40]   --->   Operation 41 'zext' 'zext_ln40_1' <Predicate = (!icmp_ln38)> <Delay = 0.00>
ST_2 : Operation 42 [1/1] (1.77ns)   --->   "%sub_ln40 = sub i5 %zext_ln40_1, %zext_ln40" [./source/course_prj.c:40]   --->   Operation 42 'sub' 'sub_ln40' <Predicate = (!icmp_ln38)> <Delay = 1.77> <Core = "AddSub">   --->   Core 14 'AddSub' <Latency = 0> <II = 1> <Delay = 2.28> <FuncUnit> <Opcode : 'add' 'sub'> <InPorts = 2> <OutPorts = 1>
ST_2 : Operation 43 [1/1] (1.66ns)   --->   "br label %.preheader5" [./source/course_prj.c:39]   --->   Operation 43 'br' <Predicate = (!icmp_ln38)> <Delay = 1.66>
ST_2 : Operation 44 [1/1] (0.00ns)   --->   "%window_2_0 = alloca i8"   --->   Operation 44 'alloca' 'window_2_0' <Predicate = (icmp_ln38)> <Delay = 0.00>
ST_2 : Operation 45 [1/1] (0.00ns)   --->   "%window_2_1 = alloca i8"   --->   Operation 45 'alloca' 'window_2_1' <Predicate = (icmp_ln38)> <Delay = 0.00>
ST_2 : Operation 46 [1/1] (0.00ns)   --->   "%window_0_2_1 = alloca i8"   --->   Operation 46 'alloca' 'window_0_2_1' <Predicate = (icmp_ln38)> <Delay = 0.00>
ST_2 : Operation 47 [1/1] (0.00ns)   --->   "%window_2_0_1 = alloca i8"   --->   Operation 47 'alloca' 'window_2_0_1' <Predicate = (icmp_ln38)> <Delay = 0.00>
ST_2 : Operation 48 [1/1] (0.00ns)   --->   "%window_2_1_1 = alloca i8"   --->   Operation 48 'alloca' 'window_2_1_1' <Predicate = (icmp_ln38)> <Delay = 0.00>
ST_2 : Operation 49 [1/1] (0.00ns)   --->   "%window_1_2_1 = alloca i8"   --->   Operation 49 'alloca' 'window_1_2_1' <Predicate = (icmp_ln38)> <Delay = 0.00>
ST_2 : Operation 50 [1/1] (0.00ns)   --->   "%window_2_0_2 = alloca i8"   --->   Operation 50 'alloca' 'window_2_0_2' <Predicate = (icmp_ln38)> <Delay = 0.00>
ST_2 : Operation 51 [1/1] (0.00ns)   --->   "%window_2_1_2 = alloca i8"   --->   Operation 51 'alloca' 'window_2_1_2' <Predicate = (icmp_ln38)> <Delay = 0.00>
ST_2 : Operation 52 [1/1] (0.00ns)   --->   "%window_2_2_1 = alloca i8"   --->   Operation 52 'alloca' 'window_2_2_1' <Predicate = (icmp_ln38)> <Delay = 0.00>
ST_2 : Operation 53 [1/1] (1.66ns)   --->   "br label %.preheader" [./source/course_prj.c:46]   --->   Operation 53 'br' <Predicate = (icmp_ln38)> <Delay = 1.66>

State 3 <SV = 2> <Delay = 4.01>
ST_3 : Operation 54 [1/1] (0.00ns)   --->   "%j_0 = phi i2 [ 0, %.preheader5.preheader ], [ %j, %.preheader5.backedge ]"   --->   Operation 54 'phi' 'j_0' <Predicate = true> <Delay = 0.00>
ST_3 : Operation 55 [1/1] (0.93ns)   --->   "%icmp_ln39 = icmp eq i2 %j_0, -1" [./source/course_prj.c:39]   --->   Operation 55 'icmp' 'icmp_ln39' <Predicate = true> <Delay = 0.93> <Core = "Cmp">   --->   Core 25 'Cmp' <Latency = 0> <II = 1> <Delay = 0.93> <FuncUnit> <Opcode : 'icmp'> <InPorts = 2> <OutPorts = 1>
ST_3 : Operation 56 [1/1] (0.00ns)   --->   "%empty_6 = call i32 (...)* @_ssdm_op_SpecLoopTripCount(i64 3, i64 3, i64 3) nounwind"   --->   Operation 56 'speclooptripcount' 'empty_6' <Predicate = true> <Delay = 0.00>
ST_3 : Operation 57 [1/1] (1.58ns)   --->   "%j = add i2 %j_0, 1" [./source/course_prj.c:39]   --->   Operation 57 'add' 'j' <Predicate = true> <Delay = 1.58> <Core = "AddSub">   --->   Core 14 'AddSub' <Latency = 0> <II = 1> <Delay = 2.28> <FuncUnit> <Opcode : 'add' 'sub'> <InPorts = 2> <OutPorts = 1>
ST_3 : Operation 58 [1/1] (0.00ns)   --->   "br i1 %icmp_ln39, label %.loopexit.loopexit, label %1" [./source/course_prj.c:39]   --->   Operation 58 'br' <Predicate = true> <Delay = 0.00>
ST_3 : Operation 59 [1/1] (0.00ns)   --->   "%zext_ln40_2 = zext i2 %j_0 to i5" [./source/course_prj.c:40]   --->   Operation 59 'zext' 'zext_ln40_2' <Predicate = (!icmp_ln39)> <Delay = 0.00>
ST_3 : Operation 60 [1/1] (1.86ns)   --->   "%add_ln40 = add i5 %sub_ln40, %zext_ln40_2" [./source/course_prj.c:40]   --->   Operation 60 'add' 'add_ln40' <Predicate = (!icmp_ln39)> <Delay = 1.86> <Core = "AddSub">   --->   Core 14 'AddSub' <Latency = 0> <II = 1> <Delay = 2.28> <FuncUnit> <Opcode : 'add' 'sub'> <InPorts = 2> <OutPorts = 1>
ST_3 : Operation 61 [1/1] (0.00ns)   --->   "%sext_ln40 = sext i5 %add_ln40 to i64" [./source/course_prj.c:40]   --->   Operation 61 'sext' 'sext_ln40' <Predicate = (!icmp_ln39)> <Delay = 0.00>
ST_3 : Operation 62 [1/1] (0.00ns)   --->   "%gauss_kernel_addr = getelementptr [9 x i8]* %gauss_kernel, i64 0, i64 %sext_ln40" [./source/course_prj.c:40]   --->   Operation 62 'getelementptr' 'gauss_kernel_addr' <Predicate = (!icmp_ln39)> <Delay = 0.00>
ST_3 : Operation 63 [2/2] (2.15ns)   --->   "%kernel_2_0 = load i8* %gauss_kernel_addr, align 1" [./source/course_prj.c:40]   --->   Operation 63 'load' 'kernel_2_0' <Predicate = (!icmp_ln39)> <Delay = 2.15> <Core = "RAM">   --->   Core 37 'RAM' <Latency = 1> <II = 1> <Delay = 3.25> <Storage> <Opcode : 'load' 'store'> <Ports = 2> <Width = 8> <Depth = 480> <RAM>
ST_3 : Operation 64 [1/1] (0.00ns)   --->   "br label %.loopexit"   --->   Operation 64 'br' <Predicate = (icmp_ln39)> <Delay = 0.00>

State 4 <SV = 3> <Delay = 2.15>
ST_4 : Operation 65 [1/2] (2.15ns)   --->   "%kernel_2_0 = load i8* %gauss_kernel_addr, align 1" [./source/course_prj.c:40]   --->   Operation 65 'load' 'kernel_2_0' <Predicate = true> <Delay = 2.15> <Core = "RAM">   --->   Core 37 'RAM' <Latency = 1> <II = 1> <Delay = 3.25> <Storage> <Opcode : 'load' 'store'> <Ports = 2> <Width = 8> <Depth = 480> <RAM>
ST_4 : Operation 66 [1/1] (1.18ns)   --->   "switch i2 %i_0, label %branch8 [
    i2 0, label %branch6
    i2 1, label %branch7
  ]" [./source/course_prj.c:40]   --->   Operation 66 'switch' <Predicate = true> <Delay = 1.18>
ST_4 : Operation 67 [1/1] (1.18ns)   --->   "switch i2 %j_0, label %branch14 [
    i2 0, label %branch7..preheader5.backedge_crit_edge
    i2 1, label %branch13
  ]" [./source/course_prj.c:40]   --->   Operation 67 'switch' <Predicate = (i_0 == 1)> <Delay = 1.18>
ST_4 : Operation 68 [1/1] (0.00ns)   --->   "store i8 %kernel_2_0, i8* %kernel_2_2_4" [./source/course_prj.c:40]   --->   Operation 68 'store' <Predicate = (i_0 == 1 & j_0 == 1)> <Delay = 0.00>
ST_4 : Operation 69 [1/1] (0.00ns)   --->   "br label %.preheader5.backedge" [./source/course_prj.c:40]   --->   Operation 69 'br' <Predicate = (i_0 == 1 & j_0 == 1)> <Delay = 0.00>
ST_4 : Operation 70 [1/1] (0.00ns)   --->   "store i8 %kernel_2_0, i8* %kernel_2_2_3" [./source/course_prj.c:40]   --->   Operation 70 'store' <Predicate = (i_0 == 1 & j_0 == 0)> <Delay = 0.00>
ST_4 : Operation 71 [1/1] (0.00ns)   --->   "br label %.preheader5.backedge" [./source/course_prj.c:40]   --->   Operation 71 'br' <Predicate = (i_0 == 1 & j_0 == 0)> <Delay = 0.00>
ST_4 : Operation 72 [1/1] (0.00ns)   --->   "store i8 %kernel_2_0, i8* %kernel_2_2_5" [./source/course_prj.c:40]   --->   Operation 72 'store' <Predicate = (i_0 == 1 & j_0 != 0 & j_0 != 1)> <Delay = 0.00>
ST_4 : Operation 73 [1/1] (0.00ns)   --->   "br label %.preheader5.backedge" [./source/course_prj.c:40]   --->   Operation 73 'br' <Predicate = (i_0 == 1 & j_0 != 0 & j_0 != 1)> <Delay = 0.00>
ST_4 : Operation 74 [1/1] (1.18ns)   --->   "switch i2 %j_0, label %branch11 [
    i2 0, label %branch6..preheader5.backedge_crit_edge
    i2 1, label %branch10
  ]" [./source/course_prj.c:40]   --->   Operation 74 'switch' <Predicate = (i_0 == 0)> <Delay = 1.18>
ST_4 : Operation 75 [1/1] (0.00ns)   --->   "store i8 %kernel_2_0, i8* %kernel_2_2_1" [./source/course_prj.c:40]   --->   Operation 75 'store' <Predicate = (i_0 == 0 & j_0 == 1)> <Delay = 0.00>
ST_4 : Operation 76 [1/1] (0.00ns)   --->   "br label %.preheader5.backedge" [./source/course_prj.c:40]   --->   Operation 76 'br' <Predicate = (i_0 == 0 & j_0 == 1)> <Delay = 0.00>
ST_4 : Operation 77 [1/1] (0.00ns)   --->   "store i8 %kernel_2_0, i8* %kernel_2_2" [./source/course_prj.c:40]   --->   Operation 77 'store' <Predicate = (i_0 == 0 & j_0 == 0)> <Delay = 0.00>
ST_4 : Operation 78 [1/1] (0.00ns)   --->   "br label %.preheader5.backedge" [./source/course_prj.c:40]   --->   Operation 78 'br' <Predicate = (i_0 == 0 & j_0 == 0)> <Delay = 0.00>
ST_4 : Operation 79 [1/1] (0.00ns)   --->   "store i8 %kernel_2_0, i8* %kernel_2_2_2" [./source/course_prj.c:40]   --->   Operation 79 'store' <Predicate = (i_0 == 0 & j_0 != 0 & j_0 != 1)> <Delay = 0.00>
ST_4 : Operation 80 [1/1] (0.00ns)   --->   "br label %.preheader5.backedge" [./source/course_prj.c:40]   --->   Operation 80 'br' <Predicate = (i_0 == 0 & j_0 != 0 & j_0 != 1)> <Delay = 0.00>
ST_4 : Operation 81 [1/1] (1.18ns)   --->   "switch i2 %j_0, label %branch17 [
    i2 0, label %branch8..preheader5.backedge_crit_edge
    i2 1, label %branch16
  ]" [./source/course_prj.c:40]   --->   Operation 81 'switch' <Predicate = (i_0 != 0 & i_0 != 1)> <Delay = 1.18>
ST_4 : Operation 82 [1/1] (0.00ns)   --->   "store i8 %kernel_2_0, i8* %kernel_2_2_7" [./source/course_prj.c:40]   --->   Operation 82 'store' <Predicate = (i_0 != 0 & i_0 != 1 & j_0 == 1)> <Delay = 0.00>
ST_4 : Operation 83 [1/1] (0.00ns)   --->   "br label %.preheader5.backedge" [./source/course_prj.c:40]   --->   Operation 83 'br' <Predicate = (i_0 != 0 & i_0 != 1 & j_0 == 1)> <Delay = 0.00>
ST_4 : Operation 84 [1/1] (0.00ns)   --->   "store i8 %kernel_2_0, i8* %kernel_2_2_6" [./source/course_prj.c:40]   --->   Operation 84 'store' <Predicate = (i_0 != 0 & i_0 != 1 & j_0 == 0)> <Delay = 0.00>
ST_4 : Operation 85 [1/1] (0.00ns)   --->   "br label %.preheader5.backedge" [./source/course_prj.c:40]   --->   Operation 85 'br' <Predicate = (i_0 != 0 & i_0 != 1 & j_0 == 0)> <Delay = 0.00>
ST_4 : Operation 86 [1/1] (0.00ns)   --->   "store i8 %kernel_2_0, i8* %kernel_2_2_8" [./source/course_prj.c:40]   --->   Operation 86 'store' <Predicate = (i_0 != 0 & i_0 != 1 & j_0 != 0 & j_0 != 1)> <Delay = 0.00>
ST_4 : Operation 87 [1/1] (0.00ns)   --->   "br label %.preheader5.backedge" [./source/course_prj.c:40]   --->   Operation 87 'br' <Predicate = (i_0 != 0 & i_0 != 1 & j_0 != 0 & j_0 != 1)> <Delay = 0.00>

State 5 <SV = 4> <Delay = 0.00>
ST_5 : Operation 88 [1/1] (0.00ns)   --->   "br label %.preheader5"   --->   Operation 88 'br' <Predicate = true> <Delay = 0.00>

State 6 <SV = 2> <Delay = 3.93>
ST_6 : Operation 89 [1/1] (0.00ns)   --->   "%row_0 = phi i10 [ %row, %L2_end ], [ 0, %.preheader.preheader ]"   --->   Operation 89 'phi' 'row_0' <Predicate = true> <Delay = 0.00>
ST_6 : Operation 90 [1/1] (0.00ns)   --->   "%zext_ln46 = zext i10 %row_0 to i11" [./source/course_prj.c:46]   --->   Operation 90 'zext' 'zext_ln46' <Predicate = true> <Delay = 0.00>
ST_6 : Operation 91 [1/1] (1.70ns)   --->   "%icmp_ln46 = icmp eq i10 %row_0, -383" [./source/course_prj.c:46]   --->   Operation 91 'icmp' 'icmp_ln46' <Predicate = true> <Delay = 1.70> <Core = "Cmp">   --->   Core 25 'Cmp' <Latency = 0> <II = 1> <Delay = 0.93> <FuncUnit> <Opcode : 'icmp'> <InPorts = 2> <OutPorts = 1>
ST_6 : Operation 92 [1/1] (0.00ns)   --->   "%empty_7 = call i32 (...)* @_ssdm_op_SpecLoopTripCount(i64 641, i64 641, i64 641) nounwind"   --->   Operation 92 'speclooptripcount' 'empty_7' <Predicate = true> <Delay = 0.00>
ST_6 : Operation 93 [1/1] (2.12ns)   --->   "%row = add i10 %row_0, 1" [./source/course_prj.c:46]   --->   Operation 93 'add' 'row' <Predicate = true> <Delay = 2.12> <Core = "AddSub">   --->   Core 14 'AddSub' <Latency = 0> <II = 1> <Delay = 2.28> <FuncUnit> <Opcode : 'add' 'sub'> <InPorts = 2> <OutPorts = 1>
ST_6 : Operation 94 [1/1] (0.00ns)   --->   "br i1 %icmp_ln46, label %10, label %L2_begin" [./source/course_prj.c:46]   --->   Operation 94 'br' <Predicate = true> <Delay = 0.00>
ST_6 : Operation 95 [1/1] (0.00ns)   --->   "call void (...)* @_ssdm_op_SpecLoopName([3 x i8]* @p_str5) nounwind" [./source/course_prj.c:46]   --->   Operation 95 'specloopname' <Predicate = (!icmp_ln46)> <Delay = 0.00>
ST_6 : Operation 96 [1/1] (0.00ns)   --->   "%tmp = call i32 (...)* @_ssdm_op_SpecRegionBegin([3 x i8]* @p_str5) nounwind" [./source/course_prj.c:46]   --->   Operation 96 'specregionbegin' 'tmp' <Predicate = (!icmp_ln46)> <Delay = 0.00>
ST_6 : Operation 97 [1/1] (1.70ns)   --->   "%icmp_ln50 = icmp ult i10 %row_0, -384" [./source/course_prj.c:50]   --->   Operation 97 'icmp' 'icmp_ln50' <Predicate = (!icmp_ln46)> <Delay = 1.70> <Core = "Cmp">   --->   Core 25 'Cmp' <Latency = 0> <II = 1> <Delay = 0.93> <FuncUnit> <Opcode : 'icmp'> <InPorts = 2> <OutPorts = 1>
ST_6 : Operation 98 [1/1] (1.70ns)   --->   "%icmp_ln68 = icmp ne i10 %row_0, 0" [./source/course_prj.c:68]   --->   Operation 98 'icmp' 'icmp_ln68' <Predicate = (!icmp_ln46)> <Delay = 1.70> <Core = "Cmp">   --->   Core 25 'Cmp' <Latency = 0> <II = 1> <Delay = 0.93> <FuncUnit> <Opcode : 'icmp'> <InPorts = 2> <OutPorts = 1>
ST_6 : Operation 99 [1/1] (2.12ns)   --->   "%outrow = add i11 %zext_ln46, -1" [./source/course_prj.c:69]   --->   Operation 99 'add' 'outrow' <Predicate = (!icmp_ln46)> <Delay = 2.12> <Core = "AddSub">   --->   Core 14 'AddSub' <Latency = 0> <II = 1> <Delay = 2.28> <FuncUnit> <Opcode : 'add' 'sub'> <InPorts = 2> <OutPorts = 1>
ST_6 : Operation 100 [1/1] (1.81ns)   --->   "%icmp_ln73 = icmp eq i11 %outrow, 0" [./source/course_prj.c:73]   --->   Operation 100 'icmp' 'icmp_ln73' <Predicate = (!icmp_ln46)> <Delay = 1.81> <Core = "Cmp">   --->   Core 25 'Cmp' <Latency = 0> <II = 1> <Delay = 0.93> <FuncUnit> <Opcode : 'icmp'> <InPorts = 2> <OutPorts = 1>
ST_6 : Operation 101 [1/1] (1.81ns)   --->   "%icmp_ln73_1 = icmp eq i11 %outrow, 639" [./source/course_prj.c:73]   --->   Operation 101 'icmp' 'icmp_ln73_1' <Predicate = (!icmp_ln46)> <Delay = 1.81> <Core = "Cmp">   --->   Core 25 'Cmp' <Latency = 0> <II = 1> <Delay = 0.93> <FuncUnit> <Opcode : 'icmp'> <InPorts = 2> <OutPorts = 1>
ST_6 : Operation 102 [1/1] (1.66ns)   --->   "br label %2" [./source/course_prj.c:47]   --->   Operation 102 'br' <Predicate = (!icmp_ln46)> <Delay = 1.66>
ST_6 : Operation 103 [1/1] (0.00ns)   --->   "ret void" [./source/course_prj.c:83]   --->   Operation 103 'ret' <Predicate = (icmp_ln46)> <Delay = 0.00>

State 7 <SV = 3> <Delay = 4.61>
ST_7 : Operation 104 [1/1] (0.00ns)   --->   "%col_0 = phi i9 [ 0, %L2_begin ], [ %col, %L1_end ]"   --->   Operation 104 'phi' 'col_0' <Predicate = true> <Delay = 0.00>
ST_7 : Operation 105 [1/1] (1.58ns)   --->   "%icmp_ln47 = icmp eq i9 %col_0, -31" [./source/course_prj.c:47]   --->   Operation 105 'icmp' 'icmp_ln47' <Predicate = true> <Delay = 1.58> <Core = "Cmp">   --->   Core 25 'Cmp' <Latency = 0> <II = 1> <Delay = 0.93> <FuncUnit> <Opcode : 'icmp'> <InPorts = 2> <OutPorts = 1>
ST_7 : Operation 106 [1/1] (0.00ns)   --->   "%empty_8 = call i32 (...)* @_ssdm_op_SpecLoopTripCount(i64 481, i64 481, i64 481) nounwind"   --->   Operation 106 'speclooptripcount' 'empty_8' <Predicate = true> <Delay = 0.00>
ST_7 : Operation 107 [1/1] (2.11ns)   --->   "%col = add i9 %col_0, 1" [./source/course_prj.c:47]   --->   Operation 107 'add' 'col' <Predicate = true> <Delay = 2.11> <Core = "AddSub">   --->   Core 14 'AddSub' <Latency = 0> <II = 1> <Delay = 2.28> <FuncUnit> <Opcode : 'add' 'sub'> <InPorts = 2> <OutPorts = 1>
ST_7 : Operation 108 [1/1] (0.00ns)   --->   "br i1 %icmp_ln47, label %L2_end, label %L1_begin" [./source/course_prj.c:47]   --->   Operation 108 'br' <Predicate = true> <Delay = 0.00>
ST_7 : Operation 109 [1/1] (0.00ns)   --->   "call void (...)* @_ssdm_op_SpecLoopName([3 x i8]* @p_str6) nounwind" [./source/course_prj.c:47]   --->   Operation 109 'specloopname' <Predicate = (!icmp_ln47)> <Delay = 0.00>
ST_7 : Operation 110 [1/1] (0.00ns)   --->   "%tmp_1 = call i32 (...)* @_ssdm_op_SpecRegionBegin([3 x i8]* @p_str6) nounwind" [./source/course_prj.c:47]   --->   Operation 110 'specregionbegin' 'tmp_1' <Predicate = (!icmp_ln47)> <Delay = 0.00>
ST_7 : Operation 111 [1/1] (1.58ns)   --->   "%icmp_ln50_1 = icmp ult i9 %col_0, -32" [./source/course_prj.c:50]   --->   Operation 111 'icmp' 'icmp_ln50_1' <Predicate = (!icmp_ln47)> <Delay = 1.58> <Core = "Cmp">   --->   Core 25 'Cmp' <Latency = 0> <II = 1> <Delay = 0.93> <FuncUnit> <Opcode : 'icmp'> <InPorts = 2> <OutPorts = 1>
ST_7 : Operation 112 [1/1] (0.97ns)   --->   "%and_ln50 = and i1 %icmp_ln50, %icmp_ln50_1" [./source/course_prj.c:50]   --->   Operation 112 'and' 'and_ln50' <Predicate = (!icmp_ln47)> <Delay = 0.97> <Core = "LogicGate">   --->   Core 27 'LogicGate' <Latency = 0> <II = 1> <Delay = 0.97> <FuncUnit> <Opcode : 'and' 'or' 'xor'> <InPorts = 2> <OutPorts = 1>
ST_7 : Operation 113 [1/1] (1.66ns)   --->   "br i1 %and_ln50, label %3, label %._crit_edge" [./source/course_prj.c:50]   --->   Operation 113 'br' <Predicate = (!icmp_ln47)> <Delay = 1.66>
ST_7 : Operation 114 [1/1] (2.95ns)   --->   "%pixel = call i8 @_ssdm_op_Read.ap_fifo.volatile.i8P(i8* %inImage) nounwind" [./source/course_prj.c:51]   --->   Operation 114 'read' 'pixel' <Predicate = (!icmp_ln47 & and_ln50)> <Delay = 2.95> <Core = "FIFO">   --->   Core 32 'FIFO' <Latency = 0> <II = 1> <Delay = 3.90> <Storage> <Opcode : 'read' 'write' 'nbread' 'nbwrite'> <Ports = 0> <Width = 8> <Depth = 0> <FIFO>
ST_7 : Operation 115 [1/1] (1.66ns)   --->   "br label %._crit_edge" [./source/course_prj.c:52]   --->   Operation 115 'br' <Predicate = (!icmp_ln47 & and_ln50)> <Delay = 1.66>
ST_7 : Operation 116 [1/1] (0.00ns)   --->   "%window_2_2 = phi i8 [ %pixel, %3 ], [ 0, %L1_begin ]"   --->   Operation 116 'phi' 'window_2_2' <Predicate = (!icmp_ln47)> <Delay = 0.00>
ST_7 : Operation 117 [1/1] (1.66ns)   --->   "br label %branch0" [./source/course_prj.c:55]   --->   Operation 117 'br' <Predicate = (!icmp_ln47)> <Delay = 1.66>
ST_7 : Operation 118 [1/1] (0.00ns)   --->   "%empty_12 = call i32 (...)* @_ssdm_op_SpecRegionEnd([3 x i8]* @p_str5, i32 %tmp) nounwind" [./source/course_prj.c:81]   --->   Operation 118 'specregionend' 'empty_12' <Predicate = (icmp_ln47)> <Delay = 0.00>
ST_7 : Operation 119 [1/1] (0.00ns)   --->   "br label %.preheader" [./source/course_prj.c:46]   --->   Operation 119 'br' <Predicate = (icmp_ln47)> <Delay = 0.00>

State 8 <SV = 4> <Delay = 3.25>
ST_8 : Operation 120 [1/1] (0.00ns)   --->   "%i1_0 = phi i2 [ 0, %._crit_edge ], [ %i_1, %branch0.backedge ]"   --->   Operation 120 'phi' 'i1_0' <Predicate = true> <Delay = 0.00>
ST_8 : Operation 121 [1/1] (0.93ns)   --->   "%icmp_ln55 = icmp eq i2 %i1_0, -1" [./source/course_prj.c:55]   --->   Operation 121 'icmp' 'icmp_ln55' <Predicate = true> <Delay = 0.93> <Core = "Cmp">   --->   Core 25 'Cmp' <Latency = 0> <II = 1> <Delay = 0.93> <FuncUnit> <Opcode : 'icmp'> <InPorts = 2> <OutPorts = 1>
ST_8 : Operation 122 [1/1] (0.00ns)   --->   "%empty_9 = call i32 (...)* @_ssdm_op_SpecLoopTripCount(i64 3, i64 3, i64 3) nounwind"   --->   Operation 122 'speclooptripcount' 'empty_9' <Predicate = true> <Delay = 0.00>
ST_8 : Operation 123 [1/1] (1.58ns)   --->   "%i_1 = add i2 %i1_0, 1" [./source/course_prj.c:55]   --->   Operation 123 'add' 'i_1' <Predicate = true> <Delay = 1.58> <Core = "AddSub">   --->   Core 14 'AddSub' <Latency = 0> <II = 1> <Delay = 2.28> <FuncUnit> <Opcode : 'add' 'sub'> <InPorts = 2> <OutPorts = 1>
ST_8 : Operation 124 [1/1] (0.00ns)   --->   "br i1 %icmp_ln55, label %5, label %4" [./source/course_prj.c:55]   --->   Operation 124 'br' <Predicate = true> <Delay = 0.00>
ST_8 : Operation 125 [1/1] (0.00ns)   --->   "%window_2_1_load = load i8* %window_2_1" [./source/course_prj.c:56]   --->   Operation 125 'load' 'window_2_1_load' <Predicate = (!icmp_ln55)> <Delay = 0.00>
ST_8 : Operation 126 [1/1] (0.00ns)   --->   "%window_0_2_1_load = load i8* %window_0_2_1" [./source/course_prj.c:57]   --->   Operation 126 'load' 'window_0_2_1_load' <Predicate = (!icmp_ln55)> <Delay = 0.00>
ST_8 : Operation 127 [1/1] (0.00ns)   --->   "%window_2_1_1_load = load i8* %window_2_1_1" [./source/course_prj.c:56]   --->   Operation 127 'load' 'window_2_1_1_load' <Predicate = (!icmp_ln55)> <Delay = 0.00>
ST_8 : Operation 128 [1/1] (0.00ns)   --->   "%window_1_2_1_load = load i8* %window_1_2_1" [./source/course_prj.c:57]   --->   Operation 128 'load' 'window_1_2_1_load' <Predicate = (!icmp_ln55)> <Delay = 0.00>
ST_8 : Operation 129 [1/1] (0.00ns)   --->   "%window_2_1_2_load = load i8* %window_2_1_2" [./source/course_prj.c:56]   --->   Operation 129 'load' 'window_2_1_2_load' <Predicate = (!icmp_ln55)> <Delay = 0.00>
ST_8 : Operation 130 [1/1] (0.00ns)   --->   "%window_2_2_1_load = load i8* %window_2_2_1" [./source/course_prj.c:57]   --->   Operation 130 'load' 'window_2_2_1_load' <Predicate = (!icmp_ln55)> <Delay = 0.00>
ST_8 : Operation 131 [1/1] (1.78ns)   --->   "%window_0_0 = call i8 @_ssdm_op_Mux.ap_auto.3i8.i2(i8 %window_2_1_load, i8 %window_2_1_1_load, i8 %window_2_1_2_load, i2 %i1_0) nounwind" [./source/course_prj.c:56]   --->   Operation 131 'mux' 'window_0_0' <Predicate = (!icmp_ln55)> <Delay = 1.78> <Core = "MuxnS">   --->   Core 31 'MuxnS' <Latency = 0> <II = 1> <Delay = 1.78> <FuncUnit> <Opcode : 'mux'> <InPorts = 2> <OutPorts = 1>
ST_8 : Operation 132 [1/1] (1.78ns)   --->   "%window_0_1 = call i8 @_ssdm_op_Mux.ap_auto.3i8.i2(i8 %window_0_2_1_load, i8 %window_1_2_1_load, i8 %window_2_2_1_load, i2 %i1_0) nounwind" [./source/course_prj.c:57]   --->   Operation 132 'mux' 'window_0_1' <Predicate = (!icmp_ln55)> <Delay = 1.78> <Core = "MuxnS">   --->   Core 31 'MuxnS' <Latency = 0> <II = 1> <Delay = 1.78> <FuncUnit> <Opcode : 'mux'> <InPorts = 2> <OutPorts = 1>
ST_8 : Operation 133 [1/1] (1.18ns)   --->   "switch i2 %i1_0, label %branch2 [
    i2 0, label %.branch0.backedge_crit_edge
    i2 1, label %branch1
  ]" [./source/course_prj.c:56]   --->   Operation 133 'switch' <Predicate = (!icmp_ln55)> <Delay = 1.18>
ST_8 : Operation 134 [1/1] (0.00ns)   --->   "store i8 %window_0_1, i8* %window_2_1_1" [./source/course_prj.c:57]   --->   Operation 134 'store' <Predicate = (!icmp_ln55 & i1_0 == 1)> <Delay = 0.00>
ST_8 : Operation 135 [1/1] (0.00ns)   --->   "store i8 %window_0_0, i8* %window_2_0_1" [./source/course_prj.c:56]   --->   Operation 135 'store' <Predicate = (!icmp_ln55 & i1_0 == 1)> <Delay = 0.00>
ST_8 : Operation 136 [1/1] (0.00ns)   --->   "br label %branch0.backedge"   --->   Operation 136 'br' <Predicate = (!icmp_ln55 & i1_0 == 1)> <Delay = 0.00>
ST_8 : Operation 137 [1/1] (0.00ns)   --->   "store i8 %window_0_1, i8* %window_2_1" [./source/course_prj.c:56]   --->   Operation 137 'store' <Predicate = (!icmp_ln55 & i1_0 == 0)> <Delay = 0.00>
ST_8 : Operation 138 [1/1] (0.00ns)   --->   "store i8 %window_0_0, i8* %window_2_0" [./source/course_prj.c:56]   --->   Operation 138 'store' <Predicate = (!icmp_ln55 & i1_0 == 0)> <Delay = 0.00>
ST_8 : Operation 139 [1/1] (0.00ns)   --->   "br label %branch0.backedge" [./source/course_prj.c:56]   --->   Operation 139 'br' <Predicate = (!icmp_ln55 & i1_0 == 0)> <Delay = 0.00>
ST_8 : Operation 140 [1/1] (0.00ns)   --->   "store i8 %window_0_1, i8* %window_2_1_2" [./source/course_prj.c:57]   --->   Operation 140 'store' <Predicate = (!icmp_ln55 & i1_0 != 0 & i1_0 != 1)> <Delay = 0.00>
ST_8 : Operation 141 [1/1] (0.00ns)   --->   "store i8 %window_0_0, i8* %window_2_0_2" [./source/course_prj.c:56]   --->   Operation 141 'store' <Predicate = (!icmp_ln55 & i1_0 != 0 & i1_0 != 1)> <Delay = 0.00>
ST_8 : Operation 142 [1/1] (0.00ns)   --->   "br label %branch0.backedge"   --->   Operation 142 'br' <Predicate = (!icmp_ln55 & i1_0 != 0 & i1_0 != 1)> <Delay = 0.00>
ST_8 : Operation 143 [1/1] (0.00ns)   --->   "br label %branch0"   --->   Operation 143 'br' <Predicate = (!icmp_ln55)> <Delay = 0.00>
ST_8 : Operation 144 [1/1] (0.00ns)   --->   "br i1 %icmp_ln50_1, label %6, label %._crit_edge6" [./source/course_prj.c:61]   --->   Operation 144 'br' <Predicate = (icmp_ln55)> <Delay = 0.00>
ST_8 : Operation 145 [1/1] (0.00ns)   --->   "%zext_ln62 = zext i9 %col_0 to i64" [./source/course_prj.c:62]   --->   Operation 145 'zext' 'zext_ln62' <Predicate = (icmp_ln55 & icmp_ln50_1)> <Delay = 0.00>
ST_8 : Operation 146 [1/1] (0.00ns)   --->   "%part_buffer_0_addr = getelementptr [480 x i8]* %part_buffer_0, i64 0, i64 %zext_ln62" [./source/course_prj.c:62]   --->   Operation 146 'getelementptr' 'part_buffer_0_addr' <Predicate = (icmp_ln55 & icmp_ln50_1)> <Delay = 0.00>
ST_8 : Operation 147 [1/1] (0.00ns)   --->   "%part_buffer_1_addr = getelementptr [480 x i8]* %part_buffer_1, i64 0, i64 %zext_ln62" [./source/course_prj.c:63]   --->   Operation 147 'getelementptr' 'part_buffer_1_addr' <Predicate = (icmp_ln55 & icmp_ln50_1)> <Delay = 0.00>
ST_8 : Operation 148 [2/2] (3.25ns)   --->   "%window_1_2 = load i8* %part_buffer_1_addr, align 1" [./source/course_prj.c:63]   --->   Operation 148 'load' 'window_1_2' <Predicate = (icmp_ln55 & icmp_ln50_1)> <Delay = 3.25> <Core = "RAM">   --->   Core 37 'RAM' <Latency = 1> <II = 1> <Delay = 3.25> <Storage> <Opcode : 'load' 'store'> <Ports = 2> <Width = 8> <Depth = 480> <RAM>
ST_8 : Operation 149 [1/1] (3.25ns)   --->   "store i8 %window_2_2, i8* %part_buffer_1_addr, align 1" [./source/course_prj.c:64]   --->   Operation 149 'store' <Predicate = (icmp_ln55 & icmp_ln50_1)> <Delay = 3.25> <Core = "RAM">   --->   Core 37 'RAM' <Latency = 1> <II = 1> <Delay = 3.25> <Storage> <Opcode : 'load' 'store'> <Ports = 2> <Width = 8> <Depth = 480> <RAM>
ST_8 : Operation 150 [1/1] (0.00ns)   --->   "store i8 %window_2_2, i8* %window_2_2_1" [./source/course_prj.c:65]   --->   Operation 150 'store' <Predicate = (icmp_ln55 & icmp_ln50_1)> <Delay = 0.00>

State 9 <SV = 5> <Delay = 3.25>
ST_9 : Operation 151 [2/2] (3.25ns)   --->   "%window_0_2 = load i8* %part_buffer_0_addr, align 1" [./source/course_prj.c:62]   --->   Operation 151 'load' 'window_0_2' <Predicate = true> <Delay = 3.25> <Core = "RAM">   --->   Core 37 'RAM' <Latency = 1> <II = 1> <Delay = 3.25> <Storage> <Opcode : 'load' 'store'> <Ports = 2> <Width = 8> <Depth = 480> <RAM>
ST_9 : Operation 152 [1/2] (3.25ns)   --->   "%window_1_2 = load i8* %part_buffer_1_addr, align 1" [./source/course_prj.c:63]   --->   Operation 152 'load' 'window_1_2' <Predicate = true> <Delay = 3.25> <Core = "RAM">   --->   Core 37 'RAM' <Latency = 1> <II = 1> <Delay = 3.25> <Storage> <Opcode : 'load' 'store'> <Ports = 2> <Width = 8> <Depth = 480> <RAM>
ST_9 : Operation 153 [1/1] (0.00ns)   --->   "store i8 %window_1_2, i8* %window_1_2_1" [./source/course_prj.c:65]   --->   Operation 153 'store' <Predicate = true> <Delay = 0.00>

State 10 <SV = 6> <Delay = 4.68>
ST_10 : Operation 154 [1/2] (3.25ns)   --->   "%window_0_2 = load i8* %part_buffer_0_addr, align 1" [./source/course_prj.c:62]   --->   Operation 154 'load' 'window_0_2' <Predicate = (icmp_ln50_1)> <Delay = 3.25> <Core = "RAM">   --->   Core 37 'RAM' <Latency = 1> <II = 1> <Delay = 3.25> <Storage> <Opcode : 'load' 'store'> <Ports = 2> <Width = 8> <Depth = 480> <RAM>
ST_10 : Operation 155 [1/1] (3.25ns)   --->   "store i8 %window_1_2, i8* %part_buffer_0_addr, align 1" [./source/course_prj.c:63]   --->   Operation 155 'store' <Predicate = (icmp_ln50_1)> <Delay = 3.25> <Core = "RAM">   --->   Core 37 'RAM' <Latency = 1> <II = 1> <Delay = 3.25> <Storage> <Opcode : 'load' 'store'> <Ports = 2> <Width = 8> <Depth = 480> <RAM>
ST_10 : Operation 156 [1/1] (0.00ns)   --->   "store i8 %window_0_2, i8* %window_0_2_1" [./source/course_prj.c:65]   --->   Operation 156 'store' <Predicate = (icmp_ln50_1)> <Delay = 0.00>
ST_10 : Operation 157 [1/1] (0.00ns)   --->   "br label %._crit_edge6" [./source/course_prj.c:65]   --->   Operation 157 'br' <Predicate = (icmp_ln50_1)> <Delay = 0.00>
ST_10 : Operation 158 [1/1] (1.58ns)   --->   "%icmp_ln68_1 = icmp ne i9 %col_0, 0" [./source/course_prj.c:68]   --->   Operation 158 'icmp' 'icmp_ln68_1' <Predicate = true> <Delay = 1.58> <Core = "Cmp">   --->   Core 25 'Cmp' <Latency = 0> <II = 1> <Delay = 0.93> <FuncUnit> <Opcode : 'icmp'> <InPorts = 2> <OutPorts = 1>
ST_10 : Operation 159 [1/1] (0.97ns)   --->   "%and_ln68 = and i1 %icmp_ln68, %icmp_ln68_1" [./source/course_prj.c:68]   --->   Operation 159 'and' 'and_ln68' <Predicate = true> <Delay = 0.97> <Core = "LogicGate">   --->   Core 27 'LogicGate' <Latency = 0> <II = 1> <Delay = 0.97> <FuncUnit> <Opcode : 'and' 'or' 'xor'> <InPorts = 2> <OutPorts = 1>
ST_10 : Operation 160 [1/1] (0.00ns)   --->   "br i1 %and_ln68, label %7, label %L1_end" [./source/course_prj.c:68]   --->   Operation 160 'br' <Predicate = true> <Delay = 0.00>
ST_10 : Operation 161 [1/1] (2.11ns)   --->   "%outcol = add i9 %col_0, -1" [./source/course_prj.c:70]   --->   Operation 161 'add' 'outcol' <Predicate = (and_ln68)> <Delay = 2.11> <Core = "AddSub">   --->   Core 14 'AddSub' <Latency = 0> <II = 1> <Delay = 2.28> <FuncUnit> <Opcode : 'add' 'sub'> <InPorts = 2> <OutPorts = 1>
ST_10 : Operation 162 [1/1] (1.58ns)   --->   "%icmp_ln73_2 = icmp eq i9 %outcol, 0" [./source/course_prj.c:73]   --->   Operation 162 'icmp' 'icmp_ln73_2' <Predicate = (and_ln68)> <Delay = 1.58> <Core = "Cmp">   --->   Core 25 'Cmp' <Latency = 0> <II = 1> <Delay = 0.93> <FuncUnit> <Opcode : 'icmp'> <InPorts = 2> <OutPorts = 1>
ST_10 : Operation 163 [1/1] (1.58ns)   --->   "%icmp_ln73_3 = icmp eq i9 %outcol, -33" [./source/course_prj.c:73]   --->   Operation 163 'icmp' 'icmp_ln73_3' <Predicate = (and_ln68)> <Delay = 1.58> <Core = "Cmp">   --->   Core 25 'Cmp' <Latency = 0> <II = 1> <Delay = 0.93> <FuncUnit> <Opcode : 'icmp'> <InPorts = 2> <OutPorts = 1>
ST_10 : Operation 164 [1/1] (0.00ns) (grouped into LUT with out node or_ln73_2)   --->   "%or_ln73 = or i1 %icmp_ln73, %icmp_ln73_2" [./source/course_prj.c:73]   --->   Operation 164 'or' 'or_ln73' <Predicate = (and_ln68)> <Delay = 0.00> <Core = "LogicGate">   --->   Core 27 'LogicGate' <Latency = 0> <II = 1> <Delay = 0.97> <FuncUnit> <Opcode : 'and' 'or' 'xor'> <InPorts = 2> <OutPorts = 1>
ST_10 : Operation 165 [1/1] (0.00ns) (grouped into LUT with out node or_ln73_2)   --->   "%or_ln73_1 = or i1 %icmp_ln73_1, %icmp_ln73_3" [./source/course_prj.c:73]   --->   Operation 165 'or' 'or_ln73_1' <Predicate = (and_ln68)> <Delay = 0.00> <Core = "LogicGate">   --->   Core 27 'LogicGate' <Latency = 0> <II = 1> <Delay = 0.97> <FuncUnit> <Opcode : 'and' 'or' 'xor'> <InPorts = 2> <OutPorts = 1>
ST_10 : Operation 166 [1/1] (0.97ns) (out node of the LUT)   --->   "%or_ln73_2 = or i1 %or_ln73_1, %or_ln73" [./source/course_prj.c:73]   --->   Operation 166 'or' 'or_ln73_2' <Predicate = (and_ln68)> <Delay = 0.97> <Core = "LogicGate">   --->   Core 27 'LogicGate' <Latency = 0> <II = 1> <Delay = 0.97> <FuncUnit> <Opcode : 'and' 'or' 'xor'> <InPorts = 2> <OutPorts = 1>
ST_10 : Operation 167 [1/1] (0.00ns)   --->   "br i1 %or_ln73_2, label %8, label %.preheader86.preheader" [./source/course_prj.c:73]   --->   Operation 167 'br' <Predicate = (and_ln68)> <Delay = 0.00>
ST_10 : Operation 168 [1/1] (1.66ns)   --->   "br label %.preheader86" [./source/course_prj.c:14->./source/course_prj.c:76]   --->   Operation 168 'br' <Predicate = (and_ln68 & !or_ln73_2)> <Delay = 1.66>
ST_10 : Operation 169 [1/1] (2.95ns)   --->   "call void @_ssdm_op_Write.ap_fifo.volatile.i8P(i8* %outImage, i8 0) nounwind" [./source/course_prj.c:74]   --->   Operation 169 'write' <Predicate = (and_ln68 & or_ln73_2)> <Delay = 2.95> <Core = "FIFO">   --->   Core 32 'FIFO' <Latency = 0> <II = 1> <Delay = 3.90> <Storage> <Opcode : 'read' 'write' 'nbread' 'nbwrite'> <Ports = 0> <Width = 8> <Depth = 0> <FIFO>
ST_10 : Operation 170 [1/1] (0.00ns)   --->   "br label %L1_end" [./source/course_prj.c:75]   --->   Operation 170 'br' <Predicate = (and_ln68 & or_ln73_2)> <Delay = 0.00>

State 11 <SV = 7> <Delay = 3.23>
ST_11 : Operation 171 [1/1] (0.00ns)   --->   "%result_0_i = phi i20 [ %add_ln16_2, %9 ], [ 0, %.preheader86.preheader ]" [./source/course_prj.c:16->./source/course_prj.c:76]   --->   Operation 171 'phi' 'result_0_i' <Predicate = (and_ln68 & !or_ln73_2)> <Delay = 0.00>
ST_11 : Operation 172 [1/1] (0.00ns)   --->   "%i_0_i = phi i2 [ %i_2, %9 ], [ 0, %.preheader86.preheader ]"   --->   Operation 172 'phi' 'i_0_i' <Predicate = (and_ln68 & !or_ln73_2)> <Delay = 0.00>
ST_11 : Operation 173 [1/1] (0.93ns)   --->   "%icmp_ln14 = icmp eq i2 %i_0_i, -1" [./source/course_prj.c:14->./source/course_prj.c:76]   --->   Operation 173 'icmp' 'icmp_ln14' <Predicate = (and_ln68 & !or_ln73_2)> <Delay = 0.93> <Core = "Cmp">   --->   Core 25 'Cmp' <Latency = 0> <II = 1> <Delay = 0.93> <FuncUnit> <Opcode : 'icmp'> <InPorts = 2> <OutPorts = 1>
ST_11 : Operation 174 [1/1] (0.00ns)   --->   "%empty_10 = call i32 (...)* @_ssdm_op_SpecLoopTripCount(i64 3, i64 3, i64 3) nounwind"   --->   Operation 174 'speclooptripcount' 'empty_10' <Predicate = (and_ln68 & !or_ln73_2)> <Delay = 0.00>
ST_11 : Operation 175 [1/1] (1.58ns)   --->   "%i_2 = add i2 %i_0_i, 1" [./source/course_prj.c:14->./source/course_prj.c:76]   --->   Operation 175 'add' 'i_2' <Predicate = (and_ln68 & !or_ln73_2)> <Delay = 1.58> <Core = "AddSub">   --->   Core 14 'AddSub' <Latency = 0> <II = 1> <Delay = 2.28> <FuncUnit> <Opcode : 'add' 'sub'> <InPorts = 2> <OutPorts = 1>
ST_11 : Operation 176 [1/1] (0.00ns)   --->   "br i1 %icmp_ln14, label %filter.exit, label %9" [./source/course_prj.c:14->./source/course_prj.c:76]   --->   Operation 176 'br' <Predicate = (and_ln68 & !or_ln73_2)> <Delay = 0.00>
ST_11 : Operation 177 [1/1] (0.00ns)   --->   "%window_2_1_load_1 = load i8* %window_2_1" [./source/course_prj.c:16->./source/course_prj.c:76]   --->   Operation 177 'load' 'window_2_1_load_1' <Predicate = (and_ln68 & !or_ln73_2 & !icmp_ln14)> <Delay = 0.00>
ST_11 : Operation 178 [1/1] (0.00ns)   --->   "%window_0_2_1_load_1 = load i8* %window_0_2_1" [./source/course_prj.c:16->./source/course_prj.c:76]   --->   Operation 178 'load' 'window_0_2_1_load_1' <Predicate = (and_ln68 & !or_ln73_2 & !icmp_ln14)> <Delay = 0.00>
ST_11 : Operation 179 [1/1] (0.00ns)   --->   "%window_2_1_1_load_1 = load i8* %window_2_1_1" [./source/course_prj.c:16->./source/course_prj.c:76]   --->   Operation 179 'load' 'window_2_1_1_load_1' <Predicate = (and_ln68 & !or_ln73_2 & !icmp_ln14)> <Delay = 0.00>
ST_11 : Operation 180 [1/1] (0.00ns)   --->   "%window_1_2_1_load_1 = load i8* %window_1_2_1" [./source/course_prj.c:16->./source/course_prj.c:76]   --->   Operation 180 'load' 'window_1_2_1_load_1' <Predicate = (and_ln68 & !or_ln73_2 & !icmp_ln14)> <Delay = 0.00>
ST_11 : Operation 181 [1/1] (0.00ns)   --->   "%window_2_1_2_load_1 = load i8* %window_2_1_2" [./source/course_prj.c:16->./source/course_prj.c:76]   --->   Operation 181 'load' 'window_2_1_2_load_1' <Predicate = (and_ln68 & !or_ln73_2 & !icmp_ln14)> <Delay = 0.00>
ST_11 : Operation 182 [1/1] (0.00ns)   --->   "%window_2_2_1_load_1 = load i8* %window_2_2_1" [./source/course_prj.c:16->./source/course_prj.c:76]   --->   Operation 182 'load' 'window_2_2_1_load_1' <Predicate = (and_ln68 & !or_ln73_2 & !icmp_ln14)> <Delay = 0.00>
ST_11 : Operation 183 [1/1] (0.00ns)   --->   "%kernel_2_2_1_load = load i8* %kernel_2_2_1" [./source/course_prj.c:16->./source/course_prj.c:76]   --->   Operation 183 'load' 'kernel_2_2_1_load' <Predicate = (and_ln68 & !or_ln73_2 & !icmp_ln14)> <Delay = 0.00>
ST_11 : Operation 184 [1/1] (0.00ns)   --->   "%kernel_2_2_2_load = load i8* %kernel_2_2_2" [./source/course_prj.c:16->./source/course_prj.c:76]   --->   Operation 184 'load' 'kernel_2_2_2_load' <Predicate = (and_ln68 & !or_ln73_2 & !icmp_ln14)> <Delay = 0.00>
ST_11 : Operation 185 [1/1] (0.00ns)   --->   "%kernel_2_2_4_load = load i8* %kernel_2_2_4" [./source/course_prj.c:16->./source/course_prj.c:76]   --->   Operation 185 'load' 'kernel_2_2_4_load' <Predicate = (and_ln68 & !or_ln73_2 & !icmp_ln14)> <Delay = 0.00>
ST_11 : Operation 186 [1/1] (0.00ns)   --->   "%kernel_2_2_5_load = load i8* %kernel_2_2_5" [./source/course_prj.c:16->./source/course_prj.c:76]   --->   Operation 186 'load' 'kernel_2_2_5_load' <Predicate = (and_ln68 & !or_ln73_2 & !icmp_ln14)> <Delay = 0.00>
ST_11 : Operation 187 [1/1] (0.00ns)   --->   "%kernel_2_2_7_load = load i8* %kernel_2_2_7" [./source/course_prj.c:16->./source/course_prj.c:76]   --->   Operation 187 'load' 'kernel_2_2_7_load' <Predicate = (and_ln68 & !or_ln73_2 & !icmp_ln14)> <Delay = 0.00>
ST_11 : Operation 188 [1/1] (0.00ns)   --->   "%kernel_2_2_8_load = load i8* %kernel_2_2_8" [./source/course_prj.c:16->./source/course_prj.c:76]   --->   Operation 188 'load' 'kernel_2_2_8_load' <Predicate = (and_ln68 & !or_ln73_2 & !icmp_ln14)> <Delay = 0.00>
ST_11 : Operation 189 [1/1] (1.78ns)   --->   "%tmp_4 = call i8 @_ssdm_op_Mux.ap_auto.3i8.i2(i8 %window_2_1_load_1, i8 %window_2_1_1_load_1, i8 %window_2_1_2_load_1, i2 %i_0_i) nounwind" [./source/course_prj.c:16->./source/course_prj.c:76]   --->   Operation 189 'mux' 'tmp_4' <Predicate = (and_ln68 & !or_ln73_2 & !icmp_ln14)> <Delay = 1.78> <Core = "MuxnS">   --->   Core 31 'MuxnS' <Latency = 0> <II = 1> <Delay = 1.78> <FuncUnit> <Opcode : 'mux'> <InPorts = 2> <OutPorts = 1>
ST_11 : Operation 190 [1/1] (1.78ns)   --->   "%tmp_5 = call i8 @_ssdm_op_Mux.ap_auto.3i8.i2(i8 %kernel_2_2_1_load, i8 %kernel_2_2_4_load, i8 %kernel_2_2_7_load, i2 %i_0_i) nounwind" [./source/course_prj.c:16->./source/course_prj.c:76]   --->   Operation 190 'mux' 'tmp_5' <Predicate = (and_ln68 & !or_ln73_2 & !icmp_ln14)> <Delay = 1.78> <Core = "MuxnS">   --->   Core 31 'MuxnS' <Latency = 0> <II = 1> <Delay = 1.78> <FuncUnit> <Opcode : 'mux'> <InPorts = 2> <OutPorts = 1>
ST_11 : Operation 191 [1/1] (1.78ns)   --->   "%tmp_6 = call i8 @_ssdm_op_Mux.ap_auto.3i8.i2(i8 %window_0_2_1_load_1, i8 %window_1_2_1_load_1, i8 %window_2_2_1_load_1, i2 %i_0_i) nounwind" [./source/course_prj.c:16->./source/course_prj.c:76]   --->   Operation 191 'mux' 'tmp_6' <Predicate = (and_ln68 & !or_ln73_2 & !icmp_ln14)> <Delay = 1.78> <Core = "MuxnS">   --->   Core 31 'MuxnS' <Latency = 0> <II = 1> <Delay = 1.78> <FuncUnit> <Opcode : 'mux'> <InPorts = 2> <OutPorts = 1>
ST_11 : Operation 192 [1/1] (0.00ns)   --->   "%zext_ln16_6 = zext i8 %tmp_6 to i16" [./source/course_prj.c:16->./source/course_prj.c:76]   --->   Operation 192 'zext' 'zext_ln16_6' <Predicate = (and_ln68 & !or_ln73_2 & !icmp_ln14)> <Delay = 0.00>
ST_11 : Operation 193 [1/1] (1.78ns)   --->   "%tmp_7 = call i8 @_ssdm_op_Mux.ap_auto.3i8.i2(i8 %kernel_2_2_2_load, i8 %kernel_2_2_5_load, i8 %kernel_2_2_8_load, i2 %i_0_i) nounwind" [./source/course_prj.c:16->./source/course_prj.c:76]   --->   Operation 193 'mux' 'tmp_7' <Predicate = (and_ln68 & !or_ln73_2 & !icmp_ln14)> <Delay = 1.78> <Core = "MuxnS">   --->   Core 31 'MuxnS' <Latency = 0> <II = 1> <Delay = 1.78> <FuncUnit> <Opcode : 'mux'> <InPorts = 2> <OutPorts = 1>
ST_11 : Operation 194 [1/1] (0.00ns)   --->   "%zext_ln16_7 = zext i8 %tmp_7 to i16" [./source/course_prj.c:16->./source/course_prj.c:76]   --->   Operation 194 'zext' 'zext_ln16_7' <Predicate = (and_ln68 & !or_ln73_2 & !icmp_ln14)> <Delay = 0.00>
ST_11 : Operation 195 [3/3] (1.45ns) (grouped into DSP with root node add_ln16)   --->   "%mul_ln16_2 = mul i16 %zext_ln16_6, %zext_ln16_7" [./source/course_prj.c:16->./source/course_prj.c:76]   --->   Operation 195 'mul' 'mul_ln16_2' <Predicate = (and_ln68 & !or_ln73_2 & !icmp_ln14)> <Delay = 1.45> <Core = "DSP48">   --->   Core 88 'DSP48' <Latency = 2> <II = 1> <Delay = 3.88> <IPBlock> <Opcode : 'mul' 'add' 'sub' 'select'> <InPorts = 0> <OutPorts = 1> <Sync> <CReg>
ST_11 : Operation 196 [1/1] (0.00ns)   --->   "%trunc_ln = call i8 @_ssdm_op_PartSelect.i8.i20.i32.i32(i20 %result_0_i, i32 4, i32 11)" [./source/course_prj.c:21->./source/course_prj.c:76]   --->   Operation 196 'partselect' 'trunc_ln' <Predicate = (and_ln68 & !or_ln73_2 & icmp_ln14)> <Delay = 0.00>
ST_11 : Operation 197 [1/1] (2.95ns)   --->   "call void @_ssdm_op_Write.ap_fifo.volatile.i8P(i8* %outImage, i8 %trunc_ln) nounwind" [./source/course_prj.c:76]   --->   Operation 197 'write' <Predicate = (and_ln68 & !or_ln73_2 & icmp_ln14)> <Delay = 2.95> <Core = "FIFO">   --->   Core 32 'FIFO' <Latency = 0> <II = 1> <Delay = 3.90> <Storage> <Opcode : 'read' 'write' 'nbread' 'nbwrite'> <Ports = 0> <Width = 8> <Depth = 0> <FIFO>
ST_11 : Operation 198 [1/1] (0.00ns)   --->   "br label %L1_end"   --->   Operation 198 'br' <Predicate = (and_ln68 & !or_ln73_2 & icmp_ln14)> <Delay = 0.00>
ST_11 : Operation 199 [1/1] (0.00ns)   --->   "%empty_11 = call i32 (...)* @_ssdm_op_SpecRegionEnd([3 x i8]* @p_str6, i32 %tmp_1) nounwind" [./source/course_prj.c:80]   --->   Operation 199 'specregionend' 'empty_11' <Predicate = (icmp_ln14) | (or_ln73_2) | (!and_ln68)> <Delay = 0.00>
ST_11 : Operation 200 [1/1] (0.00ns)   --->   "br label %2" [./source/course_prj.c:47]   --->   Operation 200 'br' <Predicate = (icmp_ln14) | (or_ln73_2) | (!and_ln68)> <Delay = 0.00>

State 12 <SV = 8> <Delay = 4.37>
ST_12 : Operation 201 [1/1] (0.00ns)   --->   "%window_2_0_load = load i8* %window_2_0" [./source/course_prj.c:16->./source/course_prj.c:76]   --->   Operation 201 'load' 'window_2_0_load' <Predicate = true> <Delay = 0.00>
ST_12 : Operation 202 [1/1] (0.00ns)   --->   "%window_2_0_1_load = load i8* %window_2_0_1" [./source/course_prj.c:16->./source/course_prj.c:76]   --->   Operation 202 'load' 'window_2_0_1_load' <Predicate = true> <Delay = 0.00>
ST_12 : Operation 203 [1/1] (0.00ns)   --->   "%window_2_0_2_load = load i8* %window_2_0_2" [./source/course_prj.c:16->./source/course_prj.c:76]   --->   Operation 203 'load' 'window_2_0_2_load' <Predicate = true> <Delay = 0.00>
ST_12 : Operation 204 [1/1] (0.00ns)   --->   "%kernel_2_2_load = load i8* %kernel_2_2" [./source/course_prj.c:16->./source/course_prj.c:76]   --->   Operation 204 'load' 'kernel_2_2_load' <Predicate = true> <Delay = 0.00>
ST_12 : Operation 205 [1/1] (0.00ns)   --->   "%kernel_2_2_3_load = load i8* %kernel_2_2_3" [./source/course_prj.c:16->./source/course_prj.c:76]   --->   Operation 205 'load' 'kernel_2_2_3_load' <Predicate = true> <Delay = 0.00>
ST_12 : Operation 206 [1/1] (0.00ns)   --->   "%kernel_2_2_6_load = load i8* %kernel_2_2_6" [./source/course_prj.c:16->./source/course_prj.c:76]   --->   Operation 206 'load' 'kernel_2_2_6_load' <Predicate = true> <Delay = 0.00>
ST_12 : Operation 207 [1/1] (1.78ns)   --->   "%tmp_2 = call i8 @_ssdm_op_Mux.ap_auto.3i8.i2(i8 %window_2_0_load, i8 %window_2_0_1_load, i8 %window_2_0_2_load, i2 %i_0_i) nounwind" [./source/course_prj.c:16->./source/course_prj.c:76]   --->   Operation 207 'mux' 'tmp_2' <Predicate = true> <Delay = 1.78> <Core = "MuxnS">   --->   Core 31 'MuxnS' <Latency = 0> <II = 1> <Delay = 1.78> <FuncUnit> <Opcode : 'mux'> <InPorts = 2> <OutPorts = 1>
ST_12 : Operation 208 [1/1] (0.00ns)   --->   "%zext_ln16 = zext i8 %tmp_2 to i16" [./source/course_prj.c:16->./source/course_prj.c:76]   --->   Operation 208 'zext' 'zext_ln16' <Predicate = true> <Delay = 0.00>
ST_12 : Operation 209 [1/1] (1.78ns)   --->   "%tmp_3 = call i8 @_ssdm_op_Mux.ap_auto.3i8.i2(i8 %kernel_2_2_load, i8 %kernel_2_2_3_load, i8 %kernel_2_2_6_load, i2 %i_0_i) nounwind" [./source/course_prj.c:16->./source/course_prj.c:76]   --->   Operation 209 'mux' 'tmp_3' <Predicate = true> <Delay = 1.78> <Core = "MuxnS">   --->   Core 31 'MuxnS' <Latency = 0> <II = 1> <Delay = 1.78> <FuncUnit> <Opcode : 'mux'> <InPorts = 2> <OutPorts = 1>
ST_12 : Operation 210 [1/1] (0.00ns)   --->   "%zext_ln16_1 = zext i8 %tmp_3 to i16" [./source/course_prj.c:16->./source/course_prj.c:76]   --->   Operation 210 'zext' 'zext_ln16_1' <Predicate = true> <Delay = 0.00>
ST_12 : Operation 211 [3/3] (1.45ns) (grouped into DSP with root node add_ln16_1)   --->   "%mul_ln16 = mul i16 %zext_ln16, %zext_ln16_1" [./source/course_prj.c:16->./source/course_prj.c:76]   --->   Operation 211 'mul' 'mul_ln16' <Predicate = true> <Delay = 1.45> <Core = "DSP48">   --->   Core 88 'DSP48' <Latency = 2> <II = 1> <Delay = 3.88> <IPBlock> <Opcode : 'mul' 'add' 'sub' 'select'> <InPorts = 0> <OutPorts = 1> <Sync> <CReg>
ST_12 : Operation 212 [1/1] (0.00ns)   --->   "%zext_ln16_3 = zext i8 %tmp_4 to i16" [./source/course_prj.c:16->./source/course_prj.c:76]   --->   Operation 212 'zext' 'zext_ln16_3' <Predicate = true> <Delay = 0.00>
ST_12 : Operation 213 [1/1] (0.00ns)   --->   "%zext_ln16_4 = zext i8 %tmp_5 to i16" [./source/course_prj.c:16->./source/course_prj.c:76]   --->   Operation 213 'zext' 'zext_ln16_4' <Predicate = true> <Delay = 0.00>
ST_12 : Operation 214 [1/1] (4.37ns)   --->   "%mul_ln16_1 = mul i16 %zext_ln16_3, %zext_ln16_4" [./source/course_prj.c:16->./source/course_prj.c:76]   --->   Operation 214 'mul' 'mul_ln16_1' <Predicate = true> <Delay = 4.37> <Core = "Mul">   --->   Core 16 'Mul' <Latency = 0> <II = 1> <Delay = 4.37> <FuncUnit> <Opcode : 'mul'> <InPorts = 2> <OutPorts = 1>
ST_12 : Operation 215 [2/3] (1.45ns) (grouped into DSP with root node add_ln16)   --->   "%mul_ln16_2 = mul i16 %zext_ln16_6, %zext_ln16_7" [./source/course_prj.c:16->./source/course_prj.c:76]   --->   Operation 215 'mul' 'mul_ln16_2' <Predicate = true> <Delay = 1.45> <Core = "DSP48">   --->   Core 88 'DSP48' <Latency = 2> <II = 1> <Delay = 3.88> <IPBlock> <Opcode : 'mul' 'add' 'sub' 'select'> <InPorts = 0> <OutPorts = 1> <Sync> <CReg>

State 13 <SV = 9> <Delay = 3.82>
ST_13 : Operation 216 [2/3] (1.45ns) (grouped into DSP with root node add_ln16_1)   --->   "%mul_ln16 = mul i16 %zext_ln16, %zext_ln16_1" [./source/course_prj.c:16->./source/course_prj.c:76]   --->   Operation 216 'mul' 'mul_ln16' <Predicate = true> <Delay = 1.45> <Core = "DSP48">   --->   Core 88 'DSP48' <Latency = 2> <II = 1> <Delay = 3.88> <IPBlock> <Opcode : 'mul' 'add' 'sub' 'select'> <InPorts = 0> <OutPorts = 1> <Sync> <CReg>
ST_13 : Operation 217 [1/1] (0.00ns)   --->   "%zext_ln16_5 = zext i16 %mul_ln16_1 to i17" [./source/course_prj.c:16->./source/course_prj.c:76]   --->   Operation 217 'zext' 'zext_ln16_5' <Predicate = true> <Delay = 0.00>
ST_13 : Operation 218 [1/3] (0.00ns) (grouped into DSP with root node add_ln16)   --->   "%mul_ln16_2 = mul i16 %zext_ln16_6, %zext_ln16_7" [./source/course_prj.c:16->./source/course_prj.c:76]   --->   Operation 218 'mul' 'mul_ln16_2' <Predicate = true> <Delay = 0.00> <Core = "DSP48">   --->   Core 88 'DSP48' <Latency = 2> <II = 1> <Delay = 3.88> <IPBlock> <Opcode : 'mul' 'add' 'sub' 'select'> <InPorts = 0> <OutPorts = 1> <Sync> <CReg>
ST_13 : Operation 219 [1/1] (0.00ns) (grouped into DSP with root node add_ln16)   --->   "%zext_ln16_8 = zext i16 %mul_ln16_2 to i17" [./source/course_prj.c:16->./source/course_prj.c:76]   --->   Operation 219 'zext' 'zext_ln16_8' <Predicate = true> <Delay = 0.00>
ST_13 : Operation 220 [1/1] (3.82ns) (root node of the DSP)   --->   "%add_ln16 = add i17 %zext_ln16_5, %zext_ln16_8" [./source/course_prj.c:16->./source/course_prj.c:76]   --->   Operation 220 'add' 'add_ln16' <Predicate = true> <Delay = 3.82> <Core = "DSP48">   --->   Core 88 'DSP48' <Latency = 2> <II = 1> <Delay = 3.88> <IPBlock> <Opcode : 'mul' 'add' 'sub' 'select'> <InPorts = 0> <OutPorts = 1> <Sync> <CReg>

State 14 <SV = 10> <Delay = 3.82>
ST_14 : Operation 221 [1/3] (0.00ns) (grouped into DSP with root node add_ln16_1)   --->   "%mul_ln16 = mul i16 %zext_ln16, %zext_ln16_1" [./source/course_prj.c:16->./source/course_prj.c:76]   --->   Operation 221 'mul' 'mul_ln16' <Predicate = true> <Delay = 0.00> <Core = "DSP48">   --->   Core 88 'DSP48' <Latency = 2> <II = 1> <Delay = 3.88> <IPBlock> <Opcode : 'mul' 'add' 'sub' 'select'> <InPorts = 0> <OutPorts = 1> <Sync> <CReg>
ST_14 : Operation 222 [1/1] (0.00ns) (grouped into DSP with root node add_ln16_1)   --->   "%zext_ln16_2 = zext i16 %mul_ln16 to i18" [./source/course_prj.c:16->./source/course_prj.c:76]   --->   Operation 222 'zext' 'zext_ln16_2' <Predicate = true> <Delay = 0.00>
ST_14 : Operation 223 [1/1] (0.00ns)   --->   "%zext_ln16_9 = zext i17 %add_ln16 to i18" [./source/course_prj.c:16->./source/course_prj.c:76]   --->   Operation 223 'zext' 'zext_ln16_9' <Predicate = true> <Delay = 0.00>
ST_14 : Operation 224 [1/1] (3.82ns) (root node of the DSP)   --->   "%add_ln16_1 = add i18 %zext_ln16_9, %zext_ln16_2" [./source/course_prj.c:16->./source/course_prj.c:76]   --->   Operation 224 'add' 'add_ln16_1' <Predicate = true> <Delay = 3.82> <Core = "DSP48">   --->   Core 88 'DSP48' <Latency = 2> <II = 1> <Delay = 3.88> <IPBlock> <Opcode : 'mul' 'add' 'sub' 'select'> <InPorts = 0> <OutPorts = 1> <Sync> <CReg>

State 15 <SV = 11> <Delay = 2.28>
ST_15 : Operation 225 [1/1] (0.00ns)   --->   "call void (...)* @_ssdm_op_SpecLoopName([9 x i8]* @p_str) nounwind" [./source/course_prj.c:14->./source/course_prj.c:76]   --->   Operation 225 'specloopname' <Predicate = true> <Delay = 0.00>
ST_15 : Operation 226 [1/1] (0.00ns)   --->   "%zext_ln16_10 = zext i18 %add_ln16_1 to i20" [./source/course_prj.c:16->./source/course_prj.c:76]   --->   Operation 226 'zext' 'zext_ln16_10' <Predicate = true> <Delay = 0.00>
ST_15 : Operation 227 [1/1] (2.28ns)   --->   "%add_ln16_2 = add i20 %result_0_i, %zext_ln16_10" [./source/course_prj.c:16->./source/course_prj.c:76]   --->   Operation 227 'add' 'add_ln16_2' <Predicate = true> <Delay = 2.28> <Core = "AddSub">   --->   Core 14 'AddSub' <Latency = 0> <II = 1> <Delay = 2.28> <FuncUnit> <Opcode : 'add' 'sub'> <InPorts = 2> <OutPorts = 1>
ST_15 : Operation 228 [1/1] (0.00ns)   --->   "br label %.preheader86" [./source/course_prj.c:14->./source/course_prj.c:76]   --->   Operation 228 'br' <Predicate = true> <Delay = 0.00>


============================================================
+ Verbose Summary: Timing violations
============================================================
Target clock period: 6ns, clock uncertainty: 0.1ns.

 <State 1>: 1.66ns
The critical path consists of the following:
	multiplexor before 'phi' operation ('i') with incoming values : ('i', ./source/course_prj.c:38) [23]  (1.66 ns)

 <State 2>: 1.78ns
The critical path consists of the following:
	'phi' operation ('i') with incoming values : ('i', ./source/course_prj.c:38) [23]  (0 ns)
	'sub' operation ('sub_ln40', ./source/course_prj.c:40) [32]  (1.78 ns)

 <State 3>: 4.01ns
The critical path consists of the following:
	'phi' operation ('j') with incoming values : ('j', ./source/course_prj.c:39) [35]  (0 ns)
	'add' operation ('add_ln40', ./source/course_prj.c:40) [42]  (1.86 ns)
	'getelementptr' operation ('gauss_kernel_addr', ./source/course_prj.c:40) [44]  (0 ns)
	'load' operation ('kernel[2][0]', ./source/course_prj.c:40) on array 'gauss_kernel' [45]  (2.15 ns)

 <State 4>: 2.15ns
The critical path consists of the following:
	'load' operation ('kernel[2][0]', ./source/course_prj.c:40) on array 'gauss_kernel' [45]  (2.15 ns)
	'store' operation ('store_ln40', ./source/course_prj.c:40) of variable 'kernel[2][0]', ./source/course_prj.c:40 on local variable 'kernel[2][2]' [78]  (0 ns)

 <State 5>: 0ns
The critical path consists of the following:

 <State 6>: 3.94ns
The critical path consists of the following:
	'phi' operation ('row') with incoming values : ('row', ./source/course_prj.c:46) [96]  (0 ns)
	'add' operation ('outrow', ./source/course_prj.c:69) [107]  (2.12 ns)
	'icmp' operation ('icmp_ln73', ./source/course_prj.c:73) [108]  (1.81 ns)

 <State 7>: 4.61ns
The critical path consists of the following:
	fifo read on port 'inImage' (./source/course_prj.c:51) [124]  (2.95 ns)
	multiplexor before 'phi' operation ('pixel') with incoming values : ('pixel', ./source/course_prj.c:51) [127]  (1.66 ns)
	'phi' operation ('pixel') with incoming values : ('pixel', ./source/course_prj.c:51) [127]  (0 ns)

 <State 8>: 3.26ns
The critical path consists of the following:
	'getelementptr' operation ('part_buffer_1_addr', ./source/course_prj.c:63) [165]  (0 ns)
	'load' operation ('window[1][2]', ./source/course_prj.c:63) on array 'part_buffer[1]', ./source/course_prj.c:44 [166]  (3.26 ns)

 <State 9>: 3.26ns
The critical path consists of the following:
	'load' operation ('window[0][2]', ./source/course_prj.c:62) on array 'part_buffer[0]', ./source/course_prj.c:44 [164]  (3.26 ns)

 <State 10>: 4.68ns
The critical path consists of the following:
	'add' operation ('outcol', ./source/course_prj.c:70) [178]  (2.12 ns)
	'icmp' operation ('icmp_ln73_2', ./source/course_prj.c:73) [179]  (1.59 ns)
	'or' operation ('or_ln73', ./source/course_prj.c:73) [181]  (0 ns)
	'or' operation ('or_ln73_2', ./source/course_prj.c:73) [183]  (0.978 ns)

 <State 11>: 3.24ns
The critical path consists of the following:
	'phi' operation ('i') with incoming values : ('i', ./source/course_prj.c:14->./source/course_prj.c:76) [189]  (0 ns)
	'mux' operation ('tmp_6', ./source/course_prj.c:16->./source/course_prj.c:76) [226]  (1.79 ns)
	'mul' operation of DSP[232] ('mul_ln16_2', ./source/course_prj.c:16->./source/course_prj.c:76) [230]  (1.45 ns)

 <State 12>: 4.37ns
The critical path consists of the following:
	'mul' operation ('mul_ln16_1', ./source/course_prj.c:16->./source/course_prj.c:76) [224]  (4.37 ns)

 <State 13>: 3.82ns
The critical path consists of the following:
	'add' operation of DSP[232] ('add_ln16', ./source/course_prj.c:16->./source/course_prj.c:76) [232]  (3.82 ns)

 <State 14>: 3.82ns
The critical path consists of the following:
	'mul' operation of DSP[234] ('mul_ln16', ./source/course_prj.c:16->./source/course_prj.c:76) [218]  (0 ns)
	'add' operation of DSP[234] ('add_ln16_1', ./source/course_prj.c:16->./source/course_prj.c:76) [234]  (3.82 ns)

 <State 15>: 2.29ns
The critical path consists of the following:
	'add' operation ('add_ln16_2', ./source/course_prj.c:16->./source/course_prj.c:76) [236]  (2.29 ns)


============================================================
+ Verbose Summary: Binding
============================================================
N/A
* FSMD analyzer results:
  - Output states:
 - Input state : 
  - Chain level:
	State 1
	State 2
	State 3
	State 4
	State 5
	State 6
	State 7
	State 8
	State 9
	State 10
	State 11
	State 12
	State 13
	State 14
	State 15


============================================================
+ Verbose Summary: Datapath Resource usage 
============================================================
N/A
