INFO: [SIM 2] *************** CSIM start ***************
INFO: [SIM 4] CSIM will launch GCC as the compiler.
   Compiling(apcc) ../../../../source/lab2_1_test.c in debug mode
INFO: [HLS 200-10] Running '/home/sokrat/tools/Xilinx/Vivado/2020.1/bin/unwrapped/lnx64.o/apcc'
INFO: [HLS 200-10] For user 'sokrat' on host 'Lenovo-V110' (Linux_x86_64 version 5.4.0-59-generic) on Wed Sep 29 10:49:38 MSK 2021
INFO: [HLS 200-10] On os Ubuntu 20.04.1 LTS
INFO: [HLS 200-10] In directory '/home/sokrat/project/learn/Hybridsystem/homework/hw2/lab2_z1/lab2_1_prj/base/csim/build'
INFO: [APCC 202-3] Tmp directory is /tmp/apcc_db_sokrat/5037631632901778364011
INFO: [APCC 202-1] APCC is done.
   Compiling(apcc) ../../../../source/lab2_1.c in debug mode
INFO: [HLS 200-10] Running '/home/sokrat/tools/Xilinx/Vivado/2020.1/bin/unwrapped/lnx64.o/apcc'
INFO: [HLS 200-10] For user 'sokrat' on host 'Lenovo-V110' (Linux_x86_64 version 5.4.0-59-generic) on Wed Sep 29 10:49:47 MSK 2021
INFO: [HLS 200-10] On os Ubuntu 20.04.1 LTS
INFO: [HLS 200-10] In directory '/home/sokrat/project/learn/Hybridsystem/homework/hw2/lab2_z1/lab2_1_prj/base/csim/build'
INFO: [APCC 202-3] Tmp directory is /tmp/apcc_db_sokrat/5038211632901787080087
INFO: [APCC 202-1] APCC is done.
   Generating csim.exe
  expected 126 == got 126 PASS 
  expected 126 == got 126 PASS 
----------Pass!------------
INFO: [SIM 1] CSim done with 0 errors.
INFO: [SIM 3] *************** CSIM finish ***************
