#-----------------------------------------------------------
# Vivado v2020.1 (64-bit)
# SW Build 2902540 on Wed May 27 19:54:35 MDT 2020
# IP Build 2902112 on Wed May 27 22:43:36 MDT 2020
# Start of session at: Sun Nov  7 14:24:47 2021
# Process ID: 724140
# Current directory: /home/sokrat/project/learn/Hybridsystem/homework/hw4+/lab4_z4/lab4_z4m_prj/sol1/sim/verilog
# Command line: vivado -source open_wave.tcl
# Log file: /home/sokrat/project/learn/Hybridsystem/homework/hw4+/lab4_z4/lab4_z4m_prj/sol1/sim/verilog/vivado.log
# Journal file: /home/sokrat/project/learn/Hybridsystem/homework/hw4+/lab4_z4/lab4_z4m_prj/sol1/sim/verilog/vivado.jou
#-----------------------------------------------------------
start_gui
source open_wave.tcl
# current_fileset
INFO: [IP_Flow 19-234] Refreshing IP repositories
INFO: [IP_Flow 19-1704] No user IP repositories specified
INFO: [IP_Flow 19-2313] Loaded Vivado IP repository '/home/sokrat/tools/Xilinx/Vivado/2020.1/data/ip'.
current_fileset: Time (s): cpu = 00:00:09 ; elapsed = 00:00:05 . Memory (MB): peak = 7000.156 ; gain = 34.590 ; free physical = 746 ; free virtual = 6098
# open_wave_database foo_m.wdb
open_wave_config /home/sokrat/project/learn/Hybridsystem/homework/hw4+/lab4_z4/lab4_z4m_prj/sol1/sim/verilog/foo_m.wcfg
close_sim
INFO: [Simtcl 6-16] Simulation closed
exit
INFO: [Common 17-206] Exiting Vivado at Sun Nov  7 14:27:19 2021...
