INFO: [SIM 2] *************** CSIM start ***************
INFO: [SIM 4] CSIM will launch GCC as the compiler.
   Compiling(apcc) ../../../../source/lab3_z2_test.c in debug mode
INFO: [HLS 200-10] Running '/home/sokrat/tools/Xilinx/Vivado/2020.1/bin/unwrapped/lnx64.o/apcc'
INFO: [HLS 200-10] For user 'sokrat' on host 'Lenovo-V110' (Linux_x86_64 version 5.4.0-59-generic) on Fri Oct 08 16:13:00 MSK 2021
INFO: [HLS 200-10] On os Ubuntu 20.04.1 LTS
INFO: [HLS 200-10] In directory '/home/sokrat/project/learn/Hybridsystem/homework/hw3/lab3_z2/lab3_z2_prj/sol1/csim/build'
INFO: [APCC 202-3] Tmp directory is /tmp/apcc_db_sokrat/2419001633698780689739
INFO: [APCC 202-1] APCC is done.
   Compiling(apcc) ../../../../source/lab3_z2s.c in debug mode
INFO: [HLS 200-10] Running '/home/sokrat/tools/Xilinx/Vivado/2020.1/bin/unwrapped/lnx64.o/apcc'
INFO: [HLS 200-10] For user 'sokrat' on host 'Lenovo-V110' (Linux_x86_64 version 5.4.0-59-generic) on Fri Oct 08 16:13:09 MSK 2021
INFO: [HLS 200-10] On os Ubuntu 20.04.1 LTS
INFO: [HLS 200-10] In directory '/home/sokrat/project/learn/Hybridsystem/homework/hw3/lab3_z2/lab3_z2_prj/sol1/csim/build'
INFO: [APCC 202-3] Tmp directory is /tmp/apcc_db_sokrat/2419611633698789452318
INFO: [APCC 202-1] APCC is done.
   Generating csim.exe
----------Pass!------------
INFO: [SIM 1] CSim done with 0 errors.
INFO: [SIM 3] *************** CSIM finish ***************
