INFO: [XSIM 43-3496] Using init file passed via -initfile option "/home/sokrat/tools/Xilinx/Vivado/2020.1/data/xsim/ip/xsim_ip.ini".
Vivado Simulator 2020.1
Copyright 1986-1999, 2001-2020 Xilinx, Inc. All Rights Reserved.
Running: /home/sokrat/tools/Xilinx/Vivado/2020.1/bin/unwrapped/lnx64.o/xelab xil_defaultlib.apatb_find_max_top glbl -prj find_max.prj -L smartconnect_v1_0 -L axi_protocol_checker_v1_1_12 -L axi_protocol_checker_v1_1_13 -L axis_protocol_checker_v1_1_11 -L axis_protocol_checker_v1_1_12 -L xil_defaultlib -L unisims_ver -L xpm --initfile /home/sokrat/tools/Xilinx/Vivado/2020.1/data/xsim/ip/xsim_ip.ini --lib ieee_proposed=./ieee_proposed -s find_max -debug wave 
Multi-threading is on. Using 2 slave threads.
WARNING: [XSIM 43-3431] One or more environment variables have been detected which affect the operation of the C compiler. These are typically not set in standard installations and are not tested by Xilinx, however they may be appropriate for your system, so the flow will attempt to continue.  If errors occur, try running xelab with the "-mt off -v 1" switches to see more information from the C compiler. The following environment variables have been detected:
INFO: [VRFC 10-2263] Analyzing SystemVerilog file "/home/sokrat/project/learn/Hybridsystem/homework/hw2/lab2_z1/lab2_1_prj/ex_sol4/sim/verilog/glbl.v" into library work
INFO: [VRFC 10-311] analyzing module glbl
INFO: [VRFC 10-2263] Analyzing SystemVerilog file "/home/sokrat/project/learn/Hybridsystem/homework/hw2/lab2_z1/lab2_1_prj/ex_sol4/sim/verilog/find_max.autotb.v" into library xil_defaultlib
INFO: [VRFC 10-311] analyzing module apatb_find_max_top
INFO: [VRFC 10-2263] Analyzing SystemVerilog file "/home/sokrat/project/learn/Hybridsystem/homework/hw2/lab2_z1/lab2_1_prj/ex_sol4/sim/verilog/find_max.v" into library xil_defaultlib
INFO: [VRFC 10-311] analyzing module find_max
INFO: [VRFC 10-2263] Analyzing SystemVerilog file "/home/sokrat/project/learn/Hybridsystem/homework/hw2/lab2_z1/lab2_1_prj/ex_sol4/sim/verilog/AESL_automem_a_in.v" into library xil_defaultlib
INFO: [VRFC 10-311] analyzing module AESL_automem_a_in
Starting static elaboration
Pass Through NonSizing Optimizer
Completed static elaboration
Starting simulation data flow analysis
Completed simulation data flow analysis
Time Resolution for simulation is 1ps
Compiling module xil_defaultlib.find_max
Compiling module xil_defaultlib.AESL_automem_a_in
Compiling module xil_defaultlib.apatb_find_max_top
Compiling module work.glbl
Built simulation snapshot find_max
