

================================================================
== Vivado HLS Report for 'gauss_blur'
================================================================
* Date:           Tue Nov 30 11:49:09 2021

* Version:        2020.1 (Build 2897737 on Wed May 27 20:21:37 MDT 2020)
* Project:        course_prj
* Solution:       sol7
* Product family: artix7
* Target device:  xa7a12t-csg325-1Q


================================================================
== Performance Estimates
================================================================
+ Timing: 
    * Summary: 
    +------+---------+----------+------------+
    | Clock|  Target | Estimated| Uncertainty|
    +------+---------+----------+------------+
    |clk   | 6.00 ns | 4.685 ns |   0.10 ns  |
    +------+---------+----------+------------+

+ Latency: 
    * Summary: 
    +---------+---------+-----------+-----------+---------+---------+---------+
    |  Latency (cycles) |   Latency (absolute)  |      Interval     | Pipeline|
    |   min   |   max   |    min    |    max    |   min   |   max   |   Type  |
    +---------+---------+-----------+-----------+---------+---------+---------+
    |  2159564|  7092700| 12.957 ms | 42.556 ms |  2159564|  7092700|   none  |
    +---------+---------+-----------+-----------+---------+---------+---------+

    + Detail: 
        * Instance: 
        N/A

        * Loop: 
        +---------------+---------+---------+--------------+-----------+-----------+------+----------+
        |               |  Latency (cycles) |   Iteration  |  Initiation Interval  | Trip |          |
        |   Loop Name   |   min   |   max   |    Latency   |  achieved |   target  | Count| Pipelined|
        +---------------+---------+---------+--------------+-----------+-----------+------+----------+
        |- Loop 1       |       33|       33|            11|          -|          -|     3|    no    |
        | + Loop 1.1    |        9|        9|             3|          -|          -|     3|    no    |
        |- L2           |  2159529|  7092665| 3369 ~ 11065 |          -|          -|   641|    no    |
        | + L1          |     3367|    11063|    7 ~ 23    |          -|          -|   481|    no    |
        |  ++ L1.1      |        3|        3|             1|          -|          -|     3|    no    |
        |  ++ row_loop  |       15|       15|             5|          -|          -|     3|    no    |
        +---------------+---------+---------+--------------+-----------+-----------+------+----------+



================================================================
== Utilization Estimates
================================================================
* Summary: 
+-----------------+---------+-------+-------+------+-----+
|       Name      | BRAM_18K| DSP48E|   FF  |  LUT | URAM|
+-----------------+---------+-------+-------+------+-----+
|DSP              |        -|      2|      -|     -|    -|
|Expression       |        -|      0|      0|   392|    -|
|FIFO             |        -|      -|      -|     -|    -|
|Instance         |        -|      -|      0|   120|    -|
|Memory           |        2|      -|      0|     0|    0|
|Multiplexer      |        -|      -|      -|   170|    -|
|Register         |        -|      -|    335|     -|    -|
+-----------------+---------+-------+-------+------+-----+
|Total            |        2|      2|    335|   682|    0|
+-----------------+---------+-------+-------+------+-----+
|Available        |       40|     40|  16000|  8000|    0|
+-----------------+---------+-------+-------+------+-----+
|Utilization (%)  |        5|      5|      2|     8|    0|
+-----------------+---------+-------+-------+------+-----+

+ Detail: 
    * Instance: 
    +-------------------------+----------------------+---------+-------+---+----+-----+
    |         Instance        |        Module        | BRAM_18K| DSP48E| FF| LUT| URAM|
    +-------------------------+----------------------+---------+-------+---+----+-----+
    |gauss_blur_mux_32dEe_U1  |gauss_blur_mux_32dEe  |        0|      0|  0|  15|    0|
    |gauss_blur_mux_32dEe_U2  |gauss_blur_mux_32dEe  |        0|      0|  0|  15|    0|
    |gauss_blur_mux_32dEe_U3  |gauss_blur_mux_32dEe  |        0|      0|  0|  15|    0|
    |gauss_blur_mux_32dEe_U4  |gauss_blur_mux_32dEe  |        0|      0|  0|  15|    0|
    |gauss_blur_mux_32dEe_U5  |gauss_blur_mux_32dEe  |        0|      0|  0|  15|    0|
    |gauss_blur_mux_32dEe_U6  |gauss_blur_mux_32dEe  |        0|      0|  0|  15|    0|
    |gauss_blur_mux_32dEe_U7  |gauss_blur_mux_32dEe  |        0|      0|  0|  15|    0|
    |gauss_blur_mux_32dEe_U8  |gauss_blur_mux_32dEe  |        0|      0|  0|  15|    0|
    +-------------------------+----------------------+---------+-------+---+----+-----+
    |Total                    |                      |        0|      0|  0| 120|    0|
    +-------------------------+----------------------+---------+-------+---+----+-----+

    * DSP48E: 
    +--------------------------+----------------------+--------------+
    |         Instance         |        Module        |  Expression  |
    +--------------------------+----------------------+--------------+
    |gauss_blur_mac_mueOg_U9   |gauss_blur_mac_mueOg  | i0 + i1 * i2 |
    |gauss_blur_mac_mufYi_U10  |gauss_blur_mac_mufYi  | i0 + i1 * i2 |
    +--------------------------+----------------------+--------------+

    * Memory: 
    +-----------------+----------------------+---------+---+----+-----+------+-----+------+-------------+
    |      Memory     |        Module        | BRAM_18K| FF| LUT| URAM| Words| Bits| Banks| W*Bits*Banks|
    +-----------------+----------------------+---------+---+----+-----+------+-----+------+-------------+
    |part_buffer_0_U  |gauss_blur_part_bbkb  |        1|  0|   0|    0|   480|    8|     1|         3840|
    |part_buffer_1_U  |gauss_blur_part_bbkb  |        1|  0|   0|    0|   480|    8|     1|         3840|
    +-----------------+----------------------+---------+---+----+-----+------+-----+------+-------------+
    |Total            |                      |        2|  0|   0|    0|   960|   16|     2|         7680|
    +-----------------+----------------------+---------+---+----+-----+------+-----+------+-------------+

    * FIFO: 
    N/A

    * Expression: 
    +----------------------------------+----------+-------+---+----+------------+------------+
    |           Variable Name          | Operation| DSP48E| FF| LUT| Bitwidth P0| Bitwidth P1|
    +----------------------------------+----------+-------+---+----+------------+------------+
    |mul_ln16_1_fu_798_p2              |     *    |      0|  0|  42|           8|           8|
    |add_ln16_2_fu_813_p2              |     +    |      0|  0|  27|          20|          20|
    |add_ln40_fu_389_p2                |     +    |      0|  0|  15|           5|           5|
    |col_fu_496_p2                     |     +    |      0|  0|  16|           9|           1|
    |i_1_fu_519_p2                     |     +    |      0|  0|  10|           2|           1|
    |i_2_fu_651_p2                     |     +    |      0|  0|  10|           2|           1|
    |i_fu_345_p2                       |     +    |      0|  0|  10|           2|           1|
    |j_fu_379_p2                       |     +    |      0|  0|  10|           2|           1|
    |outcol_fu_611_p2                  |     +    |      0|  0|  16|           9|           2|
    |outrow_fu_472_p2                  |     +    |      0|  0|  18|          11|           2|
    |row_fu_454_p2                     |     +    |      0|  0|  17|          10|           1|
    |sub_ln40_fu_367_p2                |     -    |      0|  0|  15|           5|           5|
    |and_ln50_fu_508_p2                |    and   |      0|  0|   2|           1|           1|
    |and_ln68_fu_606_p2                |    and   |      0|  0|   2|           1|           1|
    |ap_block_state10                  |    and   |      0|  0|   2|           1|           1|
    |ap_block_state11                  |    and   |      0|  0|   2|           1|           1|
    |ap_block_state7                   |    and   |      0|  0|   2|           1|           1|
    |ap_condition_143                  |    and   |      0|  0|   2|           1|           1|
    |ap_predicate_op114_read_state7    |    and   |      0|  0|   2|           1|           1|
    |ap_predicate_op169_write_state10  |    and   |      0|  0|   2|           1|           1|
    |ap_predicate_op197_write_state11  |    and   |      0|  0|   2|           1|           1|
    |icmp_ln14_fu_645_p2               |   icmp   |      0|  0|   8|           2|           2|
    |icmp_ln38_fu_339_p2               |   icmp   |      0|  0|   8|           2|           2|
    |icmp_ln39_fu_373_p2               |   icmp   |      0|  0|   8|           2|           2|
    |icmp_ln46_fu_448_p2               |   icmp   |      0|  0|  13|          10|          10|
    |icmp_ln47_fu_490_p2               |   icmp   |      0|  0|  13|           9|           6|
    |icmp_ln50_1_fu_502_p2             |   icmp   |      0|  0|  13|           9|           7|
    |icmp_ln50_fu_460_p2               |   icmp   |      0|  0|  13|          10|          10|
    |icmp_ln55_fu_513_p2               |   icmp   |      0|  0|   8|           2|           2|
    |icmp_ln68_1_fu_600_p2             |   icmp   |      0|  0|  13|           9|           1|
    |icmp_ln68_fu_466_p2               |   icmp   |      0|  0|  13|          10|           1|
    |icmp_ln73_1_fu_484_p2             |   icmp   |      0|  0|  13|          11|          10|
    |icmp_ln73_2_fu_617_p2             |   icmp   |      0|  0|  13|           9|           1|
    |icmp_ln73_3_fu_623_p2             |   icmp   |      0|  0|  13|           9|           7|
    |icmp_ln73_fu_478_p2               |   icmp   |      0|  0|  13|          11|           1|
    |or_ln73_1_fu_634_p2               |    or    |      0|  0|   2|           1|           1|
    |or_ln73_2_fu_639_p2               |    or    |      0|  0|   2|           1|           1|
    |or_ln73_fu_629_p2                 |    or    |      0|  0|   2|           1|           1|
    +----------------------------------+----------+-------+---+----+------------+------------+
    |Total                             |          |      0|  0| 392|         202|         122|
    +----------------------------------+----------+-------+---+----+------------+------------+

    * Multiplexer: 
    +--------------------+----+-----------+-----+-----------+
    |        Name        | LUT| Input Size| Bits| Total Bits|
    +--------------------+----+-----------+-----+-----------+
    |ap_NS_fsm           |  65|         16|    1|         16|
    |col_0_reg_261       |   9|          2|    9|         18|
    |i1_0_reg_286        |   9|          2|    2|          4|
    |i_0_i_reg_309       |   9|          2|    2|          4|
    |i_0_reg_226         |   9|          2|    2|          4|
    |inImage_blk_n       |   9|          2|    1|          2|
    |j_0_reg_238         |   9|          2|    2|          4|
    |outImage_blk_n      |   9|          2|    1|          2|
    |outImage_din        |  15|          3|    8|         24|
    |result_0_i_reg_297  |   9|          2|   20|         40|
    |row_0_reg_250       |   9|          2|   10|         20|
    |window_2_2_reg_273  |   9|          2|    8|         16|
    +--------------------+----+-----------+-----+-----------+
    |Total               | 170|         39|   66|        154|
    +--------------------+----+-----------+-----+-----------+

    * Register: 
    +-----------------------------+----+----+-----+-----------+
    |             Name            | FF | LUT| Bits| Const Bits|
    +-----------------------------+----+----+-----+-----------+
    |add_ln16_1_reg_1091          |  18|   0|   18|          0|
    |add_ln16_reg_1086            |  17|   0|   17|          0|
    |and_ln68_reg_1035            |   1|   0|    1|          0|
    |ap_CS_fsm                    |  15|   0|   15|          0|
    |col_0_reg_261                |   9|   0|    9|          0|
    |col_reg_1000                 |   9|   0|    9|          0|
    |i1_0_reg_286                 |   2|   0|    2|          0|
    |i_0_i_reg_309                |   2|   0|    2|          0|
    |i_0_reg_226                  |   2|   0|    2|          0|
    |i_2_reg_1046                 |   2|   0|    2|          0|
    |i_reg_892                    |   2|   0|    2|          0|
    |icmp_ln50_1_reg_1005         |   1|   0|    1|          0|
    |icmp_ln50_reg_977            |   1|   0|    1|          0|
    |icmp_ln68_reg_982            |   1|   0|    1|          0|
    |icmp_ln73_1_reg_992          |   1|   0|    1|          0|
    |icmp_ln73_reg_987            |   1|   0|    1|          0|
    |j_0_reg_238                  |   2|   0|    2|          0|
    |j_reg_959                    |   2|   0|    2|          0|
    |kernel_2_2_1_fu_100          |   8|   0|    8|          0|
    |kernel_2_2_2_fu_104          |   8|   0|    8|          0|
    |kernel_2_2_3_fu_108          |   8|   0|    8|          0|
    |kernel_2_2_4_fu_112          |   8|   0|    8|          0|
    |kernel_2_2_5_fu_116          |   8|   0|    8|          0|
    |kernel_2_2_6_fu_120          |   8|   0|    8|          0|
    |kernel_2_2_7_fu_124          |   8|   0|    8|          0|
    |kernel_2_2_8_fu_128          |   8|   0|    8|          0|
    |kernel_2_2_fu_96             |   8|   0|    8|          0|
    |mul_ln16_1_reg_1081          |  16|   0|   16|          0|
    |or_ln73_2_reg_1039           |   1|   0|    1|          0|
    |part_buffer_0_addr_reg_1020  |   9|   0|    9|          0|
    |result_0_i_reg_297           |  20|   0|   20|          0|
    |row_0_reg_250                |  10|   0|   10|          0|
    |row_reg_972                  |  10|   0|   10|          0|
    |sub_ln40_reg_897             |   5|   0|    5|          0|
    |tmp_4_reg_1051               |   8|   0|    8|          0|
    |tmp_5_reg_1056               |   8|   0|    8|          0|
    |window_0_2_1_fu_148          |   8|   0|    8|          0|
    |window_1_2_1_fu_160          |   8|   0|    8|          0|
    |window_1_2_reg_1030          |   8|   0|    8|          0|
    |window_2_0_1_fu_152          |   8|   0|    8|          0|
    |window_2_0_2_fu_164          |   8|   0|    8|          0|
    |window_2_0_fu_140            |   8|   0|    8|          0|
    |window_2_1_1_fu_156          |   8|   0|    8|          0|
    |window_2_1_2_fu_168          |   8|   0|    8|          0|
    |window_2_1_fu_144            |   8|   0|    8|          0|
    |window_2_2_1_fu_172          |   8|   0|    8|          0|
    |window_2_2_reg_273           |   8|   0|    8|          0|
    +-----------------------------+----+----+-----+-----------+
    |Total                        | 335|   0|  335|          0|
    +-----------------------------+----+----+-----+-----------+



================================================================
== Interface
================================================================
* Summary: 
+-----------------------+-----+-----+------------+--------------+--------------+
|       RTL Ports       | Dir | Bits|  Protocol  | Source Object|    C Type    |
+-----------------------+-----+-----+------------+--------------+--------------+
|ap_clk                 |  in |    1| ap_ctrl_hs |  gauss_blur  | return value |
|ap_rst                 |  in |    1| ap_ctrl_hs |  gauss_blur  | return value |
|ap_start               |  in |    1| ap_ctrl_hs |  gauss_blur  | return value |
|ap_done                | out |    1| ap_ctrl_hs |  gauss_blur  | return value |
|ap_idle                | out |    1| ap_ctrl_hs |  gauss_blur  | return value |
|ap_ready               | out |    1| ap_ctrl_hs |  gauss_blur  | return value |
|inImage_dout           |  in |    8|   ap_fifo  |    inImage   |    pointer   |
|inImage_empty_n        |  in |    1|   ap_fifo  |    inImage   |    pointer   |
|inImage_read           | out |    1|   ap_fifo  |    inImage   |    pointer   |
|gauss_kernel_address0  | out |    4|  ap_memory | gauss_kernel |     array    |
|gauss_kernel_ce0       | out |    1|  ap_memory | gauss_kernel |     array    |
|gauss_kernel_q0        |  in |    8|  ap_memory | gauss_kernel |     array    |
|outImage_din           | out |    8|   ap_fifo  |   outImage   |    pointer   |
|outImage_full_n        |  in |    1|   ap_fifo  |   outImage   |    pointer   |
|outImage_write         | out |    1|   ap_fifo  |   outImage   |    pointer   |
+-----------------------+-----+-----+------------+--------------+--------------+

