

================================================================
== Vivado HLS Report for 'gauss_blur'
================================================================
* Date:           Mon Nov 29 16:19:00 2021

* Version:        2020.1 (Build 2897737 on Wed May 27 20:21:37 MDT 2020)
* Project:        course_prj
* Solution:       sol2
* Product family: artix7
* Target device:  xa7a12t-csg325-1Q


================================================================
== Performance Estimates
================================================================
+ Timing: 
    * Summary: 
    +------+---------+----------+------------+
    | Clock|  Target | Estimated| Uncertainty|
    +------+---------+----------+------------+
    |clk   | 8.00 ns | 7.661 ns |   0.10 ns  |
    +------+---------+----------+------------+

+ Latency: 
    * Summary: 
    +---------+----------+-----------+-----------+---------+----------+---------+
    |  Latency (cycles)  |   Latency (absolute)  |      Interval      | Pipeline|
    |   min   |    max   |    min    |    max    |   min   |    max   |   Type  |
    +---------+----------+-----------+-----------+---------+----------+---------+
    |  3392839|  13875753| 27.143 ms | 0.111 sec |  3392839|  13875753|   none  |
    +---------+----------+-----------+-----------+---------+----------+---------+

    + Detail: 
        * Instance: 
        N/A

        * Loop: 
        +-----------------+---------+----------+--------------+-----------+-----------+------+----------+
        |                 |  Latency (cycles)  |   Iteration  |  Initiation Interval  | Trip |          |
        |    Loop Name    |   min   |    max   |    Latency   |  achieved |   target  | Count| Pipelined|
        +-----------------+---------+----------+--------------+-----------+-----------+------+----------+
        |- Loop 1         |       24|        24|             8|          -|          -|     3|    no    |
        | + Loop 1.1      |        6|         6|             2|          -|          -|     3|    no    |
        |- L2             |  3392813|  13875727| 5293 ~ 21647 |          -|          -|   641|    no    |
        | + L1            |     5291|     21645|    11 ~ 45   |          -|          -|   481|    no    |
        |  ++ L1.1        |        6|         6|             2|          -|          -|     3|    no    |
        |  ++ row_loop    |       33|        33|            11|          -|          -|     3|    no    |
        |   +++ col_loop  |        9|         9|             3|          -|          -|     3|    no    |
        +-----------------+---------+----------+--------------+-----------+-----------+------+----------+



================================================================
== Utilization Estimates
================================================================
* Summary: 
+-----------------+---------+-------+-------+------+-----+
|       Name      | BRAM_18K| DSP48E|   FF  |  LUT | URAM|
+-----------------+---------+-------+-------+------+-----+
|DSP              |        -|      1|      -|     -|    -|
|Expression       |        -|      -|      0|   607|    -|
|FIFO             |        -|      -|      -|     -|    -|
|Instance         |        -|      -|      -|     -|    -|
|Memory           |        3|      -|     16|     2|    0|
|Multiplexer      |        -|      -|      -|   296|    -|
|Register         |        -|      -|    336|     -|    -|
+-----------------+---------+-------+-------+------+-----+
|Total            |        3|      1|    352|   905|    0|
+-----------------+---------+-------+-------+------+-----+
|Available        |       40|     40|  16000|  8000|    0|
+-----------------+---------+-------+-------+------+-----+
|Utilization (%)  |        7|      2|      2|    11|    0|
+-----------------+---------+-------+-------+------+-----+

+ Detail: 
    * Instance: 
    N/A

    * DSP48E: 
    +-------------------------+----------------------+--------------+
    |         Instance        |        Module        |  Expression  |
    +-------------------------+----------------------+--------------+
    |gauss_blur_mac_mudEe_U1  |gauss_blur_mac_mudEe  | i0 + i1 * i2 |
    +-------------------------+----------------------+--------------+

    * Memory: 
    +-----------------+----------------------+---------+----+----+-----+------+-----+------+-------------+
    |      Memory     |        Module        | BRAM_18K| FF | LUT| URAM| Words| Bits| Banks| W*Bits*Banks|
    +-----------------+----------------------+---------+----+----+-----+------+-----+------+-------------+
    |kernel_U         |gauss_blur_kernel     |        0|  16|   2|    0|     9|    8|     1|           72|
    |part_buffer_0_U  |gauss_blur_part_bbkb  |        1|   0|   0|    0|   480|    8|     1|         3840|
    |part_buffer_1_U  |gauss_blur_part_bbkb  |        1|   0|   0|    0|   480|    8|     1|         3840|
    |window_U         |gauss_blur_window     |        1|   0|   0|    0|     9|    8|     1|           72|
    +-----------------+----------------------+---------+----+----+-----+------+-----+------+-------------+
    |Total            |                      |        3|  16|   2|    0|   978|   32|     4|         7824|
    +-----------------+----------------------+---------+----+----+-----+------+-----+------+-------------+

    * FIFO: 
    N/A

    * Expression: 
    +-----------------------+----------+-------+---+----+------------+------------+
    |     Variable Name     | Operation| DSP48E| FF| LUT| Bitwidth P0| Bitwidth P1|
    +-----------------------+----------+-------+---+----+------------+------------+
    |add_ln16_fu_786_p2     |     +    |      0|  0|  15|           5|           5|
    |add_ln40_fu_432_p2     |     +    |      0|  0|  15|           5|           5|
    |add_ln50_fu_560_p2     |     +    |      0|  0|  27|          20|          20|
    |add_ln55_fu_627_p2     |     +    |      0|  0|  15|           5|           1|
    |add_ln56_fu_638_p2     |     +    |      0|  0|  15|           5|           2|
    |add_ln73_fu_702_p2     |     +    |      0|  0|  27|          20|          20|
    |add_ln75_fu_765_p2     |     +    |      0|  0|  27|          20|          20|
    |col_fu_550_p2          |     +    |      0|  0|  16|           9|           1|
    |i_1_fu_599_p2          |     +    |      0|  0|  10|           2|           1|
    |i_2_fu_718_p2          |     +    |      0|  0|  10|           2|           1|
    |i_fu_388_p2            |     +    |      0|  0|  10|           2|           1|
    |j_1_fu_776_p2          |     +    |      0|  0|  10|           2|           1|
    |j_fu_422_p2            |     +    |      0|  0|  10|           2|           1|
    |outcol_fu_664_p2       |     +    |      0|  0|  16|           9|           2|
    |outrow_fu_500_p2       |     +    |      0|  0|  18|          11|           2|
    |row_fu_452_p2          |     +    |      0|  0|  17|          10|           1|
    |sub_ln16_fu_740_p2     |     -    |      0|  0|  15|           5|           5|
    |sub_ln21_1_fu_811_p2   |     -    |      0|  0|  15|           1|           8|
    |sub_ln21_fu_746_p2     |     -    |      0|  0|  39|           1|          32|
    |sub_ln40_fu_410_p2     |     -    |      0|  0|  15|           5|           5|
    |sub_ln50_fu_488_p2     |     -    |      0|  0|  27|          20|          20|
    |sub_ln55_fu_621_p2     |     -    |      0|  0|  15|           5|           5|
    |sub_ln73_fu_538_p2     |     -    |      0|  0|  27|          20|          20|
    |and_ln49_fu_576_p2     |    and   |      0|  0|   2|           1|           1|
    |and_ln67_fu_659_p2     |    and   |      0|  0|   2|           1|           1|
    |icmp_ln14_fu_712_p2    |   icmp   |      0|  0|   8|           2|           2|
    |icmp_ln15_fu_770_p2    |   icmp   |      0|  0|   8|           2|           2|
    |icmp_ln38_fu_382_p2    |   icmp   |      0|  0|   8|           2|           2|
    |icmp_ln39_fu_416_p2    |   icmp   |      0|  0|   8|           2|           2|
    |icmp_ln45_fu_446_p2    |   icmp   |      0|  0|  13|          10|          10|
    |icmp_ln46_fu_544_p2    |   icmp   |      0|  0|  13|           9|           6|
    |icmp_ln49_1_fu_570_p2  |   icmp   |      0|  0|  13|           9|           7|
    |icmp_ln49_fu_458_p2    |   icmp   |      0|  0|  13|          10|          10|
    |icmp_ln54_fu_593_p2    |   icmp   |      0|  0|   8|           2|           2|
    |icmp_ln67_1_fu_653_p2  |   icmp   |      0|  0|  13|           9|           1|
    |icmp_ln67_fu_494_p2    |   icmp   |      0|  0|  13|          10|           1|
    |icmp_ln72_1_fu_512_p2  |   icmp   |      0|  0|  13|          11|          10|
    |icmp_ln72_2_fu_670_p2  |   icmp   |      0|  0|  13|           9|           1|
    |icmp_ln72_3_fu_676_p2  |   icmp   |      0|  0|  13|           9|           7|
    |icmp_ln72_fu_506_p2    |   icmp   |      0|  0|  13|          11|           1|
    |or_ln72_1_fu_687_p2    |    or    |      0|  0|   2|           1|           1|
    |or_ln72_2_fu_692_p2    |    or    |      0|  0|   2|           1|           1|
    |or_ln72_fu_682_p2      |    or    |      0|  0|   2|           1|           1|
    |select_ln21_fu_826_p3  |  select  |      0|  0|   8|           1|           8|
    |select_ln49_fu_585_p3  |  select  |      0|  0|   8|           1|           8|
    +-----------------------+----------+-------+---+----+------------+------------+
    |Total                  |          |      0|  0| 607|         300|         264|
    +-----------------------+----------+-------+---+----+------------+------------+

    * Multiplexer: 
    +------------------------+----+-----------+-----+-----------+
    |          Name          | LUT| Input Size| Bits| Total Bits|
    +------------------------+----+-----------+-----+-----------+
    |ap_NS_fsm               |  65|         16|    1|         16|
    |col_0_reg_313           |   9|          2|    9|         18|
    |i1_0_reg_325            |   9|          2|    2|          4|
    |i_0_i_reg_348           |   9|          2|    2|          4|
    |i_0_reg_280             |   9|          2|    2|          4|
    |j_0_i_reg_371           |   9|          2|    2|          4|
    |j_0_reg_291             |   9|          2|    2|          4|
    |kernel_address0         |  15|          3|    4|         12|
    |outImage_address0       |  15|          3|   19|         57|
    |outImage_d0             |  15|          3|    8|         24|
    |part_buffer_0_address0  |  15|          3|    9|         27|
    |result_0_i_reg_336      |   9|          2|   32|         64|
    |result_1_i_reg_359      |   9|          2|   32|         64|
    |row_0_reg_302           |   9|          2|   10|         20|
    |window_address0         |  27|          5|    4|         20|
    |window_address1         |  27|          5|    4|         20|
    |window_d0               |  21|          4|    8|         32|
    |window_d1               |  15|          3|    8|         24|
    +------------------------+----+-----------+-----+-----------+
    |Total                   | 296|         63|  158|        418|
    +------------------------+----+-----------+-----+-----------+

    * Register: 
    +----------------------------+----+----+-----+-----------+
    |            Name            | FF | LUT| Bits| Const Bits|
    +----------------------------+----+----+-----+-----------+
    |add_ln75_reg_1025           |  20|   0|   20|          0|
    |and_ln67_reg_994            |   1|   0|    1|          0|
    |ap_CS_fsm                   |  15|   0|   15|          0|
    |col_0_reg_313               |   9|   0|    9|          0|
    |col_reg_935                 |   9|   0|    9|          0|
    |i1_0_reg_325                |   2|   0|    2|          0|
    |i_0_i_reg_348               |   2|   0|    2|          0|
    |i_0_reg_280                 |   2|   0|    2|          0|
    |i_1_reg_964                 |   2|   0|    2|          0|
    |i_2_reg_1010                |   2|   0|    2|          0|
    |i_reg_865                   |   2|   0|    2|          0|
    |icmp_ln49_1_reg_945         |   1|   0|    1|          0|
    |icmp_ln49_reg_901           |   1|   0|    1|          0|
    |icmp_ln67_reg_911           |   1|   0|    1|          0|
    |icmp_ln72_1_reg_921         |   1|   0|    1|          0|
    |icmp_ln72_reg_916           |   1|   0|    1|          0|
    |j_0_i_reg_371               |   2|   0|    2|          0|
    |j_0_reg_291                 |   2|   0|    2|          0|
    |j_1_reg_1033                |   2|   0|    2|          0|
    |j_reg_878                   |   2|   0|    2|          0|
    |kernel_load_reg_1053        |   8|   0|    8|          0|
    |or_ln72_2_reg_1003          |   1|   0|    1|          0|
    |outcol_reg_998              |   9|   0|    9|          0|
    |part_buffer_0_addr_reg_984  |   9|   0|    9|          0|
    |result_0_i_reg_336          |  32|   0|   32|          0|
    |result_1_i_reg_359          |  32|   0|   32|          0|
    |row_0_reg_302               |  10|   0|   10|          0|
    |row_reg_896                 |  10|   0|   10|          0|
    |select_ln49_reg_955         |   8|   0|    8|          0|
    |sext_ln40_reg_883           |  64|   0|   64|          0|
    |sub_ln16_reg_1015           |   5|   0|    5|          0|
    |sub_ln40_reg_870            |   5|   0|    5|          0|
    |sub_ln50_reg_906            |  15|   0|   20|          5|
    |sub_ln55_reg_969            |   5|   0|    5|          0|
    |sub_ln73_reg_926            |  15|   0|   20|          5|
    |trunc_ln21_1_reg_1020       |   8|   0|    8|          0|
    |window_addr_3_reg_974       |   4|   0|    4|          0|
    |window_load_2_reg_1048      |   8|   0|    8|          0|
    |zext_ln50_1_reg_949         |   9|   0|   64|         55|
    +----------------------------+----+----+-----+-----------+
    |Total                       | 336|   0|  401|         65|
    +----------------------------+----+----+-----+-----------+



================================================================
== Interface
================================================================
* Summary: 
+-----------------------+-----+-----+------------+--------------+--------------+
|       RTL Ports       | Dir | Bits|  Protocol  | Source Object|    C Type    |
+-----------------------+-----+-----+------------+--------------+--------------+
|ap_clk                 |  in |    1| ap_ctrl_hs |  gauss_blur  | return value |
|ap_rst                 |  in |    1| ap_ctrl_hs |  gauss_blur  | return value |
|ap_start               |  in |    1| ap_ctrl_hs |  gauss_blur  | return value |
|ap_done                | out |    1| ap_ctrl_hs |  gauss_blur  | return value |
|ap_idle                | out |    1| ap_ctrl_hs |  gauss_blur  | return value |
|ap_ready               | out |    1| ap_ctrl_hs |  gauss_blur  | return value |
|inImage_address0       | out |   19|  ap_memory |    inImage   |     array    |
|inImage_ce0            | out |    1|  ap_memory |    inImage   |     array    |
|inImage_q0             |  in |    8|  ap_memory |    inImage   |     array    |
|gauss_kernel_address0  | out |    4|  ap_memory | gauss_kernel |     array    |
|gauss_kernel_ce0       | out |    1|  ap_memory | gauss_kernel |     array    |
|gauss_kernel_q0        |  in |    8|  ap_memory | gauss_kernel |     array    |
|outImage_address0      | out |   19|  ap_memory |   outImage   |     array    |
|outImage_ce0           | out |    1|  ap_memory |   outImage   |     array    |
|outImage_we0           | out |    1|  ap_memory |   outImage   |     array    |
|outImage_d0            | out |    8|  ap_memory |   outImage   |     array    |
+-----------------------+-----+-----+------------+--------------+--------------+

