#-----------------------------------------------------------
# xsim v2020.1 (64-bit)
# SW Build 2902540 on Wed May 27 19:54:35 MDT 2020
# IP Build 2902112 on Wed May 27 22:43:36 MDT 2020
# Start of session at: Wed Sep 29 10:52:17 2021
# Process ID: 504937
# Current directory: /home/sokrat/project/learn/Hybridsystem/homework/hw2/lab2_z1/lab2_1_prj/ex_sol2/sim/verilog
# Command line: xsim -mode tcl -source {xsim.dir/find_max/xsim_script.tcl}
# Log file: /home/sokrat/project/learn/Hybridsystem/homework/hw2/lab2_z1/lab2_1_prj/ex_sol2/sim/verilog/xsim.log
# Journal file: /home/sokrat/project/learn/Hybridsystem/homework/hw2/lab2_z1/lab2_1_prj/ex_sol2/sim/verilog/xsim.jou
#-----------------------------------------------------------
source xsim.dir/find_max/xsim_script.tcl
# xsim {find_max} -autoloadwcfg -tclbatch {find_max.tcl}
Vivado Simulator 2020.1
Time resolution is 1 ps
source find_max.tcl
## log_wave -r /
WARNING: [Simtcl 6-197] One or more HDL objects could not be logged because of object type or size limitations.  To see details please rerun the command with -verbose (-v).
## set designtopgroup [add_wave_group "Design Top Signals"]
## set coutputgroup [add_wave_group "C Outputs" -into $designtopgroup]
## set return_group [add_wave_group return(wire) -into $coutputgroup]
## add_wave /apatb_find_max_top/AESL_inst_find_max/ap_return -into $return_group -radix hex
## set cinputgroup [add_wave_group "C Inputs" -into $designtopgroup]
## set a_in_group [add_wave_group a_in(memory) -into $cinputgroup]
## add_wave /apatb_find_max_top/AESL_inst_find_max/a_in_q0 -into $a_in_group -radix hex
## add_wave /apatb_find_max_top/AESL_inst_find_max/a_in_ce0 -into $a_in_group -color #ffff00 -radix hex
## add_wave /apatb_find_max_top/AESL_inst_find_max/a_in_address0 -into $a_in_group -radix hex
## set blocksiggroup [add_wave_group "Block-level IO Handshake" -into $designtopgroup]
## add_wave /apatb_find_max_top/AESL_inst_find_max/ap_start -into $blocksiggroup
## add_wave /apatb_find_max_top/AESL_inst_find_max/ap_done -into $blocksiggroup
## add_wave /apatb_find_max_top/AESL_inst_find_max/ap_idle -into $blocksiggroup
## add_wave /apatb_find_max_top/AESL_inst_find_max/ap_ready -into $blocksiggroup
## set resetgroup [add_wave_group "Reset" -into $designtopgroup]
## add_wave /apatb_find_max_top/AESL_inst_find_max/ap_rst -into $resetgroup
## set clockgroup [add_wave_group "Clock" -into $designtopgroup]
## add_wave /apatb_find_max_top/AESL_inst_find_max/ap_clk -into $clockgroup
## set testbenchgroup [add_wave_group "Test Bench Signals"]
## set tbinternalsiggroup [add_wave_group "Internal Signals" -into $testbenchgroup]
## set tb_simstatus_group [add_wave_group "Simulation Status" -into $tbinternalsiggroup]
## set tb_portdepth_group [add_wave_group "Port Depth" -into $tbinternalsiggroup]
## add_wave /apatb_find_max_top/AUTOTB_TRANSACTION_NUM -into $tb_simstatus_group -radix hex
## add_wave /apatb_find_max_top/ready_cnt -into $tb_simstatus_group -radix hex
## add_wave /apatb_find_max_top/done_cnt -into $tb_simstatus_group -radix hex
## add_wave /apatb_find_max_top/LENGTH_a_in -into $tb_portdepth_group -radix hex
## add_wave /apatb_find_max_top/LENGTH_ap_return -into $tb_portdepth_group -radix hex
## set tbcoutputgroup [add_wave_group "C Outputs" -into $testbenchgroup]
## set tb_return_group [add_wave_group return(wire) -into $tbcoutputgroup]
## add_wave /apatb_find_max_top/ap_return -into $tb_return_group -radix hex
## set tbcinputgroup [add_wave_group "C Inputs" -into $testbenchgroup]
## set tb_a_in_group [add_wave_group a_in(memory) -into $tbcinputgroup]
## add_wave /apatb_find_max_top/a_in_q0 -into $tb_a_in_group -radix hex
## add_wave /apatb_find_max_top/a_in_ce0 -into $tb_a_in_group -color #ffff00 -radix hex
## add_wave /apatb_find_max_top/a_in_address0 -into $tb_a_in_group -radix hex
## save_wave_config find_max.wcfg
## run all
////////////////////////////////////////////////////////////////////////////////////
// Inter-Transaction Progress: Completed Transaction / Total Transaction
// Intra-Transaction Progress: Measured Latency / Latency Estimation * 100%
//
// RTL Simulation : "Inter-Transaction Progress" ["Intra-Transaction Progress"] @ "Simulation Time"
////////////////////////////////////////////////////////////////////////////////////
// RTL Simulation : 0 / 2 [0.00%] @ "125000"
// RTL Simulation : 1 / 2 [100.00%] @ "2725000"
// RTL Simulation : 2 / 2 [100.00%] @ "5315000"
////////////////////////////////////////////////////////////////////////////////////
$finish called at time : 5355 ns : File "/home/sokrat/project/learn/Hybridsystem/homework/hw2/lab2_z1/lab2_1_prj/ex_sol2/sim/verilog/find_max.autotb.v" Line 251
## quit
INFO: [Common 17-206] Exiting xsim at Wed Sep 29 10:52:31 2021...
