

================================================================
== Vivado HLS Report for 'gauss_blur'
================================================================
* Date:           Tue Nov 30 11:47:08 2021

* Version:        2020.1 (Build 2897737 on Wed May 27 20:21:37 MDT 2020)
* Project:        course_prj
* Solution:       sol6
* Product family: artix7
* Target device:  xa7a12t-csg325-1Q


================================================================
== Performance Estimates
================================================================
+ Timing: 
    * Summary: 
    +------+---------+----------+------------+
    | Clock|  Target | Estimated| Uncertainty|
    +------+---------+----------+------------+
    |clk   | 6.00 ns | 5.476 ns |   0.10 ns  |
    +------+---------+----------+------------+

+ Latency: 
    * Summary: 
    +---------+----------+-----------+-----------+---------+----------+---------+
    |  Latency (cycles)  |   Latency (absolute)  |      Interval      | Pipeline|
    |   min   |    max   |    min    |    max    |   min   |    max   |   Type  |
    +---------+----------+-----------+-----------+---------+----------+---------+
    |  2159564|  12950799| 12.957 ms | 77.705 ms |  2159564|  12950799|   none  |
    +---------+----------+-----------+-----------+---------+----------+---------+

    + Detail: 
        * Instance: 
        N/A

        * Loop: 
        +-----------------+---------+----------+--------------+-----------+-----------+------+----------+
        |                 |  Latency (cycles)  |   Iteration  |  Initiation Interval  | Trip |          |
        |    Loop Name    |   min   |    max   |    Latency   |  achieved |   target  | Count| Pipelined|
        +-----------------+---------+----------+--------------+-----------+-----------+------+----------+
        |- Loop 1         |       33|        33|            11|          -|          -|     3|    no    |
        | + Loop 1.1      |        9|         9|             3|          -|          -|     3|    no    |
        |- L2             |  2159529|  12950764| 3369 ~ 20204 |          -|          -|   641|    no    |
        | + L1            |     3367|     20202|    7 ~ 42    |          -|          -|   481|    no    |
        |  ++ L1.1        |        3|         3|             1|          -|          -|     3|    no    |
        |  ++ row_loop    |       33|        33|            11|          -|          -|     3|    no    |
        |   +++ col_loop  |        9|         9|             3|          -|          -|     3|    no    |
        +-----------------+---------+----------+--------------+-----------+-----------+------+----------+



================================================================
== Utilization Estimates
================================================================
* Summary: 
+-----------------+---------+-------+-------+------+-----+
|       Name      | BRAM_18K| DSP48E|   FF  |  LUT | URAM|
+-----------------+---------+-------+-------+------+-----+
|DSP              |        -|      1|      -|     -|    -|
|Expression       |        -|      -|      0|   429|    -|
|FIFO             |        -|      -|      -|     -|    -|
|Instance         |        -|      -|      0|   176|    -|
|Memory           |        2|      -|      0|     0|    0|
|Multiplexer      |        -|      -|      -|   188|    -|
|Register         |        -|      -|    328|     -|    -|
+-----------------+---------+-------+-------+------+-----+
|Total            |        2|      1|    328|   793|    0|
+-----------------+---------+-------+-------+------+-----+
|Available        |       40|     40|  16000|  8000|    0|
+-----------------+---------+-------+-------+------+-----+
|Utilization (%)  |        5|      2|      2|     9|    0|
+-----------------+---------+-------+-------+------+-----+

+ Detail: 
    * Instance: 
    +-------------------------+----------------------+---------+-------+---+----+-----+
    |         Instance        |        Module        | BRAM_18K| DSP48E| FF| LUT| URAM|
    +-------------------------+----------------------+---------+-------+---+----+-----+
    |gauss_blur_mux_32dEe_U1  |gauss_blur_mux_32dEe  |        0|      0|  0|  44|    0|
    |gauss_blur_mux_32dEe_U2  |gauss_blur_mux_32dEe  |        0|      0|  0|  44|    0|
    |gauss_blur_mux_94eOg_U3  |gauss_blur_mux_94eOg  |        0|      0|  0|  44|    0|
    |gauss_blur_mux_94eOg_U4  |gauss_blur_mux_94eOg  |        0|      0|  0|  44|    0|
    +-------------------------+----------------------+---------+-------+---+----+-----+
    |Total                    |                      |        0|      0|  0| 176|    0|
    +-------------------------+----------------------+---------+-------+---+----+-----+

    * DSP48E: 
    +-------------------------+----------------------+--------------+
    |         Instance        |        Module        |  Expression  |
    +-------------------------+----------------------+--------------+
    |gauss_blur_mac_mufYi_U5  |gauss_blur_mac_mufYi  | i0 * i1 + i2 |
    +-------------------------+----------------------+--------------+

    * Memory: 
    +-----------------+----------------------+---------+---+----+-----+------+-----+------+-------------+
    |      Memory     |        Module        | BRAM_18K| FF| LUT| URAM| Words| Bits| Banks| W*Bits*Banks|
    +-----------------+----------------------+---------+---+----+-----+------+-----+------+-------------+
    |part_buffer_0_U  |gauss_blur_part_bbkb  |        1|  0|   0|    0|   480|    8|     1|         3840|
    |part_buffer_1_U  |gauss_blur_part_bbkb  |        1|  0|   0|    0|   480|    8|     1|         3840|
    +-----------------+----------------------+---------+---+----+-----+------+-----+------+-------------+
    |Total            |                      |        2|  0|   0|    0|   960|   16|     2|         7680|
    +-----------------+----------------------+---------+---+----+-----+------+-----+------+-------------+

    * FIFO: 
    N/A

    * Expression: 
    +----------------------------------+----------+-------+---+----+------------+------------+
    |           Variable Name          | Operation| DSP48E| FF| LUT| Bitwidth P0| Bitwidth P1|
    +----------------------------------+----------+-------+---+----+------------+------------+
    |add_ln16_fu_777_p2                |     +    |      0|  0|  13|           4|           4|
    |add_ln40_fu_417_p2                |     +    |      0|  0|  15|           5|           5|
    |col_fu_524_p2                     |     +    |      0|  0|  16|           9|           1|
    |i_1_fu_547_p2                     |     +    |      0|  0|  10|           2|           1|
    |i_2_fu_679_p2                     |     +    |      0|  0|  10|           2|           1|
    |i_fu_373_p2                       |     +    |      0|  0|  10|           2|           1|
    |j_1_fu_731_p2                     |     +    |      0|  0|  10|           2|           1|
    |j_fu_407_p2                       |     +    |      0|  0|  10|           2|           1|
    |outcol_fu_639_p2                  |     +    |      0|  0|  16|           9|           2|
    |outrow_fu_500_p2                  |     +    |      0|  0|  18|          11|           2|
    |row_fu_482_p2                     |     +    |      0|  0|  17|          10|           1|
    |sub_ln16_fu_697_p2                |     -    |      0|  0|  13|           4|           4|
    |sub_ln21_1_fu_719_p2              |     -    |      0|  0|  15|           1|           8|
    |sub_ln21_fu_703_p2                |     -    |      0|  0|  39|           1|          32|
    |sub_ln40_fu_395_p2                |     -    |      0|  0|  15|           5|           5|
    |and_ln50_fu_536_p2                |    and   |      0|  0|   2|           1|           1|
    |and_ln68_fu_634_p2                |    and   |      0|  0|   2|           1|           1|
    |ap_block_state10                  |    and   |      0|  0|   2|           1|           1|
    |ap_block_state15                  |    and   |      0|  0|   2|           1|           1|
    |ap_block_state7                   |    and   |      0|  0|   2|           1|           1|
    |ap_condition_140                  |    and   |      0|  0|   2|           1|           1|
    |ap_predicate_op114_read_state7    |    and   |      0|  0|   2|           1|           1|
    |ap_predicate_op169_write_state10  |    and   |      0|  0|   2|           1|           1|
    |ap_predicate_op228_write_state15  |    and   |      0|  0|   2|           1|           1|
    |icmp_ln14_fu_673_p2               |   icmp   |      0|  0|   8|           2|           2|
    |icmp_ln15_fu_725_p2               |   icmp   |      0|  0|   8|           2|           2|
    |icmp_ln38_fu_367_p2               |   icmp   |      0|  0|   8|           2|           2|
    |icmp_ln39_fu_401_p2               |   icmp   |      0|  0|   8|           2|           2|
    |icmp_ln46_fu_476_p2               |   icmp   |      0|  0|  13|          10|          10|
    |icmp_ln47_fu_518_p2               |   icmp   |      0|  0|  13|           9|           6|
    |icmp_ln50_1_fu_530_p2             |   icmp   |      0|  0|  13|           9|           7|
    |icmp_ln50_fu_488_p2               |   icmp   |      0|  0|  13|          10|          10|
    |icmp_ln55_fu_541_p2               |   icmp   |      0|  0|   8|           2|           2|
    |icmp_ln68_1_fu_628_p2             |   icmp   |      0|  0|  13|           9|           1|
    |icmp_ln68_fu_494_p2               |   icmp   |      0|  0|  13|          10|           1|
    |icmp_ln73_1_fu_512_p2             |   icmp   |      0|  0|  13|          11|          10|
    |icmp_ln73_2_fu_645_p2             |   icmp   |      0|  0|  13|           9|           1|
    |icmp_ln73_3_fu_651_p2             |   icmp   |      0|  0|  13|           9|           7|
    |icmp_ln73_fu_506_p2               |   icmp   |      0|  0|  13|          11|           1|
    |or_ln73_1_fu_662_p2               |    or    |      0|  0|   2|           1|           1|
    |or_ln73_2_fu_667_p2               |    or    |      0|  0|   2|           1|           1|
    |or_ln73_fu_657_p2                 |    or    |      0|  0|   2|           1|           1|
    |select_ln21_fu_856_p3             |  select  |      0|  0|   8|           1|           8|
    +----------------------------------+----------+-------+---+----+------------+------------+
    |Total                             |          |      0|  0| 429|         189|         153|
    +----------------------------------+----------+-------+---+----+------------+------------+

    * Multiplexer: 
    +--------------------+----+-----------+-----+-----------+
    |        Name        | LUT| Input Size| Bits| Total Bits|
    +--------------------+----+-----------+-----+-----------+
    |ap_NS_fsm           |  65|         16|    1|         16|
    |col_0_reg_267       |   9|          2|    9|         18|
    |i1_0_reg_292        |   9|          2|    2|          4|
    |i_0_i_reg_315       |   9|          2|    2|          4|
    |i_0_reg_232         |   9|          2|    2|          4|
    |inImage_blk_n       |   9|          2|    1|          2|
    |j_0_i_reg_338       |   9|          2|    2|          4|
    |j_0_reg_244         |   9|          2|    2|          4|
    |outImage_blk_n      |   9|          2|    1|          2|
    |outImage_din        |  15|          3|    8|         24|
    |result_0_i_reg_303  |   9|          2|   32|         64|
    |result_1_i_reg_326  |   9|          2|   32|         64|
    |row_0_reg_256       |   9|          2|   10|         20|
    |window_2_2_reg_279  |   9|          2|    8|         16|
    +--------------------+----+-----------+-----+-----------+
    |Total               | 188|         43|  112|        246|
    +--------------------+----+-----------+-----+-----------+

    * Register: 
    +-----------------------------+----+----+-----+-----------+
    |             Name            | FF | LUT| Bits| Const Bits|
    +-----------------------------+----+----+-----+-----------+
    |and_ln68_reg_1072            |   1|   0|    1|          0|
    |ap_CS_fsm                    |  15|   0|   15|          0|
    |col_0_reg_267                |   9|   0|    9|          0|
    |col_reg_1037                 |   9|   0|    9|          0|
    |i1_0_reg_292                 |   2|   0|    2|          0|
    |i_0_i_reg_315                |   2|   0|    2|          0|
    |i_0_reg_232                  |   2|   0|    2|          0|
    |i_2_reg_1083                 |   2|   0|    2|          0|
    |i_reg_929                    |   2|   0|    2|          0|
    |icmp_ln50_1_reg_1042         |   1|   0|    1|          0|
    |icmp_ln50_reg_1014           |   1|   0|    1|          0|
    |icmp_ln68_reg_1019           |   1|   0|    1|          0|
    |icmp_ln73_1_reg_1029         |   1|   0|    1|          0|
    |icmp_ln73_reg_1024           |   1|   0|    1|          0|
    |j_0_i_reg_338                |   2|   0|    2|          0|
    |j_0_reg_244                  |   2|   0|    2|          0|
    |j_1_reg_1101                 |   2|   0|    2|          0|
    |j_reg_996                    |   2|   0|    2|          0|
    |kernel_2_2_1_fu_106          |   8|   0|    8|          0|
    |kernel_2_2_2_fu_110          |   8|   0|    8|          0|
    |kernel_2_2_3_fu_114          |   8|   0|    8|          0|
    |kernel_2_2_4_fu_118          |   8|   0|    8|          0|
    |kernel_2_2_5_fu_122          |   8|   0|    8|          0|
    |kernel_2_2_6_fu_126          |   8|   0|    8|          0|
    |kernel_2_2_7_fu_130          |   8|   0|    8|          0|
    |kernel_2_2_8_fu_134          |   8|   0|    8|          0|
    |kernel_2_2_fu_102            |   8|   0|    8|          0|
    |or_ln73_2_reg_1076           |   1|   0|    1|          0|
    |part_buffer_0_addr_reg_1057  |   9|   0|    9|          0|
    |result_0_i_reg_303           |  32|   0|   32|          0|
    |result_1_i_reg_326           |  32|   0|   32|          0|
    |row_0_reg_256                |  10|   0|   10|          0|
    |row_reg_1009                 |  10|   0|   10|          0|
    |sub_ln16_reg_1088            |   4|   0|    4|          0|
    |sub_ln21_1_reg_1093          |   8|   0|    8|          0|
    |sub_ln40_reg_934             |   5|   0|    5|          0|
    |window_0_2_1_fu_154          |   8|   0|    8|          0|
    |window_1_2_1_fu_166          |   8|   0|    8|          0|
    |window_1_2_reg_1067          |   8|   0|    8|          0|
    |window_2_0_1_fu_158          |   8|   0|    8|          0|
    |window_2_0_2_fu_170          |   8|   0|    8|          0|
    |window_2_0_fu_146            |   8|   0|    8|          0|
    |window_2_1_1_fu_162          |   8|   0|    8|          0|
    |window_2_1_2_fu_174          |   8|   0|    8|          0|
    |window_2_1_fu_150            |   8|   0|    8|          0|
    |window_2_2_1_fu_178          |   8|   0|    8|          0|
    |window_2_2_reg_279           |   8|   0|    8|          0|
    +-----------------------------+----+----+-----+-----------+
    |Total                        | 328|   0|  328|          0|
    +-----------------------------+----+----+-----+-----------+



================================================================
== Interface
================================================================
* Summary: 
+-----------------------+-----+-----+------------+--------------+--------------+
|       RTL Ports       | Dir | Bits|  Protocol  | Source Object|    C Type    |
+-----------------------+-----+-----+------------+--------------+--------------+
|ap_clk                 |  in |    1| ap_ctrl_hs |  gauss_blur  | return value |
|ap_rst                 |  in |    1| ap_ctrl_hs |  gauss_blur  | return value |
|ap_start               |  in |    1| ap_ctrl_hs |  gauss_blur  | return value |
|ap_done                | out |    1| ap_ctrl_hs |  gauss_blur  | return value |
|ap_idle                | out |    1| ap_ctrl_hs |  gauss_blur  | return value |
|ap_ready               | out |    1| ap_ctrl_hs |  gauss_blur  | return value |
|inImage_dout           |  in |    8|   ap_fifo  |    inImage   |    pointer   |
|inImage_empty_n        |  in |    1|   ap_fifo  |    inImage   |    pointer   |
|inImage_read           | out |    1|   ap_fifo  |    inImage   |    pointer   |
|gauss_kernel_address0  | out |    4|  ap_memory | gauss_kernel |     array    |
|gauss_kernel_ce0       | out |    1|  ap_memory | gauss_kernel |     array    |
|gauss_kernel_q0        |  in |    8|  ap_memory | gauss_kernel |     array    |
|outImage_din           | out |    8|   ap_fifo  |   outImage   |    pointer   |
|outImage_full_n        |  in |    1|   ap_fifo  |   outImage   |    pointer   |
|outImage_write         | out |    1|   ap_fifo  |   outImage   |    pointer   |
+-----------------------+-----+-----+------------+--------------+--------------+

