

================================================================
== Vivado HLS Report for 'Loop_Loop2_proc'
================================================================
* Date:           Sun Nov  7 14:28:05 2021

* Version:        2020.1 (Build 2897737 on Wed May 27 20:21:37 MDT 2020)
* Project:        lab4_z4m_prj
* Solution:       sol1
* Product family: artix7
* Target device:  xa7a12t-csg325-1Q


================================================================
== Performance Estimates
================================================================
+ Timing: 
    * Summary: 
    +------+----------+----------+------------+
    | Clock|  Target  | Estimated| Uncertainty|
    +------+----------+----------+------------+
    |clk   | 10.00 ns | 8.470 ns |   0.10 ns  |
    +------+----------+----------+------------+

+ Latency: 
    * Summary: 
    +---------+---------+----------+----------+-------+-------+---------+
    |  Latency (cycles) |  Latency (absolute) |    Interval   | Pipeline|
    |   min   |   max   |    min   |    max   |  min  |  max  |   Type  |
    +---------+---------+----------+----------+-------+-------+---------+
    |    16388|    16388| 0.164 ms | 0.164 ms |  16388|  16388|   none  |
    +---------+---------+----------+----------+-------+-------+---------+

    + Detail: 
        * Instance: 
        N/A

        * Loop: 
        +----------+---------+---------+----------+-----------+-----------+-------+----------+
        |          |  Latency (cycles) | Iteration|  Initiation Interval  |  Trip |          |
        | Loop Name|   min   |   max   |  Latency |  achieved |   target  | Count | Pipelined|
        +----------+---------+---------+----------+-----------+-----------+-------+----------+
        |- Loop2   |    16386|    16386|         4|          1|          1|  16384|    yes   |
        +----------+---------+---------+----------+-----------+-----------+-------+----------+



================================================================
== Utilization Estimates
================================================================
* Summary: 
+-----------------+---------+-------+-------+------+-----+
|       Name      | BRAM_18K| DSP48E|   FF  |  LUT | URAM|
+-----------------+---------+-------+-------+------+-----+
|DSP              |        -|      -|      -|     -|    -|
|Expression       |        -|      3|      0|    62|    -|
|FIFO             |        -|      -|      -|     -|    -|
|Instance         |        -|      -|      -|     -|    -|
|Memory           |        -|      -|      -|     -|    -|
|Multiplexer      |        -|      -|      -|    66|    -|
|Register         |        0|      -|    263|    64|    -|
+-----------------+---------+-------+-------+------+-----+
|Total            |        0|      3|    263|   192|    0|
+-----------------+---------+-------+-------+------+-----+
|Available        |       40|     40|  16000|  8000|    0|
+-----------------+---------+-------+-------+------+-----+
|Utilization (%)  |        0|      7|      1|     2|    0|
+-----------------+---------+-------+-------+------+-----+

+ Detail: 
    * Instance: 
    N/A

    * DSP48E: 
    N/A

    * Memory: 
    N/A

    * FIFO: 
    N/A

    * Expression: 
    +-------------------------+----------+-------+---+----+------------+------------+
    |      Variable Name      | Operation| DSP48E| FF| LUT| Bitwidth P0| Bitwidth P1|
    +-------------------------+----------+-------+---+----+------------+------------+
    |mul_ln29_fu_150_p2       |     *    |      3|  0|  21|          32|          32|
    |j_fu_138_p2              |     +    |      0|  0|  22|          15|           1|
    |icmp_ln28_fu_132_p2      |   icmp   |      0|  0|  13|          15|          16|
    |ap_block_state1          |    or    |      0|  0|   2|           1|           1|
    |ap_enable_pp0            |    xor   |      0|  0|   2|           1|           2|
    |ap_enable_reg_pp0_iter1  |    xor   |      0|  0|   2|           2|           1|
    +-------------------------+----------+-------+---+----+------------+------------+
    |Total                    |          |      3|  0|  62|          66|          53|
    +-------------------------+----------+-------+---+----+------------+------------+

    * Multiplexer: 
    +-------------------------+----+-----------+-----+-----------+
    |           Name          | LUT| Input Size| Bits| Total Bits|
    +-------------------------+----+-----------+-----+-----------+
    |ap_NS_fsm                |  21|          4|    1|          4|
    |ap_done                  |   9|          2|    1|          2|
    |ap_enable_reg_pp0_iter1  |   9|          2|    1|          2|
    |ap_enable_reg_pp0_iter3  |   9|          2|    1|          2|
    |j_0_i_i_reg_121          |   9|          2|   15|         30|
    |tmp3_loc_blk_n           |   9|          2|    1|          2|
    +-------------------------+----+-----------+-----+-----------+
    |Total                    |  66|         14|   20|         42|
    +-------------------------+----+-----------+-----+-----------+

    * Register: 
    +-------------------------+----+----+-----+-----------+
    |           Name          | FF | LUT| Bits| Const Bits|
    +-------------------------+----+----+-----+-----------+
    |ap_CS_fsm                |   3|   0|    3|          0|
    |ap_done_reg              |   1|   0|    1|          0|
    |ap_enable_reg_pp0_iter0  |   1|   0|    1|          0|
    |ap_enable_reg_pp0_iter1  |   1|   0|    1|          0|
    |ap_enable_reg_pp0_iter2  |   1|   0|    1|          0|
    |ap_enable_reg_pp0_iter3  |   1|   0|    1|          0|
    |icmp_ln28_reg_159        |   1|   0|    1|          0|
    |j_0_i_i_reg_121          |  15|   0|   15|          0|
    |mul_ln29_reg_189         |  32|   0|   32|          0|
    |temp1_load_reg_184       |  32|   0|   32|          0|
    |tmp3_loc_read_reg_154    |  32|   0|   32|          0|
    |zext_ln29_reg_168        |  15|   0|   64|         49|
    |icmp_ln28_reg_159        |  64|  32|    1|          0|
    |zext_ln29_reg_168        |  64|  32|   64|         49|
    +-------------------------+----+----+-----+-----------+
    |Total                    | 263|  64|  249|         98|
    +-------------------------+----+----+-----+-----------+



================================================================
== Interface
================================================================
* Summary: 
+------------------+-----+-----+------------+-----------------+--------------+
|     RTL Ports    | Dir | Bits|  Protocol  |  Source Object  |    C Type    |
+------------------+-----+-----+------------+-----------------+--------------+
|ap_clk            |  in |    1| ap_ctrl_hs | Loop_Loop2_proc | return value |
|ap_rst            |  in |    1| ap_ctrl_hs | Loop_Loop2_proc | return value |
|ap_start          |  in |    1| ap_ctrl_hs | Loop_Loop2_proc | return value |
|ap_done           | out |    1| ap_ctrl_hs | Loop_Loop2_proc | return value |
|ap_continue       |  in |    1| ap_ctrl_hs | Loop_Loop2_proc | return value |
|ap_idle           | out |    1| ap_ctrl_hs | Loop_Loop2_proc | return value |
|ap_ready          | out |    1| ap_ctrl_hs | Loop_Loop2_proc | return value |
|temp1_address0    | out |   14|  ap_memory |      temp1      |     array    |
|temp1_ce0         | out |    1|  ap_memory |      temp1      |     array    |
|temp1_q0          |  in |   32|  ap_memory |      temp1      |     array    |
|tmp3_loc_dout     |  in |   32|   ap_fifo  |     tmp3_loc    |    pointer   |
|tmp3_loc_empty_n  |  in |    1|   ap_fifo  |     tmp3_loc    |    pointer   |
|tmp3_loc_read     | out |    1|   ap_fifo  |     tmp3_loc    |    pointer   |
|temp3_address0    | out |   14|  ap_memory |      temp3      |     array    |
|temp3_ce0         | out |    1|  ap_memory |      temp3      |     array    |
|temp3_we0         | out |    1|  ap_memory |      temp3      |     array    |
|temp3_d0          | out |   32|  ap_memory |      temp3      |     array    |
|temp2_address0    | out |   14|  ap_memory |      temp2      |     array    |
|temp2_ce0         | out |    1|  ap_memory |      temp2      |     array    |
|temp2_q0          |  in |   32|  ap_memory |      temp2      |     array    |
|temp4_address0    | out |   14|  ap_memory |      temp4      |     array    |
|temp4_ce0         | out |    1|  ap_memory |      temp4      |     array    |
|temp4_we0         | out |    1|  ap_memory |      temp4      |     array    |
|temp4_d0          | out |   32|  ap_memory |      temp4      |     array    |
+------------------+-----+-----+------------+-----------------+--------------+

